#
# There is insufficient memory for the Java Runtime Environment to continue.
# Native memory allocation (malloc) failed to allocate 1048576 bytes. Error detail: AllocateHeap
# Possible reasons:
#   The system is out of physical RAM or swap space
#   This process is running with CompressedOops enabled, and the Java Heap may be blocking the growth of the native heap
# Possible solutions:
#   Reduce memory load on the system
#   Increase physical memory or swap space
#   Check if swap backing store is full
#   Decrease Java heap size (-Xmx/-Xms)
#   Decrease number of Java threads
#   Decrease Java thread stack sizes (-Xss)
#   Set larger code cache with -XX:ReservedCodeCacheSize=
#   JVM is running with Unscaled Compressed Oops mode in which the Java heap is
#     placed in the first 4GB address space. The Java Heap base address is the
#     maximum limit for the native heap growth. Please use -XX:HeapBaseMinAddress
#     to set the Java Heap base and to place the Java Heap above 4GB virtual address.
# This output file may be truncated or incomplete.
#
#  Out of Memory Error (allocation.cpp:44), pid=72708, tid=46780
#
# JRE version: OpenJDK Runtime Environment Temurin-21.0.8+9 (21.0.8+9) (build 21.0.8+9-LTS)
# Java VM: OpenJDK 64-Bit Server VM Temurin-21.0.8+9 (21.0.8+9-LTS, mixed mode, sharing, tiered, compressed oops, compressed class ptrs, parallel gc, windows-amd64)
# No core dump will be written. Minidumps are not enabled by default on client versions of Windows
#

---------------  S U M M A R Y ------------

Command Line: --add-modules=ALL-SYSTEM --add-opens=java.base/java.util=ALL-UNNAMED --add-opens=java.base/java.lang=ALL-UNNAMED --add-opens=java.base/sun.nio.fs=ALL-UNNAMED -Declipse.application=org.eclipse.jdt.ls.core.id1 -Dosgi.bundles.defaultStartLevel=4 -Declipse.product=org.eclipse.jdt.ls.core.product -Djava.import.generatesMetadataFilesAtProjectRoot=false -DDetectVMInstallationsJob.disabled=true -Dfile.encoding=utf8 -XX:+UseParallelGC -XX:GCTimeRatio=4 -XX:AdaptiveSizePolicyWeight=90 -Dsun.zip.disableMemoryMapping=true -Xmx2G -Xms100m -Xlog:disable -javaagent:c:\Users\ACER\.vscode\extensions\redhat.java-1.45.0-win32-x64\lombok\lombok-1.18.39-4050.jar -XX:+HeapDumpOnOutOfMemoryError -XX:HeapDumpPath=c:\Users\ACER\AppData\Roaming\Code\User\workspaceStorage\9611b04bc7fab95842e991bce8484503\redhat.java -Daether.dependencyCollector.impl=bf c:\Users\ACER\.vscode\extensions\redhat.java-1.45.0-win32-x64\server\plugins\org.eclipse.equinox.launcher_1.7.0.v20250519-0528.jar -configuration c:\Users\ACER\AppData\Roaming\Code\User\globalStorage\redhat.java\1.45.0\config_win -data c:\Users\ACER\AppData\Roaming\Code\User\workspaceStorage\9611b04bc7fab95842e991bce8484503\redhat.java\jdt_ws --pipe=\\.\pipe\lsp-1dc76451e6f75d2a9e73092e778f3cc9-sock

Host: 13th Gen Intel(R) Core(TM) i5-13420H, 12 cores, 7G,  Windows 11 , 64 bit Build 26100 (10.0.26100.4768)
Time: Tue Sep  9 14:34:31 2025 SE Asia Standard Time elapsed time: 134.524985 seconds (0d 0h 2m 14s)

---------------  T H R E A D  ---------------

Current thread (0x0000028970009d00):  JavaThread "Attach Listener" daemon [_thread_in_vm, id=46780, stack(0x000000e100700000,0x000000e100800000) (1024K)]

Stack: [0x000000e100700000,0x000000e100800000]
Native frames: (J=compiled Java code, j=interpreted, Vv=VM code, C=native code)
V  [jvm.dll+0x6d2449]
V  [jvm.dll+0x8ae341]
V  [jvm.dll+0x8b08be]
V  [jvm.dll+0x8b0fa3]
V  [jvm.dll+0x280c96]
V  [jvm.dll+0xc0347]
V  [jvm.dll+0x6d2cf9]
V  [jvm.dll+0x131116]
V  [jvm.dll+0x3f2d16]
V  [jvm.dll+0x857e6b]
V  [jvm.dll+0x6d0b0d]
C  [ucrtbase.dll+0x37b0]
C  [KERNEL32.DLL+0x2e8d7]
C  [ntdll.dll+0x3c34c]


---------------  P R O C E S S  ---------------

Threads class SMR info:
_java_thread_list=0x0000028971bc2ed0, length=52, elements={
0x0000028912592210, 0x00000289700044b0, 0x0000028970005510, 0x00000289700090b0,
0x0000028970009d00, 0x000002897000cc70, 0x0000028970017730, 0x0000028970043e80,
0x00000289700454b0, 0x00000289701240b0, 0x00000289703900e0, 0x0000028970c96b00,
0x000002897096f0d0, 0x0000028970b8f320, 0x0000028970efbd90, 0x0000028970dc6410,
0x0000028970fda600, 0x00000289710cfed0, 0x00000289710d3350, 0x00000289710d1910,
0x00000289710d0bf0, 0x00000289710d1fa0, 0x00000289710d2630, 0x00000289710d2cc0,
0x0000028972d64740, 0x0000028972d64dd0, 0x0000028972d66180, 0x0000028972d65af0,
0x0000028972d62d00, 0x0000028972d63a20, 0x0000028972d65460, 0x0000028972d66810,
0x0000028972d63390, 0x0000028972d66ea0, 0x0000028972d67530, 0x0000028972d640b0,
0x0000028972d67bc0, 0x0000028972d69600, 0x0000028973c00ac0, 0x0000028973c03f40,
0x0000028973c02b90, 0x0000028973c01150, 0x0000028973c066a0, 0x0000028973c06d30,
0x0000028973c04c60, 0x0000028973c05980, 0x0000028973c06010, 0x0000028972d688e0,
0x0000028973fb77f0, 0x0000028973fb98c0, 0x0000028973fb7e80, 0x0000028973fb8ba0
}

Java Threads: ( => current thread )
  0x0000028912592210 JavaThread "main"                              [_thread_blocked, id=78908, stack(0x000000e100000000,0x000000e100100000) (1024K)]
  0x00000289700044b0 JavaThread "Reference Handler"          daemon [_thread_blocked, id=78636, stack(0x000000e100400000,0x000000e100500000) (1024K)]
  0x0000028970005510 JavaThread "Finalizer"                  daemon [_thread_blocked, id=77780, stack(0x000000e100500000,0x000000e100600000) (1024K)]
  0x00000289700090b0 JavaThread "Signal Dispatcher"          daemon [_thread_blocked, id=68048, stack(0x000000e100600000,0x000000e100700000) (1024K)]
=>0x0000028970009d00 JavaThread "Attach Listener"            daemon [_thread_in_vm, id=46780, stack(0x000000e100700000,0x000000e100800000) (1024K)]
  0x000002897000cc70 JavaThread "Service Thread"             daemon [_thread_blocked, id=76860, stack(0x000000e100800000,0x000000e100900000) (1024K)]
  0x0000028970017730 JavaThread "Monitor Deflation Thread"   daemon [_thread_blocked, id=77492, stack(0x000000e100900000,0x000000e100a00000) (1024K)]
  0x0000028970043e80 JavaThread "C2 CompilerThread0"         daemon [_thread_blocked, id=31300, stack(0x000000e100a00000,0x000000e100b00000) (1024K)]
  0x00000289700454b0 JavaThread "C1 CompilerThread0"         daemon [_thread_blocked, id=68428, stack(0x000000e100b00000,0x000000e100c00000) (1024K)]
  0x00000289701240b0 JavaThread "Common-Cleaner"             daemon [_thread_blocked, id=72432, stack(0x000000e100c00000,0x000000e100d00000) (1024K)]
  0x00000289703900e0 JavaThread "Notification Thread"        daemon [_thread_blocked, id=75068, stack(0x000000e100e00000,0x000000e100f00000) (1024K)]
  0x0000028970c96b00 JavaThread "Active Thread: Equinox Container: e7a2c6a5-b97e-419a-89fe-1d18bd5eb7e9"        [_thread_blocked, id=74904, stack(0x000000e101600000,0x000000e101700000) (1024K)]
  0x000002897096f0d0 JavaThread "Refresh Thread: Equinox Container: e7a2c6a5-b97e-419a-89fe-1d18bd5eb7e9" daemon [_thread_blocked, id=81260, stack(0x000000e101800000,0x000000e101900000) (1024K)]
  0x0000028970b8f320 JavaThread "Framework Event Dispatcher: Equinox Container: e7a2c6a5-b97e-419a-89fe-1d18bd5eb7e9" daemon [_thread_blocked, id=75700, stack(0x000000e101900000,0x000000e101a00000) (1024K)]
  0x0000028970efbd90 JavaThread "Start Level: Equinox Container: e7a2c6a5-b97e-419a-89fe-1d18bd5eb7e9" daemon [_thread_blocked, id=59836, stack(0x000000e101a00000,0x000000e101b00000) (1024K)]
  0x0000028970dc6410 JavaThread "Bundle File Closer"         daemon [_thread_blocked, id=72888, stack(0x000000e101d00000,0x000000e101e00000) (1024K)]
  0x0000028970fda600 JavaThread "SCR Component Actor"        daemon [_thread_blocked, id=46792, stack(0x000000e101e00000,0x000000e101f00000) (1024K)]
  0x00000289710cfed0 JavaThread "Worker-JM"                         [_thread_blocked, id=74624, stack(0x000000e102000000,0x000000e102100000) (1024K)]
  0x00000289710d3350 JavaThread "Worker-0"                          [_thread_blocked, id=76808, stack(0x000000e102100000,0x000000e102200000) (1024K)]
  0x00000289710d1910 JavaThread "Java indexing"              daemon [_thread_blocked, id=75520, stack(0x000000e100f00000,0x000000e101000000) (1024K)]
  0x00000289710d0bf0 JavaThread "JNA Cleaner"                daemon [_thread_blocked, id=80848, stack(0x000000e102300000,0x000000e102400000) (1024K)]
  0x00000289710d1fa0 JavaThread "Worker-3"                          [_thread_blocked, id=77316, stack(0x000000e102700000,0x000000e102800000) (1024K)]
  0x00000289710d2630 JavaThread "Thread-2"                   daemon [_thread_in_native, id=74316, stack(0x000000e102800000,0x000000e102900000) (1024K)]
  0x00000289710d2cc0 JavaThread "Thread-3"                   daemon [_thread_in_native, id=81808, stack(0x000000e102900000,0x000000e102a00000) (1024K)]
  0x0000028972d64740 JavaThread "Thread-4"                   daemon [_thread_in_native, id=75632, stack(0x000000e102a00000,0x000000e102b00000) (1024K)]
  0x0000028972d64dd0 JavaThread "Thread-5"                   daemon [_thread_in_native, id=77532, stack(0x000000e102b00000,0x000000e102c00000) (1024K)]
  0x0000028972d66180 JavaThread "Thread-6"                   daemon [_thread_in_native, id=80508, stack(0x000000e102c00000,0x000000e102d00000) (1024K)]
  0x0000028972d65af0 JavaThread "Thread-7"                   daemon [_thread_in_native, id=81488, stack(0x000000e102d00000,0x000000e102e00000) (1024K)]
  0x0000028972d62d00 JavaThread "Thread-8"                   daemon [_thread_in_native, id=78560, stack(0x000000e102e00000,0x000000e102f00000) (1024K)]
  0x0000028972d63a20 JavaThread "Thread-9"                   daemon [_thread_in_native, id=80184, stack(0x000000e102f00000,0x000000e103000000) (1024K)]
  0x0000028972d65460 JavaThread "Thread-10"                  daemon [_thread_in_native, id=79412, stack(0x000000e103000000,0x000000e103100000) (1024K)]
  0x0000028972d66810 JavaThread "Thread-11"                  daemon [_thread_in_native, id=81196, stack(0x000000e103100000,0x000000e103200000) (1024K)]
  0x0000028972d63390 JavaThread "Thread-12"                  daemon [_thread_in_native, id=73052, stack(0x000000e103200000,0x000000e103300000) (1024K)]
  0x0000028972d66ea0 JavaThread "Thread-13"                  daemon [_thread_in_native, id=73932, stack(0x000000e103300000,0x000000e103400000) (1024K)]
  0x0000028972d67530 JavaThread "Thread-14"                  daemon [_thread_in_native, id=80684, stack(0x000000e103400000,0x000000e103500000) (1024K)]
  0x0000028972d640b0 JavaThread "pool-2-thread-1"                   [_thread_blocked, id=80340, stack(0x000000e103500000,0x000000e103600000) (1024K)]
  0x0000028972d67bc0 JavaThread "WorkspaceEventsHandler"            [_thread_blocked, id=74808, stack(0x000000e103600000,0x000000e103700000) (1024K)]
  0x0000028972d69600 JavaThread "pool-1-thread-1"                   [_thread_blocked, id=78876, stack(0x000000e103700000,0x000000e103800000) (1024K)]
  0x0000028973c00ac0 JavaThread "Compiler Source File Reader" daemon [_thread_blocked, id=81044, stack(0x000000e103b00000,0x000000e103c00000) (1024K)]
  0x0000028973c03f40 JavaThread "Compiler Class File Writer" daemon [_thread_blocked, id=70020, stack(0x000000e103d00000,0x000000e103e00000) (1024K)]
  0x0000028973c02b90 JavaThread "Compiler Source File Reader" daemon [_thread_blocked, id=72852, stack(0x000000e103e00000,0x000000e103f00000) (1024K)]
  0x0000028973c01150 JavaThread "Compiler Class File Writer" daemon [_thread_blocked, id=78156, stack(0x000000e103f00000,0x000000e104000000) (1024K)]
  0x0000028973c066a0 JavaThread "ForkJoinPool.commonPool-worker-1" daemon [_thread_blocked, id=80008, stack(0x000000e104100000,0x000000e104200000) (1024K)]
  0x0000028973c06d30 JavaThread "ForkJoinPool.commonPool-worker-2" daemon [_thread_blocked, id=40864, stack(0x000000e104200000,0x000000e104300000) (1024K)]
  0x0000028973c04c60 JavaThread "ForkJoinPool.commonPool-worker-3" daemon [_thread_blocked, id=47956, stack(0x000000e104300000,0x000000e104400000) (1024K)]
  0x0000028973c05980 JavaThread "ForkJoinPool.commonPool-worker-5" daemon [_thread_blocked, id=53712, stack(0x000000e104500000,0x000000e104600000) (1024K)]
  0x0000028973c06010 JavaThread "ForkJoinPool.commonPool-worker-6" daemon [_thread_blocked, id=52876, stack(0x000000e104600000,0x000000e104700000) (1024K)]
  0x0000028972d688e0 JavaThread "ForkJoinPool.commonPool-worker-7" daemon [_thread_blocked, id=78392, stack(0x000000e104700000,0x000000e104800000) (1024K)]
  0x0000028973fb77f0 JavaThread "ForkJoinPool.commonPool-worker-8" daemon [_thread_blocked, id=76644, stack(0x000000e104800000,0x000000e104900000) (1024K)]
  0x0000028973fb98c0 JavaThread "ForkJoinPool.commonPool-worker-9" daemon [_thread_blocked, id=79304, stack(0x000000e104900000,0x000000e104a00000) (1024K)]
  0x0000028973fb7e80 JavaThread "ForkJoinPool.commonPool-worker-10" daemon [_thread_blocked, id=80416, stack(0x000000e104a00000,0x000000e104b00000) (1024K)]
  0x0000028973fb8ba0 JavaThread "ForkJoinPool.commonPool-worker-11" daemon [_thread_blocked, id=81264, stack(0x000000e104b00000,0x000000e104c00000) (1024K)]
Total: 52

Other Threads:
  0x000002896a1e30a0 VMThread "VM Thread"                           [id=72036, stack(0x000000e100300000,0x000000e100400000) (1024K)]
  0x000002896a0dca00 WatcherThread "VM Periodic Task Thread"        [id=79684, stack(0x000000e100200000,0x000000e100300000) (1024K)]
  0x00000289125b08b0 WorkerThread "GC Thread#0"                     [id=70500, stack(0x000000e100100000,0x000000e100200000) (1024K)]
  0x00000289704de150 WorkerThread "GC Thread#1"                     [id=74160, stack(0x000000e101000000,0x000000e101100000) (1024K)]
  0x00000289709defa0 WorkerThread "GC Thread#2"                     [id=79708, stack(0x000000e101100000,0x000000e101200000) (1024K)]
  0x00000289709df340 WorkerThread "GC Thread#3"                     [id=81200, stack(0x000000e101200000,0x000000e101300000) (1024K)]
  0x0000028970bfcd30 WorkerThread "GC Thread#4"                     [id=68868, stack(0x000000e101300000,0x000000e101400000) (1024K)]
  0x0000028970bfbeb0 WorkerThread "GC Thread#5"                     [id=81016, stack(0x000000e101400000,0x000000e101500000) (1024K)]
  0x0000028970bfd470 WorkerThread "GC Thread#6"                     [id=80316, stack(0x000000e101500000,0x000000e101600000) (1024K)]
  0x0000028970bfc250 WorkerThread "GC Thread#7"                     [id=79512, stack(0x000000e101700000,0x000000e101800000) (1024K)]
  0x0000028970bfd810 WorkerThread "GC Thread#8"                     [id=80456, stack(0x000000e101b00000,0x000000e101c00000) (1024K)]
  0x0000028970bfc5f0 WorkerThread "GC Thread#9"                     [id=80412, stack(0x000000e101c00000,0x000000e101d00000) (1024K)]
Total: 12

Threads with active compile tasks:
Total: 0

VM state: not at safepoint (normal execution)

VM Mutex/Monitor currently owned by a thread: None

Heap address: 0x0000000080000000, size: 2048 MB, Compressed Oops mode: 32-bit

CDS archive(s) mapped at: [0x0000028929000000-0x0000028929ba0000-0x0000028929ba0000), size 12189696, SharedBaseAddress: 0x0000028929000000, ArchiveRelocationMode: 1.
Compressed class space mapped at: 0x000002892a000000-0x000002896a000000, reserved size: 1073741824
Narrow klass base: 0x0000028929000000, Narrow klass shift: 0, Narrow klass range: 0x100000000

GC Precious Log:
 CardTable entry size: 512
 CPUs: 12 total, 12 available
 Memory: 7895M
 Large Page Support: Disabled
 NUMA Support: Disabled
 Compressed Oops: Enabled (32-bit)
 Alignments: Space 512K, Generation 512K, Heap 2M
 Heap Min Capacity: 100M
 Heap Initial Capacity: 100M
 Heap Max Capacity: 2G
 Pre-touch: Disabled
 Parallel Workers: 10

Heap:
 PSYoungGen      total 4608K, used 2300K [0x00000000d5580000, 0x00000000d6100000, 0x0000000100000000)
  eden space 2560K, 9% used [0x00000000d5580000,0x00000000d55bf088,0x00000000d5800000)
  from space 2048K, 100% used [0x00000000d5800000,0x00000000d5a00000,0x00000000d5a00000)
  to   space 4608K, 0% used [0x00000000d5c80000,0x00000000d5c80000,0x00000000d6100000)
 ParOldGen       total 753664K, used 753434K [0x0000000080000000, 0x00000000ae000000, 0x00000000d5580000)
  object space 753664K, 99% used [0x0000000080000000,0x00000000adfc68b0,0x00000000ae000000)
 Metaspace       used 70939K, committed 72576K, reserved 1114112K
  class space    used 7650K, committed 8384K, reserved 1048576K

Card table byte_map: [0x0000028911f30000,0x0000028912340000] _byte_map_base: 0x0000028911b30000

Marking Bits: (ParMarkBitMap*) 0x00007ffda5f4a340
 Begin Bits: [0x0000028924a30000, 0x0000028926a30000)
 End Bits:   [0x0000028926a30000, 0x0000028928a30000)

Polling page: 0x00000289107f0000

Metaspace:

Usage:
  Non-class:     61.81 MB used.
      Class:      7.47 MB used.
       Both:     69.28 MB used.

Virtual space:
  Non-class space:       64.00 MB reserved,      62.69 MB ( 98%) committed,  1 nodes.
      Class space:        1.00 GB reserved,       8.19 MB ( <1%) committed,  1 nodes.
             Both:        1.06 GB reserved,      70.88 MB (  7%) committed. 

Chunk freelists:
   Non-Class:  1.21 MB
       Class:  7.68 MB
        Both:  8.89 MB

MaxMetaspaceSize: unlimited
CompressedClassSpaceSize: 1.00 GB
Initial GC threshold: 21.00 MB
Current GC threshold: 97.31 MB
CDS: on
 - commit_granule_bytes: 65536.
 - commit_granule_words: 8192.
 - virtual_space_node_default_size: 8388608.
 - enlarge_chunks_in_place: 1.
 - use_allocation_guard: 0.


Internal statistics:

num_allocs_failed_limit: 9.
num_arena_births: 1238.
num_arena_deaths: 14.
num_vsnodes_births: 2.
num_vsnodes_deaths: 0.
num_space_committed: 1134.
num_space_uncommitted: 0.
num_chunks_returned_to_freelist: 23.
num_chunks_taken_from_freelist: 4291.
num_chunk_merges: 10.
num_chunk_splits: 2668.
num_chunks_enlarged: 1622.
num_inconsistent_stats: 0.

CodeHeap 'non-profiled nmethods': size=120000Kb used=10963Kb max_used=10963Kb free=109037Kb
 bounds [0x000002891d250000, 0x000002891dd10000, 0x0000028924780000]
CodeHeap 'profiled nmethods': size=120000Kb used=29694Kb max_used=29694Kb free=90305Kb
 bounds [0x0000028915780000, 0x0000028917480000, 0x000002891ccb0000]
CodeHeap 'non-nmethods': size=5760Kb used=1481Kb max_used=1553Kb free=4278Kb
 bounds [0x000002891ccb0000, 0x000002891cf20000, 0x000002891d250000]
CodeCache: size=245760Kb, used=42138Kb, max_used=42210Kb, free=203620Kb
 total_blobs=14076, nmethods=13276, adapters=704, full_count=0
Compilation: enabled, stopped_count=0, restarted_count=0

Compilation events (20 events):
Event: 69.934 Thread 0x00000289700454b0 nmethod 14031 0x000002891747b490 code [0x000002891747b6c0, 0x000002891747be58]
Event: 69.934 Thread 0x00000289700454b0 14032       3       com.google.gson.internal.bind.TypeAdapters$21::write (18 bytes)
Event: 69.934 Thread 0x00000289700454b0 nmethod 14032 0x000002891747c110 code [0x000002891747c340, 0x000002891747c968]
Event: 69.934 Thread 0x00000289700454b0 14033       3       jdk.internal.misc.Unsafe::bool2byte (10 bytes)
Event: 69.935 Thread 0x00000289700454b0 nmethod 14033 0x000002891747cb90 code [0x000002891747cd20, 0x000002891747ce80]
Event: 69.937 Thread 0x000002897254a240 14034       4       jdk.internal.org.objectweb.asm.Frame::pop (46 bytes)
Event: 69.937 Thread 0x000002897254a240 nmethod 14034 0x000002891dcf3f10 code [0x000002891dcf40a0, 0x000002891dcf4158]
Event: 69.945 Thread 0x00000289700454b0 14036       3       java.lang.invoke.DirectMethodHandle$Holder::getReference (28 bytes)
Event: 69.945 Thread 0x000002897254a240 14035       4       com.google.gson.stream.JsonWriter::newline (55 bytes)
Event: 69.945 Thread 0x00000289700454b0 nmethod 14036 0x000002891747cf10 code [0x000002891747d0e0, 0x000002891747d650]
Event: 69.945 Thread 0x0000028970043e80 14037       4       java.io.StringWriter::write (14 bytes)
Event: 69.946 Thread 0x000002897254a240 nmethod 14035 0x000002891dcf4210 code [0x000002891dcf43a0, 0x000002891dcf4448]
Event: 69.954 Thread 0x0000028970043e80 nmethod 14037 0x000002891dcf4510 code [0x000002891dcf4740, 0x000002891dcf5218]
Event: 69.957 Thread 0x0000028972933940 nmethod 13998 0x000002891dcf5a10 code [0x000002891dcf6420, 0x000002891dcffba8]
Event: 69.999 Thread 0x00000289700454b0 14038   !   3       sun.nio.cs.StreamDecoder::readBytes (271 bytes)
Event: 70.000 Thread 0x00000289700454b0 nmethod 14038 0x000002891747d810 code [0x000002891747db40, 0x000002891747eb20]
Event: 121.297 Thread 0x00000289700454b0 14039       3       java.util.concurrent.ThreadPoolExecutor$Worker::tryAcquire (20 bytes)
Event: 121.353 Thread 0x00000289700454b0 nmethod 14039 0x000002891747f310 code [0x000002891747f4c0, 0x000002891747f6c8]
Event: 129.872 Thread 0x00000289700454b0 14040       3       sun.nio.ch.Util$BufferCache::isEmpty (13 bytes)
Event: 129.876 Thread 0x00000289700454b0 nmethod 14040 0x000002891747f790 code [0x000002891747f920, 0x000002891747fa80]

GC Heap History (20 events):
Event: 69.725 GC heap before
{Heap before GC invocations=1301 (full 3):
 PSYoungGen      total 2560K, used 2496K [0x00000000d5580000, 0x00000000d5980000, 0x0000000100000000)
  eden space 2048K, 100% used [0x00000000d5580000,0x00000000d5780000,0x00000000d5780000)
  from space 512K, 87% used [0x00000000d5800000,0x00000000d5870000,0x00000000d5880000)
  to   space 1024K, 0% used [0x00000000d5880000,0x00000000d5880000,0x00000000d5980000)
 ParOldGen       total 741888K, used 741431K [0x0000000080000000, 0x00000000ad480000, 0x00000000d5580000)
  object space 741888K, 99% used [0x0000000080000000,0x00000000ad40dd90,0x00000000ad480000)
 Metaspace       used 70912K, committed 72512K, reserved 1114112K
  class space    used 7645K, committed 8320K, reserved 1048576K
}
Event: 69.727 GC heap after
{Heap after GC invocations=1301 (full 3):
 PSYoungGen      total 3072K, used 672K [0x00000000d5580000, 0x00000000d5980000, 0x0000000100000000)
  eden space 2048K, 0% used [0x00000000d5580000,0x00000000d5580000,0x00000000d5780000)
  from space 1024K, 65% used [0x00000000d5880000,0x00000000d5928000,0x00000000d5980000)
  to   space 1024K, 0% used [0x00000000d5780000,0x00000000d5780000,0x00000000d5880000)
 ParOldGen       total 741888K, used 741783K [0x0000000080000000, 0x00000000ad480000, 0x00000000d5580000)
  object space 741888K, 99% used [0x0000000080000000,0x00000000ad465d90,0x00000000ad480000)
 Metaspace       used 70912K, committed 72512K, reserved 1114112K
  class space    used 7645K, committed 8320K, reserved 1048576K
}
Event: 69.731 GC heap before
{Heap before GC invocations=1302 (full 3):
 PSYoungGen      total 3072K, used 2720K [0x00000000d5580000, 0x00000000d5980000, 0x0000000100000000)
  eden space 2048K, 100% used [0x00000000d5580000,0x00000000d5780000,0x00000000d5780000)
  from space 1024K, 65% used [0x00000000d5880000,0x00000000d5928000,0x00000000d5980000)
  to   space 1024K, 0% used [0x00000000d5780000,0x00000000d5780000,0x00000000d5880000)
 ParOldGen       total 741888K, used 741783K [0x0000000080000000, 0x00000000ad480000, 0x00000000d5580000)
  object space 741888K, 99% used [0x0000000080000000,0x00000000ad465d90,0x00000000ad480000)
 Metaspace       used 70912K, committed 72512K, reserved 1114112K
  class space    used 7645K, committed 8320K, reserved 1048576K
}
Event: 69.732 GC heap after
{Heap after GC invocations=1302 (full 3):
 PSYoungGen      total 3072K, used 993K [0x00000000d5580000, 0x00000000d5c80000, 0x0000000100000000)
  eden space 2048K, 0% used [0x00000000d5580000,0x00000000d5580000,0x00000000d5780000)
  from space 1024K, 97% used [0x00000000d5780000,0x00000000d58787a0,0x00000000d5880000)
  to   space 2560K, 0% used [0x00000000d5a00000,0x00000000d5a00000,0x00000000d5c80000)
 ParOldGen       total 743424K, used 742985K [0x0000000080000000, 0x00000000ad600000, 0x00000000d5580000)
  object space 743424K, 99% used [0x0000000080000000,0x00000000ad592508,0x00000000ad600000)
 Metaspace       used 70912K, committed 72512K, reserved 1114112K
  class space    used 7645K, committed 8320K, reserved 1048576K
}
Event: 69.745 GC heap before
{Heap before GC invocations=1303 (full 3):
 PSYoungGen      total 3072K, used 3040K [0x00000000d5580000, 0x00000000d5c80000, 0x0000000100000000)
  eden space 2048K, 99% used [0x00000000d5580000,0x00000000d577fbc0,0x00000000d5780000)
  from space 1024K, 97% used [0x00000000d5780000,0x00000000d58787a0,0x00000000d5880000)
  to   space 2560K, 0% used [0x00000000d5a00000,0x00000000d5a00000,0x00000000d5c80000)
 ParOldGen       total 743424K, used 742985K [0x0000000080000000, 0x00000000ad600000, 0x00000000d5580000)
  object space 743424K, 99% used [0x0000000080000000,0x00000000ad592508,0x00000000ad600000)
 Metaspace       used 70912K, committed 72512K, reserved 1114112K
  class space    used 7645K, committed 8320K, reserved 1048576K
}
Event: 69.747 GC heap after
{Heap after GC invocations=1303 (full 3):
 PSYoungGen      total 3584K, used 1060K [0x00000000d5580000, 0x00000000d5b80000, 0x0000000100000000)
  eden space 2048K, 0% used [0x00000000d5580000,0x00000000d5580000,0x00000000d5780000)
  from space 1536K, 69% used [0x00000000d5a00000,0x00000000d5b09008,0x00000000d5b80000)
  to   space 1536K, 0% used [0x00000000d5880000,0x00000000d5880000,0x00000000d5a00000)
 ParOldGen       total 744448K, used 744011K [0x0000000080000000, 0x00000000ad700000, 0x00000000d5580000)
  object space 744448K, 99% used [0x0000000080000000,0x00000000ad692e68,0x00000000ad700000)
 Metaspace       used 70912K, committed 72512K, reserved 1114112K
  class space    used 7645K, committed 8320K, reserved 1048576K
}
Event: 69.765 GC heap before
{Heap before GC invocations=1304 (full 3):
 PSYoungGen      total 3584K, used 3108K [0x00000000d5580000, 0x00000000d5b80000, 0x0000000100000000)
  eden space 2048K, 100% used [0x00000000d5580000,0x00000000d5780000,0x00000000d5780000)
  from space 1536K, 69% used [0x00000000d5a00000,0x00000000d5b09008,0x00000000d5b80000)
  to   space 1536K, 0% used [0x00000000d5880000,0x00000000d5880000,0x00000000d5a00000)
 ParOldGen       total 744448K, used 744011K [0x0000000080000000, 0x00000000ad700000, 0x00000000d5580000)
  object space 744448K, 99% used [0x0000000080000000,0x00000000ad692e68,0x00000000ad700000)
 Metaspace       used 70912K, committed 72512K, reserved 1114112K
  class space    used 7645K, committed 8320K, reserved 1048576K
}
Event: 69.767 GC heap after
{Heap after GC invocations=1304 (full 3):
 PSYoungGen      total 3072K, used 864K [0x00000000d5580000, 0x00000000d5a80000, 0x0000000100000000)
  eden space 2048K, 0% used [0x00000000d5580000,0x00000000d5580000,0x00000000d5780000)
  from space 1024K, 84% used [0x00000000d5880000,0x00000000d5958000,0x00000000d5980000)
  to   space 1024K, 0% used [0x00000000d5980000,0x00000000d5980000,0x00000000d5a80000)
 ParOldGen       total 744960K, used 744953K [0x0000000080000000, 0x00000000ad780000, 0x00000000d5580000)
  object space 744960K, 99% used [0x0000000080000000,0x00000000ad77e678,0x00000000ad780000)
 Metaspace       used 70912K, committed 72512K, reserved 1114112K
  class space    used 7645K, committed 8320K, reserved 1048576K
}
Event: 69.794 GC heap before
{Heap before GC invocations=1305 (full 3):
 PSYoungGen      total 3072K, used 2910K [0x00000000d5580000, 0x00000000d5a80000, 0x0000000100000000)
  eden space 2048K, 99% used [0x00000000d5580000,0x00000000d577fb20,0x00000000d5780000)
  from space 1024K, 84% used [0x00000000d5880000,0x00000000d5958000,0x00000000d5980000)
  to   space 1024K, 0% used [0x00000000d5980000,0x00000000d5980000,0x00000000d5a80000)
 ParOldGen       total 744960K, used 744953K [0x0000000080000000, 0x00000000ad780000, 0x00000000d5580000)
  object space 744960K, 99% used [0x0000000080000000,0x00000000ad77e678,0x00000000ad780000)
 Metaspace       used 70913K, committed 72512K, reserved 1114112K
  class space    used 7645K, committed 8320K, reserved 1048576K
}
Event: 69.798 GC heap after
{Heap after GC invocations=1305 (full 3):
 PSYoungGen      total 3072K, used 800K [0x00000000d5580000, 0x00000000d5a80000, 0x0000000100000000)
  eden space 2048K, 0% used [0x00000000d5580000,0x00000000d5580000,0x00000000d5780000)
  from space 1024K, 78% used [0x00000000d5980000,0x00000000d5a48000,0x00000000d5a80000)
  to   space 1024K, 0% used [0x00000000d5880000,0x00000000d5880000,0x00000000d5980000)
 ParOldGen       total 745472K, used 745431K [0x0000000080000000, 0x00000000ad800000, 0x00000000d5580000)
  object space 745472K, 99% used [0x0000000080000000,0x00000000ad7f5c88,0x00000000ad800000)
 Metaspace       used 70913K, committed 72512K, reserved 1114112K
  class space    used 7645K, committed 8320K, reserved 1048576K
}
Event: 69.811 GC heap before
{Heap before GC invocations=1306 (full 3):
 PSYoungGen      total 3072K, used 2847K [0x00000000d5580000, 0x00000000d5a80000, 0x0000000100000000)
  eden space 2048K, 99% used [0x00000000d5580000,0x00000000d577ffc0,0x00000000d5780000)
  from space 1024K, 78% used [0x00000000d5980000,0x00000000d5a48000,0x00000000d5a80000)
  to   space 1024K, 0% used [0x00000000d5880000,0x00000000d5880000,0x00000000d5980000)
 ParOldGen       total 745472K, used 745431K [0x0000000080000000, 0x00000000ad800000, 0x00000000d5580000)
  object space 745472K, 99% used [0x0000000080000000,0x00000000ad7f5c88,0x00000000ad800000)
 Metaspace       used 70913K, committed 72512K, reserved 1114112K
  class space    used 7645K, committed 8320K, reserved 1048576K
}
Event: 69.814 GC heap after
{Heap after GC invocations=1306 (full 3):
 PSYoungGen      total 3072K, used 1000K [0x00000000d5580000, 0x00000000d5d80000, 0x0000000100000000)
  eden space 2048K, 0% used [0x00000000d5580000,0x00000000d5580000,0x00000000d5780000)
  from space 1024K, 97% used [0x00000000d5880000,0x00000000d597a170,0x00000000d5980000)
  to   space 3072K, 0% used [0x00000000d5a80000,0x00000000d5a80000,0x00000000d5d80000)
 ParOldGen       total 747008K, used 746798K [0x0000000080000000, 0x00000000ad980000, 0x00000000d5580000)
  object space 747008K, 99% used [0x0000000080000000,0x00000000ad94bba0,0x00000000ad980000)
 Metaspace       used 70913K, committed 72512K, reserved 1114112K
  class space    used 7645K, committed 8320K, reserved 1048576K
}
Event: 69.819 GC heap before
{Heap before GC invocations=1307 (full 3):
 PSYoungGen      total 3072K, used 3048K [0x00000000d5580000, 0x00000000d5d80000, 0x0000000100000000)
  eden space 2048K, 100% used [0x00000000d5580000,0x00000000d5780000,0x00000000d5780000)
  from space 1024K, 97% used [0x00000000d5880000,0x00000000d597a170,0x00000000d5980000)
  to   space 3072K, 0% used [0x00000000d5a80000,0x00000000d5a80000,0x00000000d5d80000)
 ParOldGen       total 747008K, used 746798K [0x0000000080000000, 0x00000000ad980000, 0x00000000d5580000)
  object space 747008K, 99% used [0x0000000080000000,0x00000000ad94bba0,0x00000000ad980000)
 Metaspace       used 70913K, committed 72512K, reserved 1114112K
  class space    used 7645K, committed 8320K, reserved 1048576K
}
Event: 69.821 GC heap after
{Heap after GC invocations=1307 (full 3):
 PSYoungGen      total 4096K, used 1981K [0x00000000d5580000, 0x00000000d5c80000, 0x0000000100000000)
  eden space 2048K, 0% used [0x00000000d5580000,0x00000000d5580000,0x00000000d5780000)
  from space 2048K, 96% used [0x00000000d5a80000,0x00000000d5c6f520,0x00000000d5c80000)
  to   space 2560K, 0% used [0x00000000d5780000,0x00000000d5780000,0x00000000d5a00000)
 ParOldGen       total 748032K, used 747843K [0x0000000080000000, 0x00000000ada80000, 0x00000000d5580000)
  object space 748032K, 99% used [0x0000000080000000,0x00000000ada50d30,0x00000000ada80000)
 Metaspace       used 70913K, committed 72512K, reserved 1114112K
  class space    used 7645K, committed 8320K, reserved 1048576K
}
Event: 69.833 GC heap before
{Heap before GC invocations=1308 (full 3):
 PSYoungGen      total 4096K, used 4029K [0x00000000d5580000, 0x00000000d5c80000, 0x0000000100000000)
  eden space 2048K, 100% used [0x00000000d5580000,0x00000000d5780000,0x00000000d5780000)
  from space 2048K, 96% used [0x00000000d5a80000,0x00000000d5c6f520,0x00000000d5c80000)
  to   space 2560K, 0% used [0x00000000d5780000,0x00000000d5780000,0x00000000d5a00000)
 ParOldGen       total 748032K, used 747843K [0x0000000080000000, 0x00000000ada80000, 0x00000000d5580000)
  object space 748032K, 99% used [0x0000000080000000,0x00000000ada50d30,0x00000000ada80000)
 Metaspace       used 70913K, committed 72512K, reserved 1114112K
  class space    used 7645K, committed 8320K, reserved 1048576K
}
Event: 69.835 GC heap after
{Heap after GC invocations=1308 (full 3):
 PSYoungGen      total 4608K, used 2048K [0x00000000d5580000, 0x00000000d5c80000, 0x0000000100000000)
  eden space 2048K, 0% used [0x00000000d5580000,0x00000000d5580000,0x00000000d5780000)
  from space 2560K, 80% used [0x00000000d5780000,0x00000000d5980000,0x00000000d5a00000)
  to   space 2560K, 0% used [0x00000000d5a00000,0x00000000d5a00000,0x00000000d5c80000)
 ParOldGen       total 750080K, used 749702K [0x0000000080000000, 0x00000000adc80000, 0x00000000d5580000)
  object space 750080K, 99% used [0x0000000080000000,0x00000000adc21b20,0x00000000adc80000)
 Metaspace       used 70913K, committed 72512K, reserved 1114112K
  class space    used 7645K, committed 8320K, reserved 1048576K
}
Event: 69.839 GC heap before
{Heap before GC invocations=1309 (full 3):
 PSYoungGen      total 4608K, used 4096K [0x00000000d5580000, 0x00000000d5c80000, 0x0000000100000000)
  eden space 2048K, 100% used [0x00000000d5580000,0x00000000d5780000,0x00000000d5780000)
  from space 2560K, 80% used [0x00000000d5780000,0x00000000d5980000,0x00000000d5a00000)
  to   space 2560K, 0% used [0x00000000d5a00000,0x00000000d5a00000,0x00000000d5c80000)
 ParOldGen       total 750080K, used 749702K [0x0000000080000000, 0x00000000adc80000, 0x00000000d5580000)
  object space 750080K, 99% used [0x0000000080000000,0x00000000adc21b20,0x00000000adc80000)
 Metaspace       used 70914K, committed 72512K, reserved 1114112K
  class space    used 7645K, committed 8320K, reserved 1048576K
}
Event: 69.842 GC heap after
{Heap after GC invocations=1309 (full 3):
 PSYoungGen      total 4608K, used 1920K [0x00000000d5580000, 0x00000000d5c00000, 0x0000000100000000)
  eden space 2560K, 0% used [0x00000000d5580000,0x00000000d5580000,0x00000000d5800000)
  from space 2048K, 93% used [0x00000000d5a00000,0x00000000d5be0000,0x00000000d5c00000)
  to   space 2048K, 0% used [0x00000000d5800000,0x00000000d5800000,0x00000000d5a00000)
 ParOldGen       total 751616K, used 751590K [0x0000000080000000, 0x00000000ade00000, 0x00000000d5580000)
  object space 751616K, 99% used [0x0000000080000000,0x00000000addf9b20,0x00000000ade00000)
 Metaspace       used 70914K, committed 72512K, reserved 1114112K
  class space    used 7645K, committed 8320K, reserved 1048576K
}
Event: 69.940 GC heap before
{Heap before GC invocations=1310 (full 3):
 PSYoungGen      total 4608K, used 4473K [0x00000000d5580000, 0x00000000d5c00000, 0x0000000100000000)
  eden space 2560K, 99% used [0x00000000d5580000,0x00000000d57fe7e8,0x00000000d5800000)
  from space 2048K, 93% used [0x00000000d5a00000,0x00000000d5be0000,0x00000000d5c00000)
  to   space 2048K, 0% used [0x00000000d5800000,0x00000000d5800000,0x00000000d5a00000)
 ParOldGen       total 751616K, used 751590K [0x0000000080000000, 0x00000000ade00000, 0x00000000d5580000)
  object space 751616K, 99% used [0x0000000080000000,0x00000000addf9b20,0x00000000ade00000)
 Metaspace       used 70937K, committed 72576K, reserved 1114112K
  class space    used 7650K, committed 8384K, reserved 1048576K
}
Event: 69.944 GC heap after
{Heap after GC invocations=1310 (full 3):
 PSYoungGen      total 4608K, used 2048K [0x00000000d5580000, 0x00000000d6100000, 0x0000000100000000)
  eden space 2560K, 0% used [0x00000000d5580000,0x00000000d5580000,0x00000000d5800000)
  from space 2048K, 100% used [0x00000000d5800000,0x00000000d5a00000,0x00000000d5a00000)
  to   space 4608K, 0% used [0x00000000d5c80000,0x00000000d5c80000,0x00000000d6100000)
 ParOldGen       total 753664K, used 753434K [0x0000000080000000, 0x00000000ae000000, 0x00000000d5580000)
  object space 753664K, 99% used [0x0000000080000000,0x00000000adfc68b0,0x00000000ae000000)
 Metaspace       used 70937K, committed 72576K, reserved 1114112K
  class space    used 7650K, committed 8384K, reserved 1048576K
}

Dll operation events (14 events):
Event: 0.007 Loaded shared library c:\Users\ACER\.vscode\extensions\redhat.java-1.45.0-win32-x64\jre\21.0.8-win32-x86_64\bin\java.dll
Event: 0.054 Loaded shared library c:\Users\ACER\.vscode\extensions\redhat.java-1.45.0-win32-x64\jre\21.0.8-win32-x86_64\bin\zip.dll
Event: 0.068 Loaded shared library C:\Users\ACER\.vscode\extensions\redhat.java-1.45.0-win32-x64\jre\21.0.8-win32-x86_64\bin\instrument.dll
Event: 0.072 Loaded shared library C:\Users\ACER\.vscode\extensions\redhat.java-1.45.0-win32-x64\jre\21.0.8-win32-x86_64\bin\net.dll
Event: 0.073 Loaded shared library C:\Users\ACER\.vscode\extensions\redhat.java-1.45.0-win32-x64\jre\21.0.8-win32-x86_64\bin\nio.dll
Event: 0.075 Loaded shared library C:\Users\ACER\.vscode\extensions\redhat.java-1.45.0-win32-x64\jre\21.0.8-win32-x86_64\bin\zip.dll
Event: 0.086 Loaded shared library C:\Users\ACER\.vscode\extensions\redhat.java-1.45.0-win32-x64\jre\21.0.8-win32-x86_64\bin\jimage.dll
Event: 0.152 Loaded shared library c:\Users\ACER\.vscode\extensions\redhat.java-1.45.0-win32-x64\jre\21.0.8-win32-x86_64\bin\verify.dll
Event: 1.348 Loaded shared library C:\Users\ACER\AppData\Roaming\Code\User\globalStorage\redhat.java\1.45.0\config_win\org.eclipse.equinox.launcher\org.eclipse.equinox.launcher.win32.win32.x86_64_1.2.1400.v20250801-0854\eclipse_11916.dll
Event: 2.514 Loaded shared library C:\Users\ACER\.vscode\extensions\redhat.java-1.45.0-win32-x64\jre\21.0.8-win32-x86_64\bin\management.dll
Event: 2.517 Loaded shared library C:\Users\ACER\.vscode\extensions\redhat.java-1.45.0-win32-x64\jre\21.0.8-win32-x86_64\bin\management_ext.dll
Event: 3.769 Loaded shared library C:\Users\ACER\AppData\Local\Temp\jna-2003023\jna11893182192818123645.dll
Event: 3.893 Loaded shared library C:\Users\ACER\.vscode\extensions\redhat.java-1.45.0-win32-x64\jre\21.0.8-win32-x86_64\bin\sunmscapi.dll
Event: 4.201 Loaded shared library C:\Users\ACER\.vscode\extensions\redhat.java-1.45.0-win32-x64\jre\21.0.8-win32-x86_64\bin\extnet.dll

Deoptimization events (20 events):
Event: 69.817 Thread 0x0000028973fb98c0 DEOPT PACKING pc=0x000002891745e7cc sp=0x000000e1049fe900
Event: 69.817 Thread 0x0000028973c066a0 DEOPT PACKING pc=0x000002891745e7cc sp=0x000000e1041fe860
Event: 69.818 Thread 0x0000028973fb98c0 DEOPT UNPACKING pc=0x000002891cd04242 sp=0x000000e1049fdec8 mode 0
Event: 69.818 Thread 0x0000028973c066a0 DEOPT UNPACKING pc=0x000002891cd04242 sp=0x000000e1041fde28 mode 0
Event: 69.822 Thread 0x0000028973fb77f0 DEOPT PACKING pc=0x000002891745e7cc sp=0x000000e1048fece0
Event: 69.822 Thread 0x0000028973fb77f0 DEOPT UNPACKING pc=0x000002891cd04242 sp=0x000000e1048fe2a8 mode 0
Event: 69.842 Thread 0x0000028972d688e0 DEOPT PACKING pc=0x000002891745e7cc sp=0x000000e1047fe760
Event: 69.842 Thread 0x0000028972d688e0 DEOPT UNPACKING pc=0x000002891cd04242 sp=0x000000e1047fdd10 mode 0
Event: 69.844 Thread 0x0000028973c066a0 Uncommon trap: trap_request=0xffffff45 fr.pc=0x000002891dcc5258 relative=0x00000000000005b8
Event: 69.844 Thread 0x0000028973c066a0 Uncommon trap: reason=unstable_if action=reinterpret pc=0x000002891dcc5258 method=org.eclipse.jdt.internal.core.index.DiskIndex.addQueryResult(Lorg/eclipse/jdt/internal/compiler/util/HashtableOfObject;[CLjava/lang/Object;Lorg/eclipse/jdt/internal/core/ind
Event: 69.844 Thread 0x0000028973c066a0 DEOPT PACKING pc=0x000002891dcc5258 sp=0x000000e1041fe8c0
Event: 69.844 Thread 0x0000028973c066a0 DEOPT UNPACKING pc=0x000002891cd03aa2 sp=0x000000e1041fe810 mode 2
Event: 69.847 Thread 0x0000028973c066a0 Uncommon trap: trap_request=0xffffff45 fr.pc=0x000002891dcf0f08 relative=0x0000000000000908
Event: 69.847 Thread 0x0000028973c066a0 Uncommon trap: reason=unstable_if action=reinterpret pc=0x000002891dcf0f08 method=org.eclipse.jdt.internal.core.index.DiskIndex.readStreamChars(Ljava/io/InputStream;)[C @ 1 c2
Event: 69.847 Thread 0x0000028973c066a0 DEOPT PACKING pc=0x000002891dcf0f08 sp=0x000000e1041fe9a0
Event: 69.847 Thread 0x0000028973c066a0 DEOPT UNPACKING pc=0x000002891cd03aa2 sp=0x000000e1041fe908 mode 2
Event: 69.847 Thread 0x0000028973c066a0 Uncommon trap: trap_request=0xffffff76 fr.pc=0x000002891dcedc90 relative=0x0000000000002950
Event: 69.847 Thread 0x0000028973c066a0 Uncommon trap: reason=predicate action=maybe_recompile pc=0x000002891dcedc90 method=org.eclipse.jdt.internal.core.index.DiskIndex.readChunk([Ljava/lang/String;Ljava/io/InputStream;II)V @ 262 c2
Event: 69.847 Thread 0x0000028973c066a0 DEOPT PACKING pc=0x000002891dcedc90 sp=0x000000e1041fe9f0
Event: 69.847 Thread 0x0000028973c066a0 DEOPT UNPACKING pc=0x000002891cd03aa2 sp=0x000000e1041fe9e8 mode 2

Classes loaded (20 events):
Event: 45.053 Loading class java/nio/file/FileTreeIterator
Event: 45.053 Loading class java/nio/file/FileTreeIterator done
Event: 45.137 Loading class java/util/stream/ReduceOps$4
Event: 45.138 Loading class java/util/stream/ReduceOps$4 done
Event: 45.138 Loading class java/util/stream/ReduceOps$4ReducingSink
Event: 45.138 Loading class java/util/stream/ReduceOps$4ReducingSink done
Event: 45.143 Loading class java/nio/file/Files$2
Event: 45.143 Loading class java/nio/file/Files$2 done
Event: 45.223 Loading class java/util/concurrent/ArrayBlockingQueue
Event: 45.224 Loading class java/util/concurrent/ArrayBlockingQueue done
Event: 45.318 Loading class java/util/Hashtable$ValueCollection
Event: 45.318 Loading class java/util/Hashtable$ValueCollection done
Event: 45.321 Loading class java/util/concurrent/ConcurrentHashMap$KeySpliterator
Event: 45.321 Loading class java/util/concurrent/ConcurrentHashMap$KeySpliterator done
Event: 45.609 Loading class java/io/CharArrayWriter
Event: 45.609 Loading class java/io/CharArrayWriter done
Event: 46.502 Loading class java/util/concurrent/CompletableFuture$UniApply
Event: 46.503 Loading class java/util/concurrent/CompletableFuture$UniApply done
Event: 46.504 Loading class java/util/concurrent/CompletableFuture$UniExceptionally
Event: 46.504 Loading class java/util/concurrent/CompletableFuture$UniExceptionally done

Classes unloaded (7 events):
Event: 3.218 Thread 0x000002896a1e30a0 Unloading class 0x000002892a1ad000 'java/lang/invoke/LambdaForm$MH+0x000002892a1ad000'
Event: 3.218 Thread 0x000002896a1e30a0 Unloading class 0x000002892a1acc00 'java/lang/invoke/LambdaForm$MH+0x000002892a1acc00'
Event: 3.218 Thread 0x000002896a1e30a0 Unloading class 0x000002892a1ac800 'java/lang/invoke/LambdaForm$MH+0x000002892a1ac800'
Event: 3.218 Thread 0x000002896a1e30a0 Unloading class 0x000002892a1ac400 'java/lang/invoke/LambdaForm$MH+0x000002892a1ac400'
Event: 3.218 Thread 0x000002896a1e30a0 Unloading class 0x000002892a1ac000 'java/lang/invoke/LambdaForm$BMH+0x000002892a1ac000'
Event: 3.218 Thread 0x000002896a1e30a0 Unloading class 0x000002892a1abc00 'java/lang/invoke/LambdaForm$DMH+0x000002892a1abc00'
Event: 3.218 Thread 0x000002896a1e30a0 Unloading class 0x000002892a1aa800 'java/lang/invoke/LambdaForm$DMH+0x000002892a1aa800'

Classes redefined (0 events):
No events

Internal exceptions (20 events):
Event: 68.140 Thread 0x00000289710d1910 Exception <a 'sun/nio/fs/WindowsException'{0x00000000d5644ef0}> (0x00000000d5644ef0) 
thrown [s\src\hotspot\share\prims\jni.cpp, line 520]
Event: 68.162 Thread 0x00000289710d1910 Exception <a 'sun/nio/fs/WindowsException'{0x00000000d56b3788}> (0x00000000d56b3788) 
thrown [s\src\hotspot\share\prims\jni.cpp, line 520]
Event: 68.196 Thread 0x00000289710d1910 Exception <a 'sun/nio/fs/WindowsException'{0x00000000d567c520}> (0x00000000d567c520) 
thrown [s\src\hotspot\share\prims\jni.cpp, line 520]
Event: 68.211 Thread 0x00000289710d1910 Exception <a 'sun/nio/fs/WindowsException'{0x00000000d56abfa0}> (0x00000000d56abfa0) 
thrown [s\src\hotspot\share\prims\jni.cpp, line 520]
Event: 68.327 Thread 0x00000289710d1910 Exception <a 'sun/nio/fs/WindowsException'{0x00000000d55e8fb0}> (0x00000000d55e8fb0) 
thrown [s\src\hotspot\share\prims\jni.cpp, line 520]
Event: 68.423 Thread 0x00000289710d1910 Exception <a 'sun/nio/fs/WindowsException'{0x00000000d562b088}> (0x00000000d562b088) 
thrown [s\src\hotspot\share\prims\jni.cpp, line 520]
Event: 68.524 Thread 0x00000289710d1910 Exception <a 'sun/nio/fs/WindowsException'{0x00000000d55c33a0}> (0x00000000d55c33a0) 
thrown [s\src\hotspot\share\prims\jni.cpp, line 520]
Event: 68.681 Thread 0x00000289710d1910 Exception <a 'sun/nio/fs/WindowsException'{0x00000000d56675f8}> (0x00000000d56675f8) 
thrown [s\src\hotspot\share\prims\jni.cpp, line 520]
Event: 68.728 Thread 0x00000289710d1910 Exception <a 'sun/nio/fs/WindowsException'{0x00000000d5686648}> (0x00000000d5686648) 
thrown [s\src\hotspot\share\prims\jni.cpp, line 520]
Event: 68.770 Thread 0x00000289710d1910 Exception <a 'sun/nio/fs/WindowsException'{0x00000000d58484d8}> (0x00000000d58484d8) 
thrown [s\src\hotspot\share\prims\jni.cpp, line 520]
Event: 68.798 Thread 0x00000289710d1910 Exception <a 'sun/nio/fs/WindowsException'{0x00000000d58a9618}> (0x00000000d58a9618) 
thrown [s\src\hotspot\share\prims\jni.cpp, line 520]
Event: 68.817 Thread 0x00000289710d1910 Exception <a 'sun/nio/fs/WindowsException'{0x00000000d5655260}> (0x00000000d5655260) 
thrown [s\src\hotspot\share\prims\jni.cpp, line 520]
Event: 68.834 Thread 0x00000289710d1910 Exception <a 'sun/nio/fs/WindowsException'{0x00000000d56fa268}> (0x00000000d56fa268) 
thrown [s\src\hotspot\share\prims\jni.cpp, line 520]
Event: 69.086 Thread 0x00000289710d1910 Exception <a 'sun/nio/fs/WindowsException'{0x00000000d578a538}> (0x00000000d578a538) 
thrown [s\src\hotspot\share\prims\jni.cpp, line 520]
Event: 69.134 Thread 0x00000289710d1910 Exception <a 'sun/nio/fs/WindowsException'{0x00000000d55e4748}> (0x00000000d55e4748) 
thrown [s\src\hotspot\share\prims\jni.cpp, line 520]
Event: 69.278 Thread 0x00000289710d1910 Exception <a 'sun/nio/fs/WindowsException'{0x00000000d5832c00}> (0x00000000d5832c00) 
thrown [s\src\hotspot\share\prims\jni.cpp, line 520]
Event: 69.317 Thread 0x00000289710d1910 Exception <a 'sun/nio/fs/WindowsException'{0x00000000d5832e60}> (0x00000000d5832e60) 
thrown [s\src\hotspot\share\prims\jni.cpp, line 520]
Event: 69.887 Thread 0x0000028972d6a320 Exception <a 'sun/nio/fs/WindowsException'{0x00000000d57b8a28}> (0x00000000d57b8a28) 
thrown [s\src\hotspot\share\prims\jni.cpp, line 520]
Event: 69.888 Thread 0x0000028972d6a320 Exception <a 'sun/nio/fs/WindowsException'{0x00000000d57b92c0}> (0x00000000d57b92c0) 
thrown [s\src\hotspot\share\prims\jni.cpp, line 520]
Event: 105.858 Thread 0x0000028972d69600 Exception <a 'java/lang/IncompatibleClassChangeError'{0x00000000d55ba298}: Found class java.lang.Object, but interface was expected> (0x00000000d55ba298) 
thrown [s\src\hotspot\share\interpreter\linkResolver.cpp, line 840]

ZGC Phase Switch (0 events):
No events

VM Operations (20 events):
Event: 69.794 Executing VM operation: ParallelGCFailedAllocation (Allocation Failure)
Event: 69.798 Executing VM operation: ParallelGCFailedAllocation (Allocation Failure) done
Event: 69.811 Executing VM operation: ParallelGCFailedAllocation (Allocation Failure)
Event: 69.814 Executing VM operation: ParallelGCFailedAllocation (Allocation Failure) done
Event: 69.819 Executing VM operation: ParallelGCFailedAllocation (Allocation Failure)
Event: 69.822 Executing VM operation: ParallelGCFailedAllocation (Allocation Failure) done
Event: 69.824 Executing VM operation: ParallelGCFailedAllocation (Allocation Failure)
Event: 69.835 Executing VM operation: ParallelGCFailedAllocation (Allocation Failure) done
Event: 69.839 Executing VM operation: ParallelGCFailedAllocation (Allocation Failure)
Event: 69.842 Executing VM operation: ParallelGCFailedAllocation (Allocation Failure) done
Event: 69.940 Executing VM operation: ParallelGCFailedAllocation (Allocation Failure)
Event: 69.944 Executing VM operation: ParallelGCFailedAllocation (Allocation Failure) done
Event: 70.957 Executing VM operation: Cleanup
Event: 70.957 Executing VM operation: Cleanup done
Event: 106.228 Executing VM operation: Cleanup
Event: 106.232 Executing VM operation: Cleanup done
Event: 120.307 Executing VM operation: HandshakeAllThreads (HandshakeForDeflation)
Event: 120.309 Executing VM operation: HandshakeAllThreads (HandshakeForDeflation) done
Event: 120.309 Executing VM operation: RendezvousGCThreads
Event: 120.309 Executing VM operation: RendezvousGCThreads done

Memory protections (0 events):
No events

Nmethod flushes (20 events):
Event: 40.472 Thread 0x000002896a1e30a0 flushing  nmethod 0x0000028915f2bf10
Event: 40.472 Thread 0x000002896a1e30a0 flushing  nmethod 0x0000028915f46710
Event: 40.472 Thread 0x000002896a1e30a0 flushing  nmethod 0x0000028915f4f290
Event: 40.472 Thread 0x000002896a1e30a0 flushing  nmethod 0x0000028915f86d10
Event: 40.472 Thread 0x000002896a1e30a0 flushing  nmethod 0x0000028915facf10
Event: 40.472 Thread 0x000002896a1e30a0 flushing  nmethod 0x0000028915fb0d90
Event: 40.472 Thread 0x000002896a1e30a0 flushing  nmethod 0x0000028915fbef90
Event: 40.472 Thread 0x000002896a1e30a0 flushing  nmethod 0x0000028915fc7590
Event: 40.472 Thread 0x000002896a1e30a0 flushing  nmethod 0x0000028915ff6f10
Event: 40.472 Thread 0x000002896a1e30a0 flushing  nmethod 0x0000028915ffa690
Event: 40.472 Thread 0x000002896a1e30a0 flushing  nmethod 0x0000028915ffbb10
Event: 40.472 Thread 0x000002896a1e30a0 flushing  nmethod 0x0000028915ffc110
Event: 40.472 Thread 0x000002896a1e30a0 flushing  nmethod 0x0000028915ffc990
Event: 40.472 Thread 0x000002896a1e30a0 flushing  nmethod 0x0000028915ffd410
Event: 40.472 Thread 0x000002896a1e30a0 flushing  nmethod 0x0000028915fff810
Event: 40.472 Thread 0x000002896a1e30a0 flushing  nmethod 0x0000028916014110
Event: 40.472 Thread 0x000002896a1e30a0 flushing  nmethod 0x000002891602f310
Event: 40.472 Thread 0x000002896a1e30a0 flushing  nmethod 0x0000028916087610
Event: 40.472 Thread 0x000002896a1e30a0 flushing  nmethod 0x000002891609ce90
Event: 40.472 Thread 0x000002896a1e30a0 flushing  nmethod 0x00000289160b2310

Events (20 events):
Event: 51.495 Thread 0x0000028973c06010 Thread exited: 0x0000028973c06010
Event: 52.160 Thread 0x000002897364e5a0 Thread exited: 0x000002897364e5a0
Event: 69.330 Thread 0x0000028970043e80 Thread added: 0x000002897254a240
Event: 69.330 Thread 0x0000028970043e80 Thread added: 0x0000028972933940
Event: 69.792 Thread 0x0000028973c06d30 Thread added: 0x0000028973c05980
Event: 69.793 Thread 0x0000028973c066a0 Thread added: 0x0000028973c06010
Event: 69.799 Thread 0x0000028973c06010 Thread added: 0x0000028972d688e0
Event: 69.799 Thread 0x0000028973c05980 Thread added: 0x0000028973fb77f0
Event: 69.799 Thread 0x0000028972d688e0 Thread added: 0x0000028973fb98c0
Event: 69.800 Thread 0x0000028973fb98c0 Thread added: 0x0000028973fb7e80
Event: 69.800 Thread 0x0000028973fb77f0 Thread added: 0x0000028973fb8ba0
Event: 75.013 Thread 0x0000028972933940 Thread exited: 0x0000028972933940
Event: 80.022 Thread 0x000002897254a240 Thread exited: 0x000002897254a240
Event: 105.464 Thread 0x0000028973c01e70 Thread exited: 0x0000028973c01e70
Event: 129.356 Thread 0x00000289710d1280 Thread exited: 0x00000289710d1280
Event: 129.797 Thread 0x00000289710d0560 Thread exited: 0x00000289710d0560
Event: 129.874 Thread 0x0000028972d68250 Thread exited: 0x0000028972d68250
Event: 129.896 Thread 0x0000028973c00430 Thread exited: 0x0000028973c00430
Event: 129.900 Thread 0x0000028973c052f0 Thread exited: 0x0000028973c052f0
Event: 130.010 Thread 0x0000028972d6a320 Thread exited: 0x0000028972d6a320


Dynamic libraries:
0x00007ff6027f0000 - 0x00007ff6027fe000 	c:\Users\ACER\.vscode\extensions\redhat.java-1.45.0-win32-x64\jre\21.0.8-win32-x86_64\bin\java.exe
0x00007ffe4ab60000 - 0x00007ffe4adc7000 	C:\WINDOWS\SYSTEM32\ntdll.dll
0x00007ffe4a040000 - 0x00007ffe4a109000 	C:\WINDOWS\System32\KERNEL32.DLL
0x00007ffe47ec0000 - 0x00007ffe482b0000 	C:\WINDOWS\System32\KERNELBASE.dll
0x00007ffe484c0000 - 0x00007ffe4860b000 	C:\WINDOWS\System32\ucrtbase.dll
0x00007ffe242a0000 - 0x00007ffe242b8000 	c:\Users\ACER\.vscode\extensions\redhat.java-1.45.0-win32-x64\jre\21.0.8-win32-x86_64\bin\jli.dll
0x00007ffe20780000 - 0x00007ffe2079e000 	c:\Users\ACER\.vscode\extensions\redhat.java-1.45.0-win32-x64\jre\21.0.8-win32-x86_64\bin\VCRUNTIME140.dll
0x00007ffe49070000 - 0x00007ffe49235000 	C:\WINDOWS\System32\USER32.dll
0x00007ffe28e90000 - 0x00007ffe2912a000 	C:\WINDOWS\WinSxS\amd64_microsoft.windows.common-controls_6595b64144ccf1df_6.0.26100.4768_none_3e0c112ce331287c\COMCTL32.dll
0x00007ffe486a0000 - 0x00007ffe486c7000 	C:\WINDOWS\System32\win32u.dll
0x00007ffe4a230000 - 0x00007ffe4a25b000 	C:\WINDOWS\System32\GDI32.dll
0x00007ffe49b80000 - 0x00007ffe49c29000 	C:\WINDOWS\System32\msvcrt.dll
0x00007ffe48380000 - 0x00007ffe484b8000 	C:\WINDOWS\System32\gdi32full.dll
0x00007ffe47e10000 - 0x00007ffe47eb3000 	C:\WINDOWS\System32\msvcp_win.dll
0x00007ffe4a000000 - 0x00007ffe4a02f000 	C:\WINDOWS\System32\IMM32.DLL
0x00007ffe33310000 - 0x00007ffe3331c000 	c:\Users\ACER\.vscode\extensions\redhat.java-1.45.0-win32-x64\jre\21.0.8-win32-x86_64\bin\vcruntime140_1.dll
0x00007ffde3cb0000 - 0x00007ffde3d3d000 	c:\Users\ACER\.vscode\extensions\redhat.java-1.45.0-win32-x64\jre\21.0.8-win32-x86_64\bin\msvcp140.dll
0x00007ffda5290000 - 0x00007ffda6027000 	c:\Users\ACER\.vscode\extensions\redhat.java-1.45.0-win32-x64\jre\21.0.8-win32-x86_64\bin\server\jvm.dll
0x00007ffe4aa50000 - 0x00007ffe4ab04000 	C:\WINDOWS\System32\ADVAPI32.dll
0x00007ffe4a180000 - 0x00007ffe4a226000 	C:\WINDOWS\System32\sechost.dll
0x00007ffe48930000 - 0x00007ffe48a48000 	C:\WINDOWS\System32\RPCRT4.dll
0x00007ffe48ef0000 - 0x00007ffe48f64000 	C:\WINDOWS\System32\WS2_32.dll
0x00007ffe46870000 - 0x00007ffe468ce000 	C:\WINDOWS\SYSTEM32\POWRPROF.dll
0x00007ffe3bc90000 - 0x00007ffe3bcc5000 	C:\WINDOWS\SYSTEM32\WINMM.dll
0x00007ffe3df50000 - 0x00007ffe3df5b000 	C:\WINDOWS\SYSTEM32\VERSION.dll
0x00007ffe46850000 - 0x00007ffe46864000 	C:\WINDOWS\SYSTEM32\UMPDC.dll
0x00007ffe46b30000 - 0x00007ffe46b4b000 	C:\WINDOWS\SYSTEM32\kernel.appcore.dll
0x00007ffe33270000 - 0x00007ffe3327a000 	c:\Users\ACER\.vscode\extensions\redhat.java-1.45.0-win32-x64\jre\21.0.8-win32-x86_64\bin\jimage.dll
0x00007ffe45490000 - 0x00007ffe456d1000 	C:\WINDOWS\SYSTEM32\DBGHELP.DLL
0x00007ffe4a2d0000 - 0x00007ffe4a655000 	C:\WINDOWS\System32\combase.dll
0x00007ffe4a960000 - 0x00007ffe4aa40000 	C:\WINDOWS\System32\OLEAUT32.dll
0x00007ffe10d00000 - 0x00007ffe10d43000 	C:\WINDOWS\SYSTEM32\dbgcore.DLL
0x00007ffe486d0000 - 0x00007ffe48769000 	C:\WINDOWS\System32\bcryptPrimitives.dll
0x00007ffe32b40000 - 0x00007ffe32b4f000 	c:\Users\ACER\.vscode\extensions\redhat.java-1.45.0-win32-x64\jre\21.0.8-win32-x86_64\bin\instrument.dll
0x00007ffe1b710000 - 0x00007ffe1b72f000 	c:\Users\ACER\.vscode\extensions\redhat.java-1.45.0-win32-x64\jre\21.0.8-win32-x86_64\bin\java.dll
0x00007ffe493c0000 - 0x00007ffe49b0d000 	C:\WINDOWS\System32\SHELL32.dll
0x00007ffe48770000 - 0x00007ffe488e3000 	C:\WINDOWS\System32\wintypes.dll
0x00007ffe45890000 - 0x00007ffe460f0000 	C:\WINDOWS\SYSTEM32\windows.storage.dll
0x00007ffe48f70000 - 0x00007ffe49065000 	C:\WINDOWS\System32\SHCORE.dll
0x00007ffe49b10000 - 0x00007ffe49b7a000 	C:\WINDOWS\System32\shlwapi.dll
0x00007ffe47bb0000 - 0x00007ffe47bd9000 	C:\WINDOWS\SYSTEM32\profapi.dll
0x00007ffe1a690000 - 0x00007ffe1a6a8000 	c:\Users\ACER\.vscode\extensions\redhat.java-1.45.0-win32-x64\jre\21.0.8-win32-x86_64\bin\zip.dll
0x00007ffe23040000 - 0x00007ffe23050000 	C:\Users\ACER\.vscode\extensions\redhat.java-1.45.0-win32-x64\jre\21.0.8-win32-x86_64\bin\net.dll
0x00007ffe3ba20000 - 0x00007ffe3bb3e000 	C:\WINDOWS\SYSTEM32\WINHTTP.dll
0x00007ffe470c0000 - 0x00007ffe4712b000 	C:\WINDOWS\system32\mswsock.dll
0x00007ffe0bb20000 - 0x00007ffe0bb36000 	C:\Users\ACER\.vscode\extensions\redhat.java-1.45.0-win32-x64\jre\21.0.8-win32-x86_64\bin\nio.dll
0x00007ffe22f60000 - 0x00007ffe22f70000 	c:\Users\ACER\.vscode\extensions\redhat.java-1.45.0-win32-x64\jre\21.0.8-win32-x86_64\bin\verify.dll
0x00007ffdfd160000 - 0x00007ffdfd1a4000 	C:\Users\ACER\AppData\Roaming\Code\User\globalStorage\redhat.java\1.45.0\config_win\org.eclipse.equinox.launcher\org.eclipse.equinox.launcher.win32.win32.x86_64_1.2.1400.v20250801-0854\eclipse_11916.dll
0x00007ffe49c30000 - 0x00007ffe49dd0000 	C:\WINDOWS\System32\ole32.dll
0x00007ffe20820000 - 0x00007ffe2082a000 	C:\Users\ACER\.vscode\extensions\redhat.java-1.45.0-win32-x64\jre\21.0.8-win32-x86_64\bin\management.dll
0x00007ffe125d0000 - 0x00007ffe125db000 	C:\Users\ACER\.vscode\extensions\redhat.java-1.45.0-win32-x64\jre\21.0.8-win32-x86_64\bin\management_ext.dll
0x00007ffe4a110000 - 0x00007ffe4a118000 	C:\WINDOWS\System32\PSAPI.DLL
0x00007ffe47380000 - 0x00007ffe4739b000 	C:\WINDOWS\SYSTEM32\CRYPTSP.dll
0x00007ffe46a90000 - 0x00007ffe46acb000 	C:\WINDOWS\system32\rsaenh.dll
0x00007ffe47160000 - 0x00007ffe4718b000 	C:\WINDOWS\SYSTEM32\USERENV.dll
0x00007ffe47b80000 - 0x00007ffe47ba6000 	C:\WINDOWS\SYSTEM32\bcrypt.dll
0x00007ffe473a0000 - 0x00007ffe473ac000 	C:\WINDOWS\SYSTEM32\CRYPTBASE.dll
0x00007ffe464e0000 - 0x00007ffe46513000 	C:\WINDOWS\SYSTEM32\IPHLPAPI.DLL
0x00007ffe4ab10000 - 0x00007ffe4ab1a000 	C:\WINDOWS\System32\NSI.dll
0x00007ffe1b780000 - 0x00007ffe1b7c9000 	C:\Users\ACER\AppData\Local\Temp\jna-2003023\jna11893182192818123645.dll
0x00007ffe3b970000 - 0x00007ffe3b98f000 	C:\WINDOWS\SYSTEM32\dhcpcsvc6.DLL
0x00007ffe3b940000 - 0x00007ffe3b965000 	C:\WINDOWS\SYSTEM32\dhcpcsvc.DLL
0x00007ffe0e1b0000 - 0x00007ffe0e1be000 	C:\Users\ACER\.vscode\extensions\redhat.java-1.45.0-win32-x64\jre\21.0.8-win32-x86_64\bin\sunmscapi.dll
0x00007ffe47c90000 - 0x00007ffe47e07000 	C:\WINDOWS\System32\CRYPT32.dll
0x00007ffe475a0000 - 0x00007ffe475d0000 	C:\WINDOWS\SYSTEM32\ncrypt.dll
0x00007ffe47550000 - 0x00007ffe4758f000 	C:\WINDOWS\SYSTEM32\NTASN1.dll
0x00007ffe46580000 - 0x00007ffe466a6000 	C:\WINDOWS\SYSTEM32\DNSAPI.dll
0x00007ffe34b90000 - 0x00007ffe34b9b000 	C:\Windows\System32\rasadhlp.dll
0x00007ffe369c0000 - 0x00007ffe36a46000 	C:\WINDOWS\System32\fwpuclnt.dll
0x00007ffe3fd60000 - 0x00007ffe3fd69000 	C:\Users\ACER\.vscode\extensions\redhat.java-1.45.0-win32-x64\jre\21.0.8-win32-x86_64\bin\extnet.dll

JVMTI agents:
c:\Users\ACER\.vscode\extensions\redhat.java-1.45.0-win32-x64\lombok\lombok-1.18.39-4050.jar path:c:\Users\ACER\.vscode\extensions\redhat.java-1.45.0-win32-x64\jre\21.0.8-win32-x86_64\bin\instrument.dll, loaded, initialized, instrumentlib options:none

dbghelp: loaded successfully - version: 4.0.5 - missing functions: none
symbol engine: initialized successfully - sym options: 0x614 - pdb path: .;c:\Users\ACER\.vscode\extensions\redhat.java-1.45.0-win32-x64\jre\21.0.8-win32-x86_64\bin;C:\WINDOWS\SYSTEM32;C:\WINDOWS\WinSxS\amd64_microsoft.windows.common-controls_6595b64144ccf1df_6.0.26100.4768_none_3e0c112ce331287c;c:\Users\ACER\.vscode\extensions\redhat.java-1.45.0-win32-x64\jre\21.0.8-win32-x86_64\bin\server;C:\Users\ACER\AppData\Roaming\Code\User\globalStorage\redhat.java\1.45.0\config_win\org.eclipse.equinox.launcher\org.eclipse.equinox.launcher.win32.win32.x86_64_1.2.1400.v20250801-0854;C:\Users\ACER\AppData\Local\Temp\jna-2003023

VM Arguments:
jvm_args: --add-modules=ALL-SYSTEM --add-opens=java.base/java.util=ALL-UNNAMED --add-opens=java.base/java.lang=ALL-UNNAMED --add-opens=java.base/sun.nio.fs=ALL-UNNAMED -Declipse.application=org.eclipse.jdt.ls.core.id1 -Dosgi.bundles.defaultStartLevel=4 -Declipse.product=org.eclipse.jdt.ls.core.product -Djava.import.generatesMetadataFilesAtProjectRoot=false -DDetectVMInstallationsJob.disabled=true -Dfile.encoding=utf8 -XX:+UseParallelGC -XX:GCTimeRatio=4 -XX:AdaptiveSizePolicyWeight=90 -Dsun.zip.disableMemoryMapping=true -Xmx2G -Xms100m -Xlog:disable -javaagent:c:\Users\ACER\.vscode\extensions\redhat.java-1.45.0-win32-x64\lombok\lombok-1.18.39-4050.jar -XX:+HeapDumpOnOutOfMemoryError -XX:HeapDumpPath=c:\Users\ACER\AppData\Roaming\Code\User\workspaceStorage\9611b04bc7fab95842e991bce8484503\redhat.java -Daether.dependencyCollector.impl=bf 
java_command: c:\Users\ACER\.vscode\extensions\redhat.java-1.45.0-win32-x64\server\plugins\org.eclipse.equinox.launcher_1.7.0.v20250519-0528.jar -configuration c:\Users\ACER\AppData\Roaming\Code\User\globalStorage\redhat.java\1.45.0\config_win -data c:\Users\ACER\AppData\Roaming\Code\User\workspaceStorage\9611b04bc7fab95842e991bce8484503\redhat.java\jdt_ws --pipe=\\.\pipe\lsp-1dc76451e6f75d2a9e73092e778f3cc9-sock
java_class_path (initial): c:\Users\ACER\.vscode\extensions\redhat.java-1.45.0-win32-x64\server\plugins\org.eclipse.equinox.launcher_1.7.0.v20250519-0528.jar
Launcher Type: SUN_STANDARD

[Global flags]
    uintx AdaptiveSizePolicyWeight                 = 90                                        {product} {command line}
     intx CICompilerCount                          = 4                                         {product} {ergonomic}
    uintx GCTimeRatio                              = 4                                         {product} {command line}
     bool HeapDumpOnOutOfMemoryError               = true                                   {manageable} {command line}
    ccstr HeapDumpPath                             = c:\Users\ACER\AppData\Roaming\Code\User\workspaceStorage\9611b04bc7fab95842e991bce8484503\redhat.java         {manageable} {command line}
   size_t InitialHeapSize                          = 104857600                                 {product} {command line}
   size_t MaxHeapSize                              = 2147483648                                {product} {command line}
   size_t MaxNewSize                               = 715653120                                 {product} {ergonomic}
   size_t MinHeapDeltaBytes                        = 524288                                    {product} {ergonomic}
   size_t MinHeapSize                              = 104857600                                 {product} {command line}
   size_t NewSize                                  = 34603008                                  {product} {ergonomic}
    uintx NonNMethodCodeHeapSize                   = 5839372                                {pd product} {ergonomic}
    uintx NonProfiledCodeHeapSize                  = 122909434                              {pd product} {ergonomic}
   size_t OldSize                                  = 70254592                                  {product} {ergonomic}
    uintx ProfiledCodeHeapSize                     = 122909434                              {pd product} {ergonomic}
    uintx ReservedCodeCacheSize                    = 251658240                              {pd product} {ergonomic}
     bool SegmentedCodeCache                       = true                                      {product} {ergonomic}
   size_t SoftMaxHeapSize                          = 2147483648                             {manageable} {ergonomic}
     bool UseCompressedOops                        = true                           {product lp64_product} {ergonomic}
     bool UseLargePagesIndividualAllocation        = false                                  {pd product} {ergonomic}
     bool UseParallelGC                            = true                                      {product} {command line}

Logging:
Log output configuration:
 #0: stdout all=off uptime,level,tags foldmultilines=false
 #1: stderr all=off uptime,level,tags foldmultilines=false

Environment Variables:
PATH=C:\Program Files\NVIDIA GPU Computing Toolkit\CUDA\v12.9\bin;C:\Program Files\NVIDIA GPU Computing Toolkit\CUDA\v12.9\libnvvp;C:\Program Files (x86)\VMware\VMware Workstation\bin\;C:\Program Files\Common Files\Oracle\Java\javapath;C:\Windows\system32;C:\Windows;C:\Windows\System32\Wbem;C:\Windows\System32\WindowsPowerShell\v1.0\;C:\Windows\System32\OpenSSH\;C:\Program Files (x86)\NVIDIA Corporation\PhysX\Common;C:\Program Files\Git\cmd;C:\Program Files\PuTTY\;C:\Program Files\nodejs\;C:\ProgramData\ComposerSetup\bin;C:\Users\ACER\AppData\Local\Programs\Python\Python313;C:\Users\ACER\AppData\Local\Programs\Python\Python313\Scripts;C:\xampp_new\php;C:\ProgramData\chocolatey\bin;C:\Program Files\NVIDIA Corporation\Nsight Compute 2025.2.1\;C:\Program Files\NVIDIA Corporation\NVIDIA App\NvDLISR;C:\WINDOWS\system32;C:\WINDOWS;C:\WINDOWS\System32\Wbem;C:\WINDOWS\System32\WindowsPowerShell\v1.0\;C:\WINDOWS\System32\OpenSSH\;C:\Users\ACER\AppData\Local\Android\Sdk\platform-tools;C:\Program Files (x86)\WebDriver;;C:\Program Files\Docker\Docker\resources\bin;C:\Users\ACER\AppData\Local\Programs\Python\Python313\Scripts\;C:\Users\ACER\AppData\Local\Programs\Python\Python313\;C:\Users\ACER\AppData\Local\Microsoft\WindowsApps;C:\Users\ACER\AppData\Local\Programs\Microsoft VS Code\bin;C:\flutter\bin;C:\Users\ACER\AppData\Roaming\npm;C:\Users\ACER\AppData\Roaming\Composer\vendor\bin;C:\Users\ACER\AppData\Local\spicetify;C:\Users\ACER\AppData\Local\Microsoft\WindowsApps;C:\Users\ACER\AppData\Local\Android\Sdk\platform-tools;
USERNAME=ACER
OS=Windows_NT
PROCESSOR_IDENTIFIER=Intel64 Family 6 Model 186 Stepping 2, GenuineIntel
TMP=C:\Users\ACER\AppData\Local\Temp
TEMP=C:\Users\ACER\AppData\Local\Temp




Periodic native trim disabled

---------------  S Y S T E M  ---------------

OS:
 Windows 11 , 64 bit Build 26100 (10.0.26100.4768)
OS uptime: 11 days 1:57 hours
Hyper-V role detected

CPU: total 12 (initial active 12) (6 cores per cpu, 2 threads per core) family 6 model 186 stepping 2 microcode 0x5103, cx8, cmov, fxsr, ht, mmx, 3dnowpref, sse, sse2, sse3, ssse3, sse4.1, sse4.2, popcnt, lzcnt, tsc, tscinvbit, avx, avx2, aes, erms, clmul, bmi1, bmi2, adx, sha, fma, vzeroupper, clflush, clflushopt, clwb, hv, serialize, rdtscp, rdpid, fsrm, f16c, cet_ibt, cet_ss
Processor Information for processor 0
  Max Mhz: 2100, Current Mhz: 2100, Mhz Limit: 2100
Processor Information for processor 1
  Max Mhz: 2100, Current Mhz: 2100, Mhz Limit: 2100
Processor Information for processor 2
  Max Mhz: 2100, Current Mhz: 2100, Mhz Limit: 2100
Processor Information for processor 3
  Max Mhz: 2100, Current Mhz: 2100, Mhz Limit: 2100
Processor Information for processor 4
  Max Mhz: 2100, Current Mhz: 2100, Mhz Limit: 2100
Processor Information for processor 5
  Max Mhz: 2100, Current Mhz: 2100, Mhz Limit: 2100
Processor Information for processor 6
  Max Mhz: 2100, Current Mhz: 2100, Mhz Limit: 2100
Processor Information for processor 7
  Max Mhz: 2100, Current Mhz: 2100, Mhz Limit: 2100
Processor Information for processor 8
  Max Mhz: 2100, Current Mhz: 2100, Mhz Limit: 2100
Processor Information for processor 9
  Max Mhz: 2100, Current Mhz: 2100, Mhz Limit: 2100
Processor Information for processor 10
  Max Mhz: 2100, Current Mhz: 1540, Mhz Limit: 2100
Processor Information for processor 11
  Max Mhz: 2100, Current Mhz: 2100, Mhz Limit: 2100

Memory: 4k page, system-wide physical 7895M (285M free)
TotalPageFile size 27340M (AvailPageFile size 20M)
current process WorkingSet (physical memory assigned to process): 13M, peak: 754M
current process commit charge ("private bytes"): 1037M, peak: 1070M

vm_info: OpenJDK 64-Bit Server VM (21.0.8+9-LTS) for windows-amd64 JRE (21.0.8+9-LTS), built on 2025-07-15T00:00:00Z by "admin" with MS VC++ 17.7 (VS2022)

END.
