#
# There is insufficient memory for the Java Runtime Environment to continue.
# Native memory allocation (malloc) failed to allocate 1048576 bytes. Error detail: AllocateHeap
# Possible reasons:
#   The system is out of physical RAM or swap space
#   This process is running with CompressedOops enabled, and the Java Heap may be blocking the growth of the native heap
# Possible solutions:
#   Reduce memory load on the system
#   Increase physical memory or swap space
#   Check if swap backing store is full
#   Decrease Java heap size (-Xmx/-Xms)
#   Decrease number of Java threads
#   Decrease Java thread stack sizes (-Xss)
#   Set larger code cache with -XX:ReservedCodeCacheSize=
#   JVM is running with Unscaled Compressed Oops mode in which the Java heap is
#     placed in the first 4GB address space. The Java Heap base address is the
#     maximum limit for the native heap growth. Please use -XX:HeapBaseMinAddress
#     to set the Java Heap base and to place the Java Heap above 4GB virtual address.
# This output file may be truncated or incomplete.
#
#  Out of Memory Error (allocation.cpp:44), pid=27496, tid=34152
#
# JRE version: OpenJDK Runtime Environment Temurin-21.0.8+9 (21.0.8+9) (build 21.0.8+9-LTS)
# Java VM: OpenJDK 64-Bit Server VM Temurin-21.0.8+9 (21.0.8+9-LTS, mixed mode, sharing, tiered, compressed oops, compressed class ptrs, parallel gc, windows-amd64)
# No core dump will be written. Minidumps are not enabled by default on client versions of Windows
#

---------------  S U M M A R Y ------------

Command Line: --add-modules=ALL-SYSTEM --add-opens=java.base/java.util=ALL-UNNAMED --add-opens=java.base/java.lang=ALL-UNNAMED --add-opens=java.base/sun.nio.fs=ALL-UNNAMED -Declipse.application=org.eclipse.jdt.ls.core.id1 -Dosgi.bundles.defaultStartLevel=4 -Declipse.product=org.eclipse.jdt.ls.core.product -Djava.import.generatesMetadataFilesAtProjectRoot=false -DDetectVMInstallationsJob.disabled=true -Dfile.encoding=utf8 -XX:+UseParallelGC -XX:GCTimeRatio=4 -XX:AdaptiveSizePolicyWeight=90 -Dsun.zip.disableMemoryMapping=true -Xmx2G -Xms100m -Xlog:disable -javaagent:c:\Users\ACER\.vscode\extensions\redhat.java-1.45.0-win32-x64\lombok\lombok-1.18.39-4050.jar -XX:+HeapDumpOnOutOfMemoryError -XX:HeapDumpPath=c:\Users\ACER\AppData\Roaming\Code\User\workspaceStorage\08183c7a8599d3edc1db5d805d015760\redhat.java -Daether.dependencyCollector.impl=bf c:\Users\ACER\.vscode\extensions\redhat.java-1.45.0-win32-x64\server\plugins\org.eclipse.equinox.launcher_1.7.0.v20250519-0528.jar -configuration c:\Users\ACER\AppData\Roaming\Code\User\globalStorage\redhat.java\1.45.0\config_win -data c:\Users\ACER\AppData\Roaming\Code\User\workspaceStorage\08183c7a8599d3edc1db5d805d015760\redhat.java\jdt_ws --pipe=\\.\pipe\lsp-8e24c7e5423bbee626536c66a507475f-sock

Host: 13th Gen Intel(R) Core(TM) i5-13420H, 12 cores, 7G,  Windows 11 , 64 bit Build 26100 (10.0.26100.5074)
Time: Wed Sep 17 10:34:57 2025 SE Asia Standard Time elapsed time: 185.773845 seconds (0d 0h 3m 5s)

---------------  T H R E A D  ---------------

Current thread (0x00000247fa62c710):  JavaThread "Attach Listener" daemon [_thread_in_vm, id=34152, stack(0x000000e306600000,0x000000e306700000) (1024K)]

Stack: [0x000000e306600000,0x000000e306700000]
Native frames: (J=compiled Java code, j=interpreted, Vv=VM code, C=native code)
V  [jvm.dll+0x6d2449]
V  [jvm.dll+0x8ae341]
V  [jvm.dll+0x8b08be]
V  [jvm.dll+0x8b0fa3]
V  [jvm.dll+0x280c96]
V  [jvm.dll+0xc0347]
V  [jvm.dll+0x6d2cf9]
V  [jvm.dll+0x131116]
V  [jvm.dll+0x3f2d16]
V  [jvm.dll+0x857e6b]
V  [jvm.dll+0x6d0b0d]
C  [ucrtbase.dll+0x37b0]
C  [KERNEL32.DLL+0x2e8d7]
C  [ntdll.dll+0x8d9c]


---------------  P R O C E S S  ---------------

Threads class SMR info:
_java_thread_list=0x00000247e6c48910, length=56, elements={
0x00000247fa57e1a0, 0x00000247fa627420, 0x00000247fa628e80, 0x00000247fa62b860,
0x00000247fa62c710, 0x00000247fa62f760, 0x00000247fa62d750, 0x00000247fa62e580,
0x00000247ff2f7de0, 0x00000247ff36e830, 0x00000247ff5c1c10, 0x00000247d90901c0,
0x00000247d9171870, 0x00000247d90282e0, 0x00000247d9028d10, 0x00000247d96de9b0,
0x00000247d9574820, 0x00000247d96c03c0, 0x00000247d96be980, 0x00000247d96bf6a0,
0x00000247d96be2f0, 0x00000247d96bfd30, 0x00000247da386dc0, 0x00000247da385380,
0x00000247da3860a0, 0x00000247da383940, 0x00000247da387450, 0x00000247da383fd0,
0x00000247da384660, 0x00000247da385a10, 0x00000247da387ae0, 0x00000247da386730,
0x00000247da388170, 0x00000247da384cf0, 0x00000247da389bb0, 0x00000247da38a240,
0x00000247da38af60, 0x00000247da388800, 0x00000247da388e90, 0x00000247da389520,
0x00000247dadcd040, 0x00000247dadcb600, 0x00000247dadcd6d0, 0x00000247dadcc320,
0x00000247dadca250, 0x00000247dadcaf70, 0x00000247d9a13c20, 0x00000247d9a13590,
0x00000247d9a17dc0, 0x00000247d9a170a0, 0x00000247d9a19170, 0x00000247d9a15cf0,
0x00000247d9a12f00, 0x00000247d9a19800, 0x00000247e6d86ec0, 0x00000247e6d88270
}

Java Threads: ( => current thread )
  0x00000247fa57e1a0 JavaThread "main"                              [_thread_blocked, id=30008, stack(0x000000e305f00000,0x000000e306000000) (1024K)]
  0x00000247fa627420 JavaThread "Reference Handler"          daemon [_thread_blocked, id=35040, stack(0x000000e306300000,0x000000e306400000) (1024K)]
  0x00000247fa628e80 JavaThread "Finalizer"                  daemon [_thread_blocked, id=19608, stack(0x000000e306400000,0x000000e306500000) (1024K)]
  0x00000247fa62b860 JavaThread "Signal Dispatcher"          daemon [_thread_blocked, id=9728, stack(0x000000e306500000,0x000000e306600000) (1024K)]
=>0x00000247fa62c710 JavaThread "Attach Listener"            daemon [_thread_in_vm, id=34152, stack(0x000000e306600000,0x000000e306700000) (1024K)]
  0x00000247fa62f760 JavaThread "Service Thread"             daemon [_thread_blocked, id=13220, stack(0x000000e306700000,0x000000e306800000) (1024K)]
  0x00000247fa62d750 JavaThread "Monitor Deflation Thread"   daemon [_thread_blocked, id=2920, stack(0x000000e306800000,0x000000e306900000) (1024K)]
  0x00000247fa62e580 JavaThread "C2 CompilerThread0"         daemon [_thread_blocked, id=19700, stack(0x000000e306900000,0x000000e306a00000) (1024K)]
  0x00000247ff2f7de0 JavaThread "C1 CompilerThread0"         daemon [_thread_blocked, id=27768, stack(0x000000e306a00000,0x000000e306b00000) (1024K)]
  0x00000247ff36e830 JavaThread "Common-Cleaner"             daemon [_thread_blocked, id=37304, stack(0x000000e306b00000,0x000000e306c00000) (1024K)]
  0x00000247ff5c1c10 JavaThread "Notification Thread"        daemon [_thread_blocked, id=30632, stack(0x000000e306d00000,0x000000e306e00000) (1024K)]
  0x00000247d90901c0 JavaThread "Active Thread: Equinox Container: 89a6d7ab-37dd-443a-ae53-738355415b5a"        [_thread_blocked, id=25404, stack(0x000000e307500000,0x000000e307600000) (1024K)]
  0x00000247d9171870 JavaThread "Refresh Thread: Equinox Container: 89a6d7ab-37dd-443a-ae53-738355415b5a" daemon [_thread_blocked, id=36444, stack(0x000000e307700000,0x000000e307800000) (1024K)]
  0x00000247d90282e0 JavaThread "Framework Event Dispatcher: Equinox Container: 89a6d7ab-37dd-443a-ae53-738355415b5a" daemon [_thread_blocked, id=9700, stack(0x000000e307800000,0x000000e307900000) (1024K)]
  0x00000247d9028d10 JavaThread "Start Level: Equinox Container: 89a6d7ab-37dd-443a-ae53-738355415b5a" daemon [_thread_blocked, id=9500, stack(0x000000e307900000,0x000000e307a00000) (1024K)]
  0x00000247d96de9b0 JavaThread "Bundle File Closer"         daemon [_thread_blocked, id=28600, stack(0x000000e307c00000,0x000000e307d00000) (1024K)]
  0x00000247d9574820 JavaThread "SCR Component Actor"        daemon [_thread_blocked, id=37836, stack(0x000000e306e00000,0x000000e306f00000) (1024K)]
  0x00000247d96c03c0 JavaThread "Worker-JM"                         [_thread_blocked, id=35288, stack(0x000000e307d00000,0x000000e307e00000) (1024K)]
  0x00000247d96be980 JavaThread "JNA Cleaner"                daemon [_thread_blocked, id=35896, stack(0x000000e307e00000,0x000000e307f00000) (1024K)]
  0x00000247d96bf6a0 JavaThread "Java indexing"              daemon [_thread_blocked, id=36596, stack(0x000000e308100000,0x000000e308200000) (1024K)]
  0x00000247d96be2f0 JavaThread "Worker-2"                          [_thread_blocked, id=35044, stack(0x000000e308200000,0x000000e308300000) (1024K)]
  0x00000247d96bfd30 JavaThread "Thread-2"                   daemon [_thread_in_native, id=34840, stack(0x000000e308700000,0x000000e308800000) (1024K)]
  0x00000247da386dc0 JavaThread "Thread-3"                   daemon [_thread_in_native, id=33232, stack(0x000000e308800000,0x000000e308900000) (1024K)]
  0x00000247da385380 JavaThread "Thread-4"                   daemon [_thread_in_native, id=260, stack(0x000000e308900000,0x000000e308a00000) (1024K)]
  0x00000247da3860a0 JavaThread "Thread-5"                   daemon [_thread_in_native, id=32980, stack(0x000000e308a00000,0x000000e308b00000) (1024K)]
  0x00000247da383940 JavaThread "Thread-6"                   daemon [_thread_in_native, id=26368, stack(0x000000e308b00000,0x000000e308c00000) (1024K)]
  0x00000247da387450 JavaThread "Thread-7"                   daemon [_thread_in_native, id=19592, stack(0x000000e308c00000,0x000000e308d00000) (1024K)]
  0x00000247da383fd0 JavaThread "Thread-8"                   daemon [_thread_in_native, id=29840, stack(0x000000e308d00000,0x000000e308e00000) (1024K)]
  0x00000247da384660 JavaThread "Thread-9"                   daemon [_thread_in_native, id=34884, stack(0x000000e308e00000,0x000000e308f00000) (1024K)]
  0x00000247da385a10 JavaThread "Thread-10"                  daemon [_thread_in_native, id=21992, stack(0x000000e308f00000,0x000000e309000000) (1024K)]
  0x00000247da387ae0 JavaThread "Thread-11"                  daemon [_thread_in_native, id=33388, stack(0x000000e309000000,0x000000e309100000) (1024K)]
  0x00000247da386730 JavaThread "Thread-12"                  daemon [_thread_in_native, id=16320, stack(0x000000e309100000,0x000000e309200000) (1024K)]
  0x00000247da388170 JavaThread "Thread-13"                  daemon [_thread_in_native, id=20424, stack(0x000000e309200000,0x000000e309300000) (1024K)]
  0x00000247da384cf0 JavaThread "Thread-14"                  daemon [_thread_in_native, id=21520, stack(0x000000e309300000,0x000000e309400000) (1024K)]
  0x00000247da389bb0 JavaThread "pool-2-thread-1"                   [_thread_blocked, id=11964, stack(0x000000e309400000,0x000000e309500000) (1024K)]
  0x00000247da38a240 JavaThread "WorkspaceEventsHandler"            [_thread_blocked, id=19444, stack(0x000000e309500000,0x000000e309600000) (1024K)]
  0x00000247da38af60 JavaThread "pool-1-thread-1"                   [_thread_blocked, id=5332, stack(0x000000e309600000,0x000000e309700000) (1024K)]
  0x00000247da388800 JavaThread "ForkJoinPool.commonPool-worker-1" daemon [_thread_blocked, id=31816, stack(0x000000e309700000,0x000000e309800000) (1024K)]
  0x00000247da388e90 JavaThread "ForkJoinPool.commonPool-worker-3" daemon [_thread_blocked, id=33092, stack(0x000000e309900000,0x000000e309a00000) (1024K)]
  0x00000247da389520 JavaThread "ForkJoinPool.commonPool-worker-4" daemon [_thread_blocked, id=22080, stack(0x000000e309a00000,0x000000e309b00000) (1024K)]
  0x00000247dadcd040 JavaThread "ForkJoinPool.commonPool-worker-5" daemon [_thread_blocked, id=28556, stack(0x000000e309b00000,0x000000e309c00000) (1024K)]
  0x00000247dadcb600 JavaThread "ForkJoinPool.commonPool-worker-6" daemon [_thread_blocked, id=33228, stack(0x000000e309c00000,0x000000e309d00000) (1024K)]
  0x00000247dadcd6d0 JavaThread "ForkJoinPool.commonPool-worker-7" daemon [_thread_blocked, id=24992, stack(0x000000e309d00000,0x000000e309e00000) (1024K)]
  0x00000247dadcc320 JavaThread "ForkJoinPool.commonPool-worker-8" daemon [_thread_blocked, id=12264, stack(0x000000e309e00000,0x000000e309f00000) (1024K)]
  0x00000247dadca250 JavaThread "ForkJoinPool.commonPool-worker-9" daemon [_thread_blocked, id=37128, stack(0x000000e309f00000,0x000000e30a000000) (1024K)]
  0x00000247dadcaf70 JavaThread "ForkJoinPool.commonPool-worker-11" daemon [_thread_blocked, id=28292, stack(0x000000e30a100000,0x000000e30a200000) (1024K)]
  0x00000247d9a13c20 JavaThread "Compiler Source File Reader" daemon [_thread_blocked, id=11980, stack(0x000000e30a200000,0x000000e30a300000) (1024K)]
  0x00000247d9a13590 JavaThread "Worker-6"                          [_thread_blocked, id=11064, stack(0x000000e30a300000,0x000000e30a400000) (1024K)]
  0x00000247d9a17dc0 JavaThread "Cleaner-0"                  daemon [_thread_blocked, id=1532, stack(0x000000e30ad00000,0x000000e30ae00000) (1024K)]
  0x00000247d9a170a0 JavaThread "Compiler Source File Reader" daemon [_thread_blocked, id=30104, stack(0x000000e30a600000,0x000000e30a700000) (1024K)]
  0x00000247d9a19170 JavaThread "Java Debug Server"          daemon [_thread_in_native, id=35204, stack(0x000000e30ac00000,0x000000e30ad00000) (1024K)]
  0x00000247d9a15cf0 JavaThread "pool-5-thread-1"                   [_thread_in_native, id=25208, stack(0x000000e30ae00000,0x000000e30af00000) (1024K)]
  0x00000247d9a12f00 JavaThread "RxSchedulerPurge-1"         daemon [_thread_blocked, id=36536, stack(0x000000e30a900000,0x000000e30aa00000) (1024K)]
  0x00000247d9a19800 JavaThread "RxCachedWorkerPoolEvictor-1" daemon [_thread_blocked, id=9780, stack(0x000000e30af00000,0x000000e30b000000) (1024K)]
  0x00000247e6d86ec0 JavaThread "RxNewThreadScheduler-1"     daemon [_thread_blocked, id=25848, stack(0x000000e30b000000,0x000000e30b100000) (1024K)]
  0x00000247e6d88270 JavaThread "process reaper (pid 31140)" daemon [_thread_in_native, id=37152, stack(0x000000e305910000,0x000000e305930000) (128K)]
Total: 56

Other Threads:
  0x00000247fa61e860 VMThread "VM Thread"                           [id=37320, stack(0x000000e306200000,0x000000e306300000) (1024K)]
  0x00000247fa40ca00 WatcherThread "VM Periodic Task Thread"        [id=21228, stack(0x000000e306100000,0x000000e306200000) (1024K)]
  0x00000247fa59d810 WorkerThread "GC Thread#0"                     [id=24056, stack(0x000000e306000000,0x000000e306100000) (1024K)]
  0x00000247d44dc550 WorkerThread "GC Thread#1"                     [id=31600, stack(0x000000e306f00000,0x000000e307000000) (1024K)]
  0x00000247d44dd030 WorkerThread "GC Thread#2"                     [id=33932, stack(0x000000e307000000,0x000000e307100000) (1024K)]
  0x00000247d44dd770 WorkerThread "GC Thread#3"                     [id=21544, stack(0x000000e307100000,0x000000e307200000) (1024K)]
  0x00000247d44ddb10 WorkerThread "GC Thread#4"                     [id=11036, stack(0x000000e307200000,0x000000e307300000) (1024K)]
  0x00000247d44dd3d0 WorkerThread "GC Thread#5"                     [id=18316, stack(0x000000e307300000,0x000000e307400000) (1024K)]
  0x00000247d44dc8f0 WorkerThread "GC Thread#6"                     [id=8176, stack(0x000000e307400000,0x000000e307500000) (1024K)]
  0x00000247d90096b0 WorkerThread "GC Thread#7"                     [id=31520, stack(0x000000e307600000,0x000000e307700000) (1024K)]
  0x00000247d900b010 WorkerThread "GC Thread#8"                     [id=33348, stack(0x000000e307a00000,0x000000e307b00000) (1024K)]
  0x00000247d900b3b0 WorkerThread "GC Thread#9"                     [id=36972, stack(0x000000e307b00000,0x000000e307c00000) (1024K)]
Total: 12

Threads with active compile tasks:
Total: 0

VM state: not at safepoint (normal execution)

VM Mutex/Monitor currently owned by a thread: None

Heap address: 0x0000000080000000, size: 2048 MB, Compressed Oops mode: 32-bit

CDS archive(s) mapped at: [0x0000024793000000-0x0000024793ba0000-0x0000024793ba0000), size 12189696, SharedBaseAddress: 0x0000024793000000, ArchiveRelocationMode: 1.
Compressed class space mapped at: 0x0000024794000000-0x00000247d4000000, reserved size: 1073741824
Narrow klass base: 0x0000024793000000, Narrow klass shift: 0, Narrow klass range: 0x100000000

GC Precious Log:
 CardTable entry size: 512
 CPUs: 12 total, 12 available
 Memory: 7895M
 Large Page Support: Disabled
 NUMA Support: Disabled
 Compressed Oops: Enabled (32-bit)
 Alignments: Space 512K, Generation 512K, Heap 2M
 Heap Min Capacity: 100M
 Heap Initial Capacity: 100M
 Heap Max Capacity: 2G
 Pre-touch: Disabled
 Parallel Workers: 10

Heap:
 PSYoungGen      total 5120K, used 3114K [0x00000000d5580000, 0x00000000d5d00000, 0x0000000100000000)
  eden space 4608K, 63% used [0x00000000d5580000,0x00000000d585aa18,0x00000000d5a00000)
  from space 512K, 37% used [0x00000000d5c80000,0x00000000d5cb0000,0x00000000d5d00000)
  to   space 512K, 0% used [0x00000000d5c00000,0x00000000d5c00000,0x00000000d5c80000)
 ParOldGen       total 536576K, used 536143K [0x0000000080000000, 0x00000000a0c00000, 0x00000000d5580000)
  object space 536576K, 99% used [0x0000000080000000,0x00000000a0b93df0,0x00000000a0c00000)
 Metaspace       used 76878K, committed 78656K, reserved 1179648K
  class space    used 8237K, committed 9024K, reserved 1048576K

Card table byte_map: [0x00000247f9f20000,0x00000247fa330000] _byte_map_base: 0x00000247f9b20000

Marking Bits: (ParMarkBitMap*) 0x00007ffcb99ba340
 Begin Bits: [0x000002478f000000, 0x0000024791000000)
 End Bits:   [0x0000024791000000, 0x0000024793000000)

Polling page: 0x00000247f84e0000

Metaspace:

Usage:
  Non-class:     67.03 MB used.
      Class:      8.04 MB used.
       Both:     75.08 MB used.

Virtual space:
  Non-class space:      128.00 MB reserved,      68.00 MB ( 53%) committed,  2 nodes.
      Class space:        1.00 GB reserved,       8.81 MB ( <1%) committed,  1 nodes.
             Both:        1.12 GB reserved,      76.81 MB (  7%) committed. 

Chunk freelists:
   Non-Class:  11.98 MB
       Class:  7.22 MB
        Both:  19.20 MB

MaxMetaspaceSize: unlimited
CompressedClassSpaceSize: 1.00 GB
Initial GC threshold: 21.00 MB
Current GC threshold: 97.31 MB
CDS: on
 - commit_granule_bytes: 65536.
 - commit_granule_words: 8192.
 - virtual_space_node_default_size: 8388608.
 - enlarge_chunks_in_place: 1.
 - use_allocation_guard: 0.


Internal statistics:

num_allocs_failed_limit: 9.
num_arena_births: 1384.
num_arena_deaths: 18.
num_vsnodes_births: 3.
num_vsnodes_deaths: 0.
num_space_committed: 1229.
num_space_uncommitted: 0.
num_chunks_returned_to_freelist: 27.
num_chunks_taken_from_freelist: 5147.
num_chunk_merges: 10.
num_chunk_splits: 3111.
num_chunks_enlarged: 1649.
num_inconsistent_stats: 0.

CodeHeap 'non-profiled nmethods': size=120000Kb used=9894Kb max_used=9894Kb free=110105Kb
 bounds [0x0000024787ad0000, 0x0000024788480000, 0x000002478f000000]
CodeHeap 'profiled nmethods': size=120000Kb used=31555Kb max_used=31555Kb free=88444Kb
 bounds [0x0000024780000000, 0x0000024781ee0000, 0x0000024787530000]
CodeHeap 'non-nmethods': size=5760Kb used=1479Kb max_used=1548Kb free=4280Kb
 bounds [0x0000024787530000, 0x00000247877a0000, 0x0000024787ad0000]
CodeCache: size=245760Kb, used=42928Kb, max_used=42997Kb, free=202829Kb
 total_blobs=14528, nmethods=13723, adapters=710, full_count=0
Compilation: enabled, stopped_count=0, restarted_count=0

Compilation events (20 events):
Event: 142.468 Thread 0x00000247ff2f7de0 14472       3       java.util.concurrent.TimeUnit::convert (73 bytes)
Event: 142.470 Thread 0x00000247ff2f7de0 nmethod 14472 0x0000024781ecc190 code [0x0000024781ecc3a0, 0x0000024781ecc738]
Event: 150.452 Thread 0x00000247ff2f7de0 14473       3       java.util.concurrent.ConcurrentHashMap$KeySetView::iterator (34 bytes)
Event: 150.457 Thread 0x00000247ff2f7de0 nmethod 14473 0x0000024781ecc910 code [0x0000024781eccac0, 0x0000024781eccce8]
Event: 150.457 Thread 0x00000247ff2f7de0 14474       3       java.util.concurrent.ConcurrentHashMap$KeyIterator::<init> (12 bytes)
Event: 150.458 Thread 0x00000247ff2f7de0 nmethod 14474 0x0000024781ecce10 code [0x0000024781eccfc0, 0x0000024781ecd0f8]
Event: 151.300 Thread 0x00000247ff2f7de0 14475       3       java.util.concurrent.ScheduledThreadPoolExecutor$ScheduledFutureTask::getDelay (16 bytes)
Event: 151.301 Thread 0x00000247ff2f7de0 nmethod 14475 0x0000024781ecd190 code [0x0000024781ecd340, 0x0000024781ecd4d8]
Event: 156.450 Thread 0x00000247ff2f7de0 14476       3       java.util.concurrent.ConcurrentHashMap::keySet (26 bytes)
Event: 156.453 Thread 0x00000247ff2f7de0 nmethod 14476 0x0000024781ecd590 code [0x0000024781ecd760, 0x0000024781ecda70]
Event: 161.465 Thread 0x00000247fa62e580 14477       4       java.util.concurrent.locks.AbstractQueuedSynchronizer$ConditionObject::signal (34 bytes)
Event: 161.470 Thread 0x00000247fa62e580 nmethod 14477 0x0000024788479490 code [0x0000024788479640, 0x0000024788479770]
Event: 175.459 Thread 0x00000247ff2f7de0 14478       3       java.util.concurrent.ConcurrentHashMap$CollectionView::toArray (145 bytes)
Event: 175.483 Thread 0x00000247ff2f7de0 nmethod 14478 0x0000024781ecdb90 code [0x0000024781ecde00, 0x0000024781ece988]
Event: 175.483 Thread 0x00000247ff2f7de0 14479       3       io.reactivex.internal.schedulers.SchedulerPoolFactory$ScheduledTask::run (66 bytes)
Event: 175.498 Thread 0x00000247ff2f7de0 nmethod 14479 0x0000024781eced90 code [0x0000024781ecf000, 0x0000024781ecfcf0]
Event: 183.460 Thread 0x00000247ff2f7de0 14480       3       java.util.concurrent.locks.AbstractQueuedSynchronizer$ConditionObject::enableWait (84 bytes)
Event: 183.462 Thread 0x00000247ff2f7de0 nmethod 14480 0x0000024781ed0090 code [0x0000024781ed02a0, 0x0000024781ed08d8]
Event: 183.462 Thread 0x00000247ff2f7de0 14481       3       java.util.concurrent.locks.AbstractQueuedSynchronizer$Node::setStatusRelaxed (12 bytes)
Event: 183.463 Thread 0x00000247ff2f7de0 nmethod 14481 0x0000024781ed0b10 code [0x0000024781ed0ca0, 0x0000024781ed0db8]

GC Heap History (20 events):
Event: 33.115 GC heap before
{Heap before GC invocations=550 (full 3):
 PSYoungGen      total 5120K, used 5114K [0x00000000d5580000, 0x00000000d5d00000, 0x0000000100000000)
  eden space 4608K, 100% used [0x00000000d5580000,0x00000000d5a00000,0x00000000d5a00000)
  from space 512K, 98% used [0x00000000d5c80000,0x00000000d5cfe900,0x00000000d5d00000)
  to   space 1024K, 0% used [0x00000000d5b00000,0x00000000d5b00000,0x00000000d5c00000)
 ParOldGen       total 531968K, used 531530K [0x0000000080000000, 0x00000000a0780000, 0x00000000d5580000)
  object space 531968K, 99% used [0x0000000080000000,0x00000000a0712990,0x00000000a0780000)
 Metaspace       used 76821K, committed 78592K, reserved 1179648K
  class space    used 8237K, committed 9024K, reserved 1048576K
}
Event: 33.117 GC heap after
{Heap after GC invocations=550 (full 3):
 PSYoungGen      total 5632K, used 448K [0x00000000d5580000, 0x00000000d5d00000, 0x0000000100000000)
  eden space 4608K, 0% used [0x00000000d5580000,0x00000000d5580000,0x00000000d5a00000)
  from space 1024K, 43% used [0x00000000d5b00000,0x00000000d5b70000,0x00000000d5c00000)
  to   space 512K, 0% used [0x00000000d5c80000,0x00000000d5c80000,0x00000000d5d00000)
 ParOldGen       total 531968K, used 531878K [0x0000000080000000, 0x00000000a0780000, 0x00000000d5580000)
  object space 531968K, 99% used [0x0000000080000000,0x00000000a0769b90,0x00000000a0780000)
 Metaspace       used 76821K, committed 78592K, reserved 1179648K
  class space    used 8237K, committed 9024K, reserved 1048576K
}
Event: 33.162 GC heap before
{Heap before GC invocations=551 (full 3):
 PSYoungGen      total 5632K, used 4529K [0x00000000d5580000, 0x00000000d5d00000, 0x0000000100000000)
  eden space 4608K, 88% used [0x00000000d5580000,0x00000000d597c6f0,0x00000000d5a00000)
  from space 1024K, 43% used [0x00000000d5b00000,0x00000000d5b70000,0x00000000d5c00000)
  to   space 512K, 0% used [0x00000000d5c80000,0x00000000d5c80000,0x00000000d5d00000)
 ParOldGen       total 531968K, used 531878K [0x0000000080000000, 0x00000000a0780000, 0x00000000d5580000)
  object space 531968K, 99% used [0x0000000080000000,0x00000000a0769b90,0x00000000a0780000)
 Metaspace       used 76821K, committed 78592K, reserved 1179648K
  class space    used 8237K, committed 9024K, reserved 1048576K
}
Event: 33.164 GC heap after
{Heap after GC invocations=551 (full 3):
 PSYoungGen      total 5120K, used 506K [0x00000000d5580000, 0x00000000d5d00000, 0x0000000100000000)
  eden space 4608K, 0% used [0x00000000d5580000,0x00000000d5580000,0x00000000d5a00000)
  from space 512K, 98% used [0x00000000d5c80000,0x00000000d5cfe900,0x00000000d5d00000)
  to   space 1024K, 0% used [0x00000000d5b00000,0x00000000d5b00000,0x00000000d5c00000)
 ParOldGen       total 532480K, used 532214K [0x0000000080000000, 0x00000000a0800000, 0x00000000d5580000)
  object space 532480K, 99% used [0x0000000080000000,0x00000000a07bdb90,0x00000000a0800000)
 Metaspace       used 76821K, committed 78592K, reserved 1179648K
  class space    used 8237K, committed 9024K, reserved 1048576K
}
Event: 33.179 GC heap before
{Heap before GC invocations=552 (full 3):
 PSYoungGen      total 5120K, used 5114K [0x00000000d5580000, 0x00000000d5d00000, 0x0000000100000000)
  eden space 4608K, 100% used [0x00000000d5580000,0x00000000d5a00000,0x00000000d5a00000)
  from space 512K, 98% used [0x00000000d5c80000,0x00000000d5cfe900,0x00000000d5d00000)
  to   space 1024K, 0% used [0x00000000d5b00000,0x00000000d5b00000,0x00000000d5c00000)
 ParOldGen       total 532480K, used 532214K [0x0000000080000000, 0x00000000a0800000, 0x00000000d5580000)
  object space 532480K, 99% used [0x0000000080000000,0x00000000a07bdb90,0x00000000a0800000)
 Metaspace       used 76821K, committed 78592K, reserved 1179648K
  class space    used 8237K, committed 9024K, reserved 1048576K
}
Event: 33.181 GC heap after
{Heap after GC invocations=552 (full 3):
 PSYoungGen      total 5632K, used 480K [0x00000000d5580000, 0x00000000d5d00000, 0x0000000100000000)
  eden space 4608K, 0% used [0x00000000d5580000,0x00000000d5580000,0x00000000d5a00000)
  from space 1024K, 46% used [0x00000000d5b00000,0x00000000d5b78000,0x00000000d5c00000)
  to   space 512K, 0% used [0x00000000d5c80000,0x00000000d5c80000,0x00000000d5d00000)
 ParOldGen       total 532992K, used 532587K [0x0000000080000000, 0x00000000a0880000, 0x00000000d5580000)
  object space 532992K, 99% used [0x0000000080000000,0x00000000a081ad90,0x00000000a0880000)
 Metaspace       used 76821K, committed 78592K, reserved 1179648K
  class space    used 8237K, committed 9024K, reserved 1048576K
}
Event: 33.212 GC heap before
{Heap before GC invocations=553 (full 3):
 PSYoungGen      total 5632K, used 4566K [0x00000000d5580000, 0x00000000d5d00000, 0x0000000100000000)
  eden space 4608K, 88% used [0x00000000d5580000,0x00000000d597d830,0x00000000d5a00000)
  from space 1024K, 46% used [0x00000000d5b00000,0x00000000d5b78000,0x00000000d5c00000)
  to   space 512K, 0% used [0x00000000d5c80000,0x00000000d5c80000,0x00000000d5d00000)
 ParOldGen       total 532992K, used 532587K [0x0000000080000000, 0x00000000a0880000, 0x00000000d5580000)
  object space 532992K, 99% used [0x0000000080000000,0x00000000a081ad90,0x00000000a0880000)
 Metaspace       used 76821K, committed 78592K, reserved 1179648K
  class space    used 8237K, committed 9024K, reserved 1048576K
}
Event: 33.214 GC heap after
{Heap after GC invocations=553 (full 3):
 PSYoungGen      total 5120K, used 506K [0x00000000d5580000, 0x00000000d5d00000, 0x0000000100000000)
  eden space 4608K, 0% used [0x00000000d5580000,0x00000000d5580000,0x00000000d5a00000)
  from space 512K, 98% used [0x00000000d5c80000,0x00000000d5cfe900,0x00000000d5d00000)
  to   space 512K, 0% used [0x00000000d5c00000,0x00000000d5c00000,0x00000000d5c80000)
 ParOldGen       total 532992K, used 532923K [0x0000000080000000, 0x00000000a0880000, 0x00000000d5580000)
  object space 532992K, 99% used [0x0000000080000000,0x00000000a086ed90,0x00000000a0880000)
 Metaspace       used 76821K, committed 78592K, reserved 1179648K
  class space    used 8237K, committed 9024K, reserved 1048576K
}
Event: 33.232 GC heap before
{Heap before GC invocations=554 (full 3):
 PSYoungGen      total 5120K, used 5114K [0x00000000d5580000, 0x00000000d5d00000, 0x0000000100000000)
  eden space 4608K, 100% used [0x00000000d5580000,0x00000000d5a00000,0x00000000d5a00000)
  from space 512K, 98% used [0x00000000d5c80000,0x00000000d5cfe900,0x00000000d5d00000)
  to   space 512K, 0% used [0x00000000d5c00000,0x00000000d5c00000,0x00000000d5c80000)
 ParOldGen       total 532992K, used 532923K [0x0000000080000000, 0x00000000a0880000, 0x00000000d5580000)
  object space 532992K, 99% used [0x0000000080000000,0x00000000a086ed90,0x00000000a0880000)
 Metaspace       used 76821K, committed 78592K, reserved 1179648K
  class space    used 8237K, committed 9024K, reserved 1048576K
}
Event: 33.234 GC heap after
{Heap after GC invocations=554 (full 3):
 PSYoungGen      total 5120K, used 448K [0x00000000d5580000, 0x00000000d5d00000, 0x0000000100000000)
  eden space 4608K, 0% used [0x00000000d5580000,0x00000000d5580000,0x00000000d5a00000)
  from space 512K, 87% used [0x00000000d5c00000,0x00000000d5c70000,0x00000000d5c80000)
  to   space 512K, 0% used [0x00000000d5c80000,0x00000000d5c80000,0x00000000d5d00000)
 ParOldGen       total 533504K, used 533287K [0x0000000080000000, 0x00000000a0900000, 0x00000000d5580000)
  object space 533504K, 99% used [0x0000000080000000,0x00000000a08c9f90,0x00000000a0900000)
 Metaspace       used 76821K, committed 78592K, reserved 1179648K
  class space    used 8237K, committed 9024K, reserved 1048576K
}
Event: 33.246 GC heap before
{Heap before GC invocations=555 (full 3):
 PSYoungGen      total 5120K, used 3844K [0x00000000d5580000, 0x00000000d5d00000, 0x0000000100000000)
  eden space 4608K, 73% used [0x00000000d5580000,0x00000000d58d1190,0x00000000d5a00000)
  from space 512K, 87% used [0x00000000d5c00000,0x00000000d5c70000,0x00000000d5c80000)
  to   space 512K, 0% used [0x00000000d5c80000,0x00000000d5c80000,0x00000000d5d00000)
 ParOldGen       total 533504K, used 533287K [0x0000000080000000, 0x00000000a0900000, 0x00000000d5580000)
  object space 533504K, 99% used [0x0000000080000000,0x00000000a08c9f90,0x00000000a0900000)
 Metaspace       used 76821K, committed 78592K, reserved 1179648K
  class space    used 8237K, committed 9024K, reserved 1048576K
}
Event: 33.248 GC heap after
{Heap after GC invocations=555 (full 3):
 PSYoungGen      total 5120K, used 352K [0x00000000d5580000, 0x00000000d5d00000, 0x0000000100000000)
  eden space 4608K, 0% used [0x00000000d5580000,0x00000000d5580000,0x00000000d5a00000)
  from space 512K, 68% used [0x00000000d5c80000,0x00000000d5cd8000,0x00000000d5d00000)
  to   space 512K, 0% used [0x00000000d5c00000,0x00000000d5c00000,0x00000000d5c80000)
 ParOldGen       total 534016K, used 533607K [0x0000000080000000, 0x00000000a0980000, 0x00000000d5580000)
  object space 534016K, 99% used [0x0000000080000000,0x00000000a0919f90,0x00000000a0980000)
 Metaspace       used 76821K, committed 78592K, reserved 1179648K
  class space    used 8237K, committed 9024K, reserved 1048576K
}
Event: 33.263 GC heap before
{Heap before GC invocations=556 (full 3):
 PSYoungGen      total 5120K, used 4959K [0x00000000d5580000, 0x00000000d5d00000, 0x0000000100000000)
  eden space 4608K, 99% used [0x00000000d5580000,0x00000000d59ffe08,0x00000000d5a00000)
  from space 512K, 68% used [0x00000000d5c80000,0x00000000d5cd8000,0x00000000d5d00000)
  to   space 512K, 0% used [0x00000000d5c00000,0x00000000d5c00000,0x00000000d5c80000)
 ParOldGen       total 534016K, used 533607K [0x0000000080000000, 0x00000000a0980000, 0x00000000d5580000)
  object space 534016K, 99% used [0x0000000080000000,0x00000000a0919f90,0x00000000a0980000)
 Metaspace       used 76821K, committed 78592K, reserved 1179648K
  class space    used 8237K, committed 9024K, reserved 1048576K
}
Event: 33.267 GC heap after
{Heap after GC invocations=556 (full 3):
 PSYoungGen      total 5120K, used 465K [0x00000000d5580000, 0x00000000d5d00000, 0x0000000100000000)
  eden space 4608K, 0% used [0x00000000d5580000,0x00000000d5580000,0x00000000d5a00000)
  from space 512K, 90% used [0x00000000d5c00000,0x00000000d5c74508,0x00000000d5c80000)
  to   space 512K, 0% used [0x00000000d5c80000,0x00000000d5c80000,0x00000000d5d00000)
 ParOldGen       total 535552K, used 535354K [0x0000000080000000, 0x00000000a0b00000, 0x00000000d5580000)
  object space 535552K, 99% used [0x0000000080000000,0x00000000a0acebf0,0x00000000a0b00000)
 Metaspace       used 76821K, committed 78592K, reserved 1179648K
  class space    used 8237K, committed 9024K, reserved 1048576K
}
Event: 33.282 GC heap before
{Heap before GC invocations=557 (full 3):
 PSYoungGen      total 5120K, used 5073K [0x00000000d5580000, 0x00000000d5d00000, 0x0000000100000000)
  eden space 4608K, 100% used [0x00000000d5580000,0x00000000d5a00000,0x00000000d5a00000)
  from space 512K, 90% used [0x00000000d5c00000,0x00000000d5c74508,0x00000000d5c80000)
  to   space 512K, 0% used [0x00000000d5c80000,0x00000000d5c80000,0x00000000d5d00000)
 ParOldGen       total 535552K, used 535354K [0x0000000080000000, 0x00000000a0b00000, 0x00000000d5580000)
  object space 535552K, 99% used [0x0000000080000000,0x00000000a0acebf0,0x00000000a0b00000)
 Metaspace       used 76829K, committed 78592K, reserved 1179648K
  class space    used 8237K, committed 9024K, reserved 1048576K
}
Event: 33.284 GC heap after
{Heap after GC invocations=557 (full 3):
 PSYoungGen      total 5120K, used 416K [0x00000000d5580000, 0x00000000d5d00000, 0x0000000100000000)
  eden space 4608K, 0% used [0x00000000d5580000,0x00000000d5580000,0x00000000d5a00000)
  from space 512K, 81% used [0x00000000d5c80000,0x00000000d5ce8000,0x00000000d5d00000)
  to   space 512K, 0% used [0x00000000d5c00000,0x00000000d5c00000,0x00000000d5c80000)
 ParOldGen       total 535552K, used 535471K [0x0000000080000000, 0x00000000a0b00000, 0x00000000d5580000)
  object space 535552K, 99% used [0x0000000080000000,0x00000000a0aebdf0,0x00000000a0b00000)
 Metaspace       used 76829K, committed 78592K, reserved 1179648K
  class space    used 8237K, committed 9024K, reserved 1048576K
}
Event: 33.351 GC heap before
{Heap before GC invocations=558 (full 3):
 PSYoungGen      total 5120K, used 5024K [0x00000000d5580000, 0x00000000d5d00000, 0x0000000100000000)
  eden space 4608K, 100% used [0x00000000d5580000,0x00000000d5a00000,0x00000000d5a00000)
  from space 512K, 81% used [0x00000000d5c80000,0x00000000d5ce8000,0x00000000d5d00000)
  to   space 512K, 0% used [0x00000000d5c00000,0x00000000d5c00000,0x00000000d5c80000)
 ParOldGen       total 535552K, used 535471K [0x0000000080000000, 0x00000000a0b00000, 0x00000000d5580000)
  object space 535552K, 99% used [0x0000000080000000,0x00000000a0aebdf0,0x00000000a0b00000)
 Metaspace       used 76832K, committed 78592K, reserved 1179648K
  class space    used 8237K, committed 9024K, reserved 1048576K
}
Event: 33.353 GC heap after
{Heap after GC invocations=558 (full 3):
 PSYoungGen      total 5120K, used 468K [0x00000000d5580000, 0x00000000d5d00000, 0x0000000100000000)
  eden space 4608K, 0% used [0x00000000d5580000,0x00000000d5580000,0x00000000d5a00000)
  from space 512K, 91% used [0x00000000d5c00000,0x00000000d5c75200,0x00000000d5c80000)
  to   space 512K, 0% used [0x00000000d5c80000,0x00000000d5c80000,0x00000000d5d00000)
 ParOldGen       total 536064K, used 535871K [0x0000000080000000, 0x00000000a0b80000, 0x00000000d5580000)
  object space 536064K, 99% used [0x0000000080000000,0x00000000a0b4fdf0,0x00000000a0b80000)
 Metaspace       used 76832K, committed 78592K, reserved 1179648K
  class space    used 8237K, committed 9024K, reserved 1048576K
}
Event: 33.373 GC heap before
{Heap before GC invocations=559 (full 3):
 PSYoungGen      total 5120K, used 4144K [0x00000000d5580000, 0x00000000d5d00000, 0x0000000100000000)
  eden space 4608K, 79% used [0x00000000d5580000,0x00000000d59170a0,0x00000000d5a00000)
  from space 512K, 91% used [0x00000000d5c00000,0x00000000d5c75200,0x00000000d5c80000)
  to   space 512K, 0% used [0x00000000d5c80000,0x00000000d5c80000,0x00000000d5d00000)
 ParOldGen       total 536064K, used 535871K [0x0000000080000000, 0x00000000a0b80000, 0x00000000d5580000)
  object space 536064K, 99% used [0x0000000080000000,0x00000000a0b4fdf0,0x00000000a0b80000)
 Metaspace       used 76835K, committed 78592K, reserved 1179648K
  class space    used 8237K, committed 9024K, reserved 1048576K
}
Event: 33.374 GC heap after
{Heap after GC invocations=559 (full 3):
 PSYoungGen      total 5120K, used 192K [0x00000000d5580000, 0x00000000d5d00000, 0x0000000100000000)
  eden space 4608K, 0% used [0x00000000d5580000,0x00000000d5580000,0x00000000d5a00000)
  from space 512K, 37% used [0x00000000d5c80000,0x00000000d5cb0000,0x00000000d5d00000)
  to   space 512K, 0% used [0x00000000d5c00000,0x00000000d5c00000,0x00000000d5c80000)
 ParOldGen       total 536576K, used 536143K [0x0000000080000000, 0x00000000a0c00000, 0x00000000d5580000)
  object space 536576K, 99% used [0x0000000080000000,0x00000000a0b93df0,0x00000000a0c00000)
 Metaspace       used 76835K, committed 78592K, reserved 1179648K
  class space    used 8237K, committed 9024K, reserved 1048576K
}

Dll operation events (11 events):
Event: 0.021 Loaded shared library c:\Users\ACER\.vscode\extensions\redhat.java-1.45.0-win32-x64\jre\21.0.8-win32-x86_64\bin\java.dll
Event: 0.113 Loaded shared library c:\Users\ACER\.vscode\extensions\redhat.java-1.45.0-win32-x64\jre\21.0.8-win32-x86_64\bin\zip.dll
Event: 0.135 Loaded shared library C:\Users\ACER\.vscode\extensions\redhat.java-1.45.0-win32-x64\jre\21.0.8-win32-x86_64\bin\instrument.dll
Event: 0.141 Loaded shared library C:\Users\ACER\.vscode\extensions\redhat.java-1.45.0-win32-x64\jre\21.0.8-win32-x86_64\bin\net.dll
Event: 0.143 Loaded shared library C:\Users\ACER\.vscode\extensions\redhat.java-1.45.0-win32-x64\jre\21.0.8-win32-x86_64\bin\nio.dll
Event: 0.147 Loaded shared library C:\Users\ACER\.vscode\extensions\redhat.java-1.45.0-win32-x64\jre\21.0.8-win32-x86_64\bin\zip.dll
Event: 0.170 Loaded shared library C:\Users\ACER\.vscode\extensions\redhat.java-1.45.0-win32-x64\jre\21.0.8-win32-x86_64\bin\jimage.dll
Event: 0.254 Loaded shared library c:\Users\ACER\.vscode\extensions\redhat.java-1.45.0-win32-x64\jre\21.0.8-win32-x86_64\bin\verify.dll
Event: 1.312 Loaded shared library C:\Users\ACER\AppData\Roaming\Code\User\globalStorage\redhat.java\1.45.0\config_win\org.eclipse.equinox.launcher\org.eclipse.equinox.launcher.win32.win32.x86_64_1.2.1400.v20250801-0854\eclipse_11916.dll
Event: 3.340 Loaded shared library C:\Users\ACER\AppData\Local\Temp\jna-2003023\jna4713252248601694196.dll
Event: 29.276 Loaded shared library C:\Users\ACER\.vscode\extensions\redhat.java-1.45.0-win32-x64\jre\21.0.8-win32-x86_64\bin\extnet.dll

Deoptimization events (20 events):
Event: 32.431 Thread 0x00000247da38a8d0 DEOPT PACKING pc=0x000002478842b7b4 sp=0x000000e3098fe310
Event: 32.431 Thread 0x00000247da38a8d0 DEOPT UNPACKING pc=0x0000024787583aa2 sp=0x000000e3098fe288 mode 2
Event: 32.431 Thread 0x00000247da38a8d0 Uncommon trap: trap_request=0xffffffd6 fr.pc=0x000002478842b7b4 relative=0x0000000000000214
Event: 32.431 Thread 0x00000247da38a8d0 Uncommon trap: reason=array_check action=maybe_recompile pc=0x000002478842b7b4 method=java.util.HashMap.keysToArray([Ljava/lang/Object;)[Ljava/lang/Object; @ 62 c2
Event: 32.431 Thread 0x00000247da38a8d0 DEOPT PACKING pc=0x000002478842b7b4 sp=0x000000e3098fe310
Event: 32.431 Thread 0x00000247da38a8d0 DEOPT UNPACKING pc=0x0000024787583aa2 sp=0x000000e3098fe288 mode 2
Event: 32.533 Thread 0x00000247da38a8d0 DEOPT PACKING pc=0x0000024781c04d86 sp=0x000000e3098fde50
Event: 32.533 Thread 0x00000247da38a8d0 DEOPT UNPACKING pc=0x0000024787584242 sp=0x000000e3098fd300 mode 0
Event: 32.574 Thread 0x00000247da38a8d0 Uncommon trap: trap_request=0xffffff6e fr.pc=0x0000024788439488 relative=0x0000000000000148
Event: 32.574 Thread 0x00000247da38a8d0 Uncommon trap: reason=loop_limit_check action=maybe_recompile pc=0x0000024788439488 method=org.eclipse.jdt.internal.compiler.lookup.BinaryTypeBinding.createMethods([Lorg/eclipse/jdt/internal/compiler/env/IBinaryMethod;Lorg/eclipse/jdt/internal/compiler/en
Event: 32.574 Thread 0x00000247da38a8d0 DEOPT PACKING pc=0x0000024788439488 sp=0x000000e3098fdeb0
Event: 32.574 Thread 0x00000247da38a8d0 DEOPT UNPACKING pc=0x0000024787583aa2 sp=0x000000e3098fde18 mode 2
Event: 32.574 Thread 0x00000247da38a8d0 Uncommon trap: trap_request=0xffffffbe fr.pc=0x000002478842fda8 relative=0x00000000000005c8
Event: 32.574 Thread 0x00000247da38a8d0 Uncommon trap: reason=profile_predicate action=maybe_recompile pc=0x000002478842fda8 method=org.eclipse.jdt.internal.compiler.lookup.BinaryTypeBinding.createMethods([Lorg/eclipse/jdt/internal/compiler/env/IBinaryMethod;Lorg/eclipse/jdt/internal/compiler/e
Event: 32.574 Thread 0x00000247da38a8d0 DEOPT PACKING pc=0x000002478842fda8 sp=0x000000e3098fde90
Event: 32.574 Thread 0x00000247da38a8d0 DEOPT UNPACKING pc=0x0000024787583aa2 sp=0x000000e3098fde20 mode 2
Event: 32.583 Thread 0x00000247da38a8d0 DEOPT PACKING pc=0x00000247811eedfe sp=0x000000e3098fe810
Event: 32.583 Thread 0x00000247da38a8d0 DEOPT UNPACKING pc=0x0000024787584242 sp=0x000000e3098fdca8 mode 0
Event: 33.113 Thread 0x00000247da38a8d0 DEOPT PACKING pc=0x0000024781e48d5f sp=0x000000e3098fdd70
Event: 33.113 Thread 0x00000247da38a8d0 DEOPT UNPACKING pc=0x0000024787584242 sp=0x000000e3098fd228 mode 0

Classes loaded (20 events):
Event: 29.676 Loading class java/util/concurrent/CompletableFuture$UniWhenComplete
Event: 29.676 Loading class java/util/concurrent/CompletableFuture$UniWhenComplete done
Event: 29.676 Loading class java/util/concurrent/CompletableFuture$UniCompose
Event: 29.676 Loading class java/util/concurrent/CompletableFuture$UniCompose done
Event: 29.676 Loading class java/util/concurrent/CompletableFuture$UniRelay
Event: 29.677 Loading class java/util/concurrent/CompletableFuture$UniRelay done
Event: 30.460 Loading class java/util/concurrent/ScheduledThreadPoolExecutor$DelayedWorkQueue$Itr
Event: 30.460 Loading class java/util/concurrent/ScheduledThreadPoolExecutor$DelayedWorkQueue$Itr done
Event: 31.206 Loading class sun/nio/cs/ISO_8859_1$Encoder
Event: 31.207 Loading class sun/nio/cs/ISO_8859_1$Encoder done
Event: 31.207 Loading class sun/nio/cs/Surrogate$Parser
Event: 31.207 Loading class sun/nio/cs/Surrogate$Parser done
Event: 31.207 Loading class sun/nio/cs/Surrogate
Event: 31.207 Loading class sun/nio/cs/Surrogate done
Event: 31.529 Loading class java/lang/ProcessHandleImpl$ExitCompletion
Event: 31.529 Loading class java/lang/ProcessHandleImpl$ExitCompletion done
Event: 31.529 Loading class java/lang/ProcessHandleImpl$1
Event: 31.530 Loading class java/lang/ProcessHandleImpl$1 done
Event: 31.531 Loading class java/util/concurrent/CompletableFuture$UniHandle
Event: 31.531 Loading class java/util/concurrent/CompletableFuture$UniHandle done

Classes unloaded (9 events):
Event: 4.537 Thread 0x00000247fa61e860 Unloading class 0x00000247941a6800 'java/lang/invoke/LambdaForm$MH+0x00000247941a6800'
Event: 4.537 Thread 0x00000247fa61e860 Unloading class 0x00000247941a6400 'java/lang/invoke/LambdaForm$MH+0x00000247941a6400'
Event: 4.537 Thread 0x00000247fa61e860 Unloading class 0x00000247941a6000 'java/lang/invoke/LambdaForm$MH+0x00000247941a6000'
Event: 4.537 Thread 0x00000247fa61e860 Unloading class 0x00000247941a5c00 'java/lang/invoke/LambdaForm$MH+0x00000247941a5c00'
Event: 4.537 Thread 0x00000247fa61e860 Unloading class 0x00000247941a5800 'java/lang/invoke/LambdaForm$BMH+0x00000247941a5800'
Event: 4.537 Thread 0x00000247fa61e860 Unloading class 0x00000247941a5400 'java/lang/invoke/LambdaForm$DMH+0x00000247941a5400'
Event: 4.537 Thread 0x00000247fa61e860 Unloading class 0x00000247941a4000 'java/lang/invoke/LambdaForm$DMH+0x00000247941a4000'
Event: 17.409 Thread 0x00000247fa61e860 Unloading class 0x0000024794634c00 'java/lang/invoke/LambdaForm$MH+0x0000024794634c00'
Event: 17.409 Thread 0x00000247fa61e860 Unloading class 0x0000024794634000 'java/lang/invoke/LambdaForm$MH+0x0000024794634000'

Classes redefined (0 events):
No events

Internal exceptions (20 events):
Event: 28.979 Thread 0x00000247da38a8d0 Exception <a 'sun/nio/fs/WindowsException'{0x00000000d5663240}> (0x00000000d5663240) 
thrown [s\src\hotspot\share\prims\jni.cpp, line 520]
Event: 28.981 Thread 0x00000247da38a8d0 Exception <a 'sun/nio/fs/WindowsException'{0x00000000d56643f0}> (0x00000000d56643f0) 
thrown [s\src\hotspot\share\prims\jni.cpp, line 520]
Event: 28.981 Thread 0x00000247da38a8d0 Exception <a 'sun/nio/fs/WindowsException'{0x00000000d5664cd0}> (0x00000000d5664cd0) 
thrown [s\src\hotspot\share\prims\jni.cpp, line 520]
Event: 28.982 Thread 0x00000247da38a8d0 Exception <a 'sun/nio/fs/WindowsException'{0x00000000d5666890}> (0x00000000d5666890) 
thrown [s\src\hotspot\share\prims\jni.cpp, line 520]
Event: 28.983 Thread 0x00000247da38a8d0 Exception <a 'sun/nio/fs/WindowsException'{0x00000000d5666ec0}> (0x00000000d5666ec0) 
thrown [s\src\hotspot\share\prims\jni.cpp, line 520]
Event: 28.990 Thread 0x00000247da38a8d0 Exception <a 'sun/nio/fs/WindowsException'{0x00000000d5684aa0}> (0x00000000d5684aa0) 
thrown [s\src\hotspot\share\prims\jni.cpp, line 520]
Event: 28.990 Thread 0x00000247da38a8d0 Exception <a 'sun/nio/fs/WindowsException'{0x00000000d5685380}> (0x00000000d5685380) 
thrown [s\src\hotspot\share\prims\jni.cpp, line 520]
Event: 29.319 Thread 0x00000247d9a15cf0 Exception <a 'java/io/FileNotFoundException'{0x00000000d5644cf0}> (0x00000000d5644cf0) 
thrown [s\src\hotspot\share\prims\jni.cpp, line 520]
Event: 29.562 Thread 0x00000247d9a15cf0 Exception <a 'java/lang/NoSuchMethodError'{0x00000000d56fd750}: 'java.lang.Object java.lang.invoke.DirectMethodHandle$Holder.invokeVirtual(java.lang.Object, java.lang.Object, java.lang.Object, java.lang.Object)'> (0x00000000d56fd750) 
thrown [s\src\hotspot\share\interpreter\linkResolver.cpp, line 773]
Event: 29.623 Thread 0x00000247e6d86ec0 Exception <a 'java/lang/NoSuchMethodError'{0x00000000d5718dc8}: 'java.lang.Object java.lang.invoke.DirectMethodHandle$Holder.invokeStatic(java.lang.Object, long, java.lang.Object, java.lang.Object)'> (0x00000000d5718dc8) 
thrown [s\src\hotspot\share\interpreter\linkResolver.cpp, line 773]
Event: 29.656 Thread 0x00000247e6d86ec0 Exception <a 'sun/nio/fs/WindowsException'{0x00000000d55d1300}> (0x00000000d55d1300) 
thrown [s\src\hotspot\share\prims\jni.cpp, line 520]
Event: 29.656 Thread 0x00000247e6d86ec0 Exception <a 'sun/nio/fs/WindowsException'{0x00000000d55d26a8}> (0x00000000d55d26a8) 
thrown [s\src\hotspot\share\prims\jni.cpp, line 520]
Event: 29.675 Thread 0x00000247e6d86ec0 Exception <a 'java/lang/NoSuchMethodError'{0x00000000d5672dc0}: 'void java.lang.invoke.DirectMethodHandle$Holder.invokeStatic(java.lang.Object, java.lang.Object, java.lang.Object, java.lang.Object, java.lang.Object, java.lang.Object, java.lang.Object)'> (0x00000000d5672dc0) 
thrown [s\src\hotspot\share\interpreter\linkResolver.cpp, line 773]
Event: 30.973 Thread 0x00000247e6d89620 Exception <a 'java/lang/NoSuchMethodError'{0x00000000d56b4b70}: 'long java.lang.invoke.DelegatingMethodHandle$Holder.reinvoke_L(java.lang.Object, java.lang.Object)'> (0x00000000d56b4b70) 
thrown [s\src\hotspot\share\interpreter\linkResolver.cpp, line 773]
Event: 30.974 Thread 0x00000247e6d89620 Exception <a 'java/lang/NoSuchMethodError'{0x00000000d56bf358}: 'void java.lang.invoke.DelegatingMethodHandle$Holder.reinvoke_L(java.lang.Object, java.lang.Object, long)'> (0x00000000d56bf358) 
thrown [s\src\hotspot\share\interpreter\linkResolver.cpp, line 773]
Event: 31.532 Thread 0x00000247e6d89620 Exception <a 'java/lang/NoSuchMethodError'{0x00000000d566efd0}: 'long java.lang.invoke.Invokers$Holder.invokeExact_MT(java.lang.Object, java.lang.Object, java.lang.Object)'> (0x00000000d566efd0) 
thrown [s\src\hotspot\share\interpreter\linkResolver.cpp, line 773]
Event: 33.298 Thread 0x00000247da38a8d0 Exception <a 'sun/nio/fs/WindowsException'{0x00000000d56f8510}> (0x00000000d56f8510) 
thrown [s\src\hotspot\share\prims\jni.cpp, line 520]
Event: 33.298 Thread 0x00000247da38a8d0 Exception <a 'sun/nio/fs/WindowsException'{0x00000000d56f8df0}> (0x00000000d56f8df0) 
thrown [s\src\hotspot\share\prims\jni.cpp, line 520]
Event: 33.387 Thread 0x00000247da38a8d0 Exception <a 'sun/nio/fs/WindowsException'{0x00000000d57f59e8}> (0x00000000d57f59e8) 
thrown [s\src\hotspot\share\prims\jni.cpp, line 520]
Event: 33.388 Thread 0x00000247da38a8d0 Exception <a 'sun/nio/fs/WindowsException'{0x00000000d57f62c8}> (0x00000000d57f62c8) 
thrown [s\src\hotspot\share\prims\jni.cpp, line 520]

ZGC Phase Switch (0 events):
No events

VM Operations (20 events):
Event: 33.351 Executing VM operation: ParallelGCFailedAllocation (Allocation Failure)
Event: 33.353 Executing VM operation: ParallelGCFailedAllocation (Allocation Failure) done
Event: 33.373 Executing VM operation: ParallelGCFailedAllocation (Allocation Failure)
Event: 33.374 Executing VM operation: ParallelGCFailedAllocation (Allocation Failure) done
Event: 34.384 Executing VM operation: Cleanup
Event: 34.384 Executing VM operation: Cleanup done
Event: 60.187 Executing VM operation: HandshakeAllThreads (HandshakeForDeflation)
Event: 60.187 Executing VM operation: HandshakeAllThreads (HandshakeForDeflation) done
Event: 60.187 Executing VM operation: RendezvousGCThreads
Event: 60.187 Executing VM operation: RendezvousGCThreads done
Event: 94.414 Executing VM operation: Cleanup
Event: 94.414 Executing VM operation: Cleanup done
Event: 97.423 Executing VM operation: Cleanup
Event: 97.423 Executing VM operation: Cleanup done
Event: 117.555 Executing VM operation: Cleanup
Event: 117.555 Executing VM operation: Cleanup done
Event: 120.317 Executing VM operation: HandshakeAllThreads (HandshakeForDeflation)
Event: 120.317 Executing VM operation: HandshakeAllThreads (HandshakeForDeflation) done
Event: 120.317 Executing VM operation: RendezvousGCThreads
Event: 120.317 Executing VM operation: RendezvousGCThreads done

Memory protections (0 events):
No events

Nmethod flushes (20 events):
Event: 17.431 Thread 0x00000247fa61e860 flushing  nmethod 0x00000247808ef790
Event: 17.431 Thread 0x00000247fa61e860 flushing  nmethod 0x00000247808f9c90
Event: 17.431 Thread 0x00000247fa61e860 flushing  nmethod 0x000002478090b410
Event: 17.431 Thread 0x00000247fa61e860 flushing  nmethod 0x000002478092d810
Event: 17.431 Thread 0x00000247fa61e860 flushing  nmethod 0x0000024780930310
Event: 17.431 Thread 0x00000247fa61e860 flushing  nmethod 0x0000024780989e90
Event: 17.431 Thread 0x00000247fa61e860 flushing  nmethod 0x000002478098aa10
Event: 17.431 Thread 0x00000247fa61e860 flushing  nmethod 0x000002478098b190
Event: 17.431 Thread 0x00000247fa61e860 flushing  nmethod 0x000002478098f110
Event: 17.431 Thread 0x00000247fa61e860 flushing  nmethod 0x000002478098fc10
Event: 17.431 Thread 0x00000247fa61e860 flushing  nmethod 0x000002478099b690
Event: 17.431 Thread 0x00000247fa61e860 flushing  nmethod 0x000002478099bb90
Event: 17.431 Thread 0x00000247fa61e860 flushing  nmethod 0x000002478099ea90
Event: 17.431 Thread 0x00000247fa61e860 flushing  nmethod 0x000002478099ee10
Event: 17.431 Thread 0x00000247fa61e860 flushing  nmethod 0x000002478099fc10
Event: 17.431 Thread 0x00000247fa61e860 flushing  nmethod 0x00000247809a0010
Event: 17.431 Thread 0x00000247fa61e860 flushing  nmethod 0x00000247809a0390
Event: 17.431 Thread 0x00000247fa61e860 flushing  nmethod 0x00000247809a0710
Event: 17.431 Thread 0x00000247fa61e860 flushing  nmethod 0x00000247809a0c90
Event: 17.431 Thread 0x00000247fa61e860 flushing  nmethod 0x00000247809a1090

Events (20 events):
Event: 29.673 Thread 0x00000247e6d86ec0 Thread added: 0x00000247e6d88900
Event: 30.970 Thread 0x00000247dd278080 Thread exited: 0x00000247dd278080
Event: 30.970 Thread 0x00000247db44a380 Thread exited: 0x00000247db44a380
Event: 30.970 Thread 0x00000247d9a15cf0 Thread added: 0x00000247e6d89620
Event: 30.971 Thread 0x00000247e6d88900 Thread exited: 0x00000247e6d88900
Event: 31.158 Thread 0x00000247ff2f7de0 Thread added: 0x00000247d9d71170
Event: 31.530 Thread 0x00000247e6d89620 Thread added: 0x00000247e6d88270
Event: 31.535 Thread 0x00000247e6d89620 Thread exited: 0x00000247e6d89620
Event: 32.263 Thread 0x00000247d9d71170 Thread exited: 0x00000247d9d71170
Event: 80.857 Thread 0x00000247d9a16380 Thread exited: 0x00000247d9a16380
Event: 85.380 Thread 0x00000247d9a121e0 Thread exited: 0x00000247d9a121e0
Event: 86.226 Thread 0x00000247d9a15660 Thread exited: 0x00000247d9a15660
Event: 86.227 Thread 0x00000247d9a14fd0 Thread exited: 0x00000247d9a14fd0
Event: 86.261 Thread 0x00000247d96c0a50 Thread exited: 0x00000247d96c0a50
Event: 86.456 Thread 0x00000247d96bd5d0 Thread exited: 0x00000247d96bd5d0
Event: 86.460 Thread 0x00000247d96bf010 Thread exited: 0x00000247d96bf010
Event: 86.460 Thread 0x00000247dadcc9b0 Thread exited: 0x00000247dadcc9b0
Event: 87.643 Thread 0x00000247d96bdc60 Thread exited: 0x00000247d96bdc60
Event: 93.433 Thread 0x00000247da38a8d0 Thread exited: 0x00000247da38a8d0
Event: 153.442 Thread 0x00000247dadca8e0 Thread exited: 0x00000247dadca8e0


Dynamic libraries:
0x00007ff635540000 - 0x00007ff63554e000 	c:\Users\ACER\.vscode\extensions\redhat.java-1.45.0-win32-x64\jre\21.0.8-win32-x86_64\bin\java.exe
0x00007ffd464c0000 - 0x00007ffd46729000 	C:\WINDOWS\SYSTEM32\ntdll.dll
0x00007ffd44e10000 - 0x00007ffd44ed9000 	C:\WINDOWS\System32\KERNEL32.DLL
0x00007ffd43bc0000 - 0x00007ffd43fb3000 	C:\WINDOWS\System32\KERNELBASE.dll
0x00007ffd437b0000 - 0x00007ffd438fb000 	C:\WINDOWS\System32\ucrtbase.dll
0x00007ffd118a0000 - 0x00007ffd118b8000 	c:\Users\ACER\.vscode\extensions\redhat.java-1.45.0-win32-x64\jre\21.0.8-win32-x86_64\bin\jli.dll
0x00007ffd45160000 - 0x00007ffd45324000 	C:\WINDOWS\System32\USER32.dll
0x00007ffd3b7b0000 - 0x00007ffd3b7ce000 	c:\Users\ACER\.vscode\extensions\redhat.java-1.45.0-win32-x64\jre\21.0.8-win32-x86_64\bin\VCRUNTIME140.dll
0x00007ffd440f0000 - 0x00007ffd44117000 	C:\WINDOWS\System32\win32u.dll
0x00007ffd45590000 - 0x00007ffd455bb000 	C:\WINDOWS\System32\GDI32.dll
0x00007ffd43fc0000 - 0x00007ffd440ed000 	C:\WINDOWS\System32\gdi32full.dll
0x00007ffd43900000 - 0x00007ffd439a3000 	C:\WINDOWS\System32\msvcp_win.dll
0x00007ffd24580000 - 0x00007ffd24813000 	C:\WINDOWS\WinSxS\amd64_microsoft.windows.common-controls_6595b64144ccf1df_6.0.26100.5074_none_3e0d6f78e32fd63f\COMCTL32.dll
0x00007ffd46000000 - 0x00007ffd460a9000 	C:\WINDOWS\System32\msvcrt.dll
0x00007ffd455d0000 - 0x00007ffd455ff000 	C:\WINDOWS\System32\IMM32.DLL
0x00007ffd3b8e0000 - 0x00007ffd3b8ec000 	c:\Users\ACER\.vscode\extensions\redhat.java-1.45.0-win32-x64\jre\21.0.8-win32-x86_64\bin\vcruntime140_1.dll
0x00007ffcd3d80000 - 0x00007ffcd3e0d000 	c:\Users\ACER\.vscode\extensions\redhat.java-1.45.0-win32-x64\jre\21.0.8-win32-x86_64\bin\msvcp140.dll
0x00007ffcb8d00000 - 0x00007ffcb9a97000 	c:\Users\ACER\.vscode\extensions\redhat.java-1.45.0-win32-x64\jre\21.0.8-win32-x86_64\bin\server\jvm.dll
0x00007ffd444b0000 - 0x00007ffd44564000 	C:\WINDOWS\System32\ADVAPI32.dll
0x00007ffd44c80000 - 0x00007ffd44d26000 	C:\WINDOWS\System32\sechost.dll
0x00007ffd44390000 - 0x00007ffd444a8000 	C:\WINDOWS\System32\RPCRT4.dll
0x00007ffd456f0000 - 0x00007ffd45764000 	C:\WINDOWS\System32\WS2_32.dll
0x00007ffd42290000 - 0x00007ffd422ee000 	C:\WINDOWS\SYSTEM32\POWRPROF.dll
0x00007ffd39ef0000 - 0x00007ffd39efb000 	C:\WINDOWS\SYSTEM32\VERSION.dll
0x00007ffd37100000 - 0x00007ffd37135000 	C:\WINDOWS\SYSTEM32\WINMM.dll
0x00007ffd42270000 - 0x00007ffd42284000 	C:\WINDOWS\SYSTEM32\UMPDC.dll
0x00007ffd42550000 - 0x00007ffd4256b000 	C:\WINDOWS\SYSTEM32\kernel.appcore.dll
0x00007ffd2e8d0000 - 0x00007ffd2e8da000 	c:\Users\ACER\.vscode\extensions\redhat.java-1.45.0-win32-x64\jre\21.0.8-win32-x86_64\bin\jimage.dll
0x00007ffd40ed0000 - 0x00007ffd41112000 	C:\WINDOWS\SYSTEM32\DBGHELP.DLL
0x00007ffd460b0000 - 0x00007ffd4642b000 	C:\WINDOWS\System32\combase.dll
0x00007ffd45610000 - 0x00007ffd456e7000 	C:\WINDOWS\System32\OLEAUT32.dll
0x00007ffd0d490000 - 0x00007ffd0d4cd000 	C:\WINDOWS\SYSTEM32\dbgcore.DLL
0x00007ffd43650000 - 0x00007ffd436e9000 	C:\WINDOWS\System32\bcryptPrimitives.dll
0x00007ffd2b740000 - 0x00007ffd2b74f000 	c:\Users\ACER\.vscode\extensions\redhat.java-1.45.0-win32-x64\jre\21.0.8-win32-x86_64\bin\instrument.dll
0x00007ffd0d840000 - 0x00007ffd0d85f000 	c:\Users\ACER\.vscode\extensions\redhat.java-1.45.0-win32-x64\jre\21.0.8-win32-x86_64\bin\java.dll
0x00007ffd45770000 - 0x00007ffd45ebd000 	C:\WINDOWS\System32\SHELL32.dll
0x00007ffd44120000 - 0x00007ffd4428c000 	C:\WINDOWS\System32\wintypes.dll
0x00007ffd412c0000 - 0x00007ffd41b19000 	C:\WINDOWS\SYSTEM32\windows.storage.dll
0x00007ffd44ee0000 - 0x00007ffd44fd0000 	C:\WINDOWS\System32\SHCORE.dll
0x00007ffd44570000 - 0x00007ffd445d2000 	C:\WINDOWS\System32\shlwapi.dll
0x00007ffd43570000 - 0x00007ffd43599000 	C:\WINDOWS\SYSTEM32\profapi.dll
0x00007ffd0d820000 - 0x00007ffd0d838000 	c:\Users\ACER\.vscode\extensions\redhat.java-1.45.0-win32-x64\jre\21.0.8-win32-x86_64\bin\zip.dll
0x00007ffd29980000 - 0x00007ffd29990000 	C:\Users\ACER\.vscode\extensions\redhat.java-1.45.0-win32-x64\jre\21.0.8-win32-x86_64\bin\net.dll
0x00007ffd39c50000 - 0x00007ffd39d6f000 	C:\WINDOWS\SYSTEM32\WINHTTP.dll
0x00007ffd42ad0000 - 0x00007ffd42b3b000 	C:\WINDOWS\system32\mswsock.dll
0x00007ffd0d3a0000 - 0x00007ffd0d3b6000 	C:\Users\ACER\.vscode\extensions\redhat.java-1.45.0-win32-x64\jre\21.0.8-win32-x86_64\bin\nio.dll
0x00007ffd29370000 - 0x00007ffd29380000 	c:\Users\ACER\.vscode\extensions\redhat.java-1.45.0-win32-x64\jre\21.0.8-win32-x86_64\bin\verify.dll
0x00007ffcdc870000 - 0x00007ffcdc8b4000 	C:\Users\ACER\AppData\Roaming\Code\User\globalStorage\redhat.java\1.45.0\config_win\org.eclipse.equinox.launcher\org.eclipse.equinox.launcher.win32.win32.x86_64_1.2.1400.v20250801-0854\eclipse_11916.dll
0x00007ffd44a80000 - 0x00007ffd44c18000 	C:\WINDOWS\System32\ole32.dll
0x00007ffd42d70000 - 0x00007ffd42d8b000 	C:\WINDOWS\SYSTEM32\CRYPTSP.dll
0x00007ffd424b0000 - 0x00007ffd424eb000 	C:\WINDOWS\system32\rsaenh.dll
0x00007ffd42b70000 - 0x00007ffd42b9b000 	C:\WINDOWS\SYSTEM32\USERENV.dll
0x00007ffd43540000 - 0x00007ffd43566000 	C:\WINDOWS\SYSTEM32\bcrypt.dll
0x00007ffd42d90000 - 0x00007ffd42d9c000 	C:\WINDOWS\SYSTEM32\CRYPTBASE.dll
0x00007ffd41ec0000 - 0x00007ffd41ef4000 	C:\WINDOWS\SYSTEM32\IPHLPAPI.DLL
0x00007ffd455c0000 - 0x00007ffd455ca000 	C:\WINDOWS\System32\NSI.dll
0x00007ffd297f0000 - 0x00007ffd29839000 	C:\Users\ACER\AppData\Local\Temp\jna-2003023\jna4713252248601694196.dll
0x00007ffd44e00000 - 0x00007ffd44e08000 	C:\WINDOWS\System32\PSAPI.DLL
0x00007ffd39f30000 - 0x00007ffd39f4e000 	C:\WINDOWS\SYSTEM32\dhcpcsvc6.DLL
0x00007ffd39f00000 - 0x00007ffd39f23000 	C:\WINDOWS\SYSTEM32\dhcpcsvc.DLL
0x00007ffd2e8e0000 - 0x00007ffd2e8e9000 	C:\Users\ACER\.vscode\extensions\redhat.java-1.45.0-win32-x64\jre\21.0.8-win32-x86_64\bin\extnet.dll

JVMTI agents:
c:\Users\ACER\.vscode\extensions\redhat.java-1.45.0-win32-x64\lombok\lombok-1.18.39-4050.jar path:c:\Users\ACER\.vscode\extensions\redhat.java-1.45.0-win32-x64\jre\21.0.8-win32-x86_64\bin\instrument.dll, loaded, initialized, instrumentlib options:none

dbghelp: loaded successfully - version: 4.0.5 - missing functions: none
symbol engine: initialized successfully - sym options: 0x614 - pdb path: .;c:\Users\ACER\.vscode\extensions\redhat.java-1.45.0-win32-x64\jre\21.0.8-win32-x86_64\bin;C:\WINDOWS\SYSTEM32;C:\WINDOWS\WinSxS\amd64_microsoft.windows.common-controls_6595b64144ccf1df_6.0.26100.5074_none_3e0d6f78e32fd63f;c:\Users\ACER\.vscode\extensions\redhat.java-1.45.0-win32-x64\jre\21.0.8-win32-x86_64\bin\server;C:\Users\ACER\AppData\Roaming\Code\User\globalStorage\redhat.java\1.45.0\config_win\org.eclipse.equinox.launcher\org.eclipse.equinox.launcher.win32.win32.x86_64_1.2.1400.v20250801-0854;C:\Users\ACER\AppData\Local\Temp\jna-2003023

VM Arguments:
jvm_args: --add-modules=ALL-SYSTEM --add-opens=java.base/java.util=ALL-UNNAMED --add-opens=java.base/java.lang=ALL-UNNAMED --add-opens=java.base/sun.nio.fs=ALL-UNNAMED -Declipse.application=org.eclipse.jdt.ls.core.id1 -Dosgi.bundles.defaultStartLevel=4 -Declipse.product=org.eclipse.jdt.ls.core.product -Djava.import.generatesMetadataFilesAtProjectRoot=false -DDetectVMInstallationsJob.disabled=true -Dfile.encoding=utf8 -XX:+UseParallelGC -XX:GCTimeRatio=4 -XX:AdaptiveSizePolicyWeight=90 -Dsun.zip.disableMemoryMapping=true -Xmx2G -Xms100m -Xlog:disable -javaagent:c:\Users\ACER\.vscode\extensions\redhat.java-1.45.0-win32-x64\lombok\lombok-1.18.39-4050.jar -XX:+HeapDumpOnOutOfMemoryError -XX:HeapDumpPath=c:\Users\ACER\AppData\Roaming\Code\User\workspaceStorage\08183c7a8599d3edc1db5d805d015760\redhat.java -Daether.dependencyCollector.impl=bf 
java_command: c:\Users\ACER\.vscode\extensions\redhat.java-1.45.0-win32-x64\server\plugins\org.eclipse.equinox.launcher_1.7.0.v20250519-0528.jar -configuration c:\Users\ACER\AppData\Roaming\Code\User\globalStorage\redhat.java\1.45.0\config_win -data c:\Users\ACER\AppData\Roaming\Code\User\workspaceStorage\08183c7a8599d3edc1db5d805d015760\redhat.java\jdt_ws --pipe=\\.\pipe\lsp-8e24c7e5423bbee626536c66a507475f-sock
java_class_path (initial): c:\Users\ACER\.vscode\extensions\redhat.java-1.45.0-win32-x64\server\plugins\org.eclipse.equinox.launcher_1.7.0.v20250519-0528.jar
Launcher Type: SUN_STANDARD

[Global flags]
    uintx AdaptiveSizePolicyWeight                 = 90                                        {product} {command line}
     intx CICompilerCount                          = 4                                         {product} {ergonomic}
    uintx GCTimeRatio                              = 4                                         {product} {command line}
     bool HeapDumpOnOutOfMemoryError               = true                                   {manageable} {command line}
    ccstr HeapDumpPath                             = c:\Users\ACER\AppData\Roaming\Code\User\workspaceStorage\08183c7a8599d3edc1db5d805d015760\redhat.java         {manageable} {command line}
   size_t InitialHeapSize                          = 104857600                                 {product} {command line}
   size_t MaxHeapSize                              = 2147483648                                {product} {command line}
   size_t MaxNewSize                               = 715653120                                 {product} {ergonomic}
   size_t MinHeapDeltaBytes                        = 524288                                    {product} {ergonomic}
   size_t MinHeapSize                              = 104857600                                 {product} {command line}
   size_t NewSize                                  = 34603008                                  {product} {ergonomic}
    uintx NonNMethodCodeHeapSize                   = 5839372                                {pd product} {ergonomic}
    uintx NonProfiledCodeHeapSize                  = 122909434                              {pd product} {ergonomic}
   size_t OldSize                                  = 70254592                                  {product} {ergonomic}
    uintx ProfiledCodeHeapSize                     = 122909434                              {pd product} {ergonomic}
    uintx ReservedCodeCacheSize                    = 251658240                              {pd product} {ergonomic}
     bool SegmentedCodeCache                       = true                                      {product} {ergonomic}
   size_t SoftMaxHeapSize                          = 2147483648                             {manageable} {ergonomic}
     bool UseCompressedOops                        = true                           {product lp64_product} {ergonomic}
     bool UseLargePagesIndividualAllocation        = false                                  {pd product} {ergonomic}
     bool UseParallelGC                            = true                                      {product} {command line}

Logging:
Log output configuration:
 #0: stdout all=off uptime,level,tags foldmultilines=false
 #1: stderr all=off uptime,level,tags foldmultilines=false

Environment Variables:
PATH=C:\Program Files\NVIDIA GPU Computing Toolkit\CUDA\v12.9\bin;C:\Program Files\NVIDIA GPU Computing Toolkit\CUDA\v12.9\libnvvp;C:\Program Files (x86)\VMware\VMware Workstation\bin\;C:\Program Files\Common Files\Oracle\Java\javapath;C:\Windows\system32;C:\Windows;C:\Windows\System32\Wbem;C:\Windows\System32\WindowsPowerShell\v1.0\;C:\Windows\System32\OpenSSH\;C:\Program Files (x86)\NVIDIA Corporation\PhysX\Common;C:\Program Files\Git\cmd;C:\Program Files\PuTTY\;C:\Program Files\nodejs\;C:\ProgramData\ComposerSetup\bin;C:\Users\ACER\AppData\Local\Programs\Python\Python313;C:\Users\ACER\AppData\Local\Programs\Python\Python313\Scripts;C:\xampp_new\php;C:\ProgramData\chocolatey\bin;C:\Program Files\NVIDIA Corporation\Nsight Compute 2025.2.1\;C:\Program Files\NVIDIA Corporation\NVIDIA App\NvDLISR;C:\WINDOWS\system32;C:\WINDOWS;C:\WINDOWS\System32\Wbem;C:\WINDOWS\System32\WindowsPowerShell\v1.0\;C:\WINDOWS\System32\OpenSSH\;C:\Users\ACER\AppData\Local\Android\Sdk\platform-tools;C:\Program Files (x86)\WebDriver;;C:\Program Files\Docker\Docker\resources\bin;C:\Program Files\RabbitMQ Server\rabbitmq_server-4.1.4\sbin;C:\Users\ACER\AppData\Local\Programs\Python\Python313\;C:\Users\ACER\AppData\Local\Microsoft\WindowsApps;C:\Users\ACER\AppData\Local\Programs\Microsoft VS Code\bin;C:\flutter\bin;C:\Users\ACER\AppData\Roaming\npm;C:\Users\ACER\AppData\Roaming\Composer\vendor\bin;C:\Users\ACER\AppData\Local\spicetify;C:\Users\ACER\AppData\Local\Microsoft\WindowsApps;C:\Users\ACER\AppData\Local\Android\Sdk\platform-tools;
USERNAME=ACER
OS=Windows_NT
PROCESSOR_IDENTIFIER=Intel64 Family 6 Model 186 Stepping 2, GenuineIntel
TMP=C:\Users\ACER\AppData\Local\Temp
TEMP=C:\Users\ACER\AppData\Local\Temp




Periodic native trim disabled

---------------  S Y S T E M  ---------------

OS:
 Windows 11 , 64 bit Build 26100 (10.0.26100.5074)
OS uptime: 1 days 6:52 hours
Hyper-V role detected

CPU: total 12 (initial active 12) (6 cores per cpu, 2 threads per core) family 6 model 186 stepping 2 microcode 0x5103, cx8, cmov, fxsr, ht, mmx, 3dnowpref, sse, sse2, sse3, ssse3, sse4.1, sse4.2, popcnt, lzcnt, tsc, tscinvbit, avx, avx2, aes, erms, clmul, bmi1, bmi2, adx, sha, fma, vzeroupper, clflush, clflushopt, clwb, hv, serialize, rdtscp, rdpid, fsrm, f16c, cet_ibt, cet_ss
Processor Information for the first 12 processors :
  Max Mhz: 2100, Current Mhz: 2100, Mhz Limit: 2100

Memory: 4k page, system-wide physical 7895M (507M free)
TotalPageFile size 27340M (AvailPageFile size 26M)
current process WorkingSet (physical memory assigned to process): 16M, peak: 710M
current process commit charge ("private bytes"): 828M, peak: 866M

vm_info: OpenJDK 64-Bit Server VM (21.0.8+9-LTS) for windows-amd64 JRE (21.0.8+9-LTS), built on 2025-07-15T00:00:00Z by "admin" with MS VC++ 17.7 (VS2022)

END.
