#
# There is insufficient memory for the Java Runtime Environment to continue.
# Native memory allocation (malloc) failed to allocate 1048576 bytes. Error detail: AllocateHeap
# Possible reasons:
#   The system is out of physical RAM or swap space
#   This process is running with CompressedOops enabled, and the Java Heap may be blocking the growth of the native heap
# Possible solutions:
#   Reduce memory load on the system
#   Increase physical memory or swap space
#   Check if swap backing store is full
#   Decrease Java heap size (-Xmx/-Xms)
#   Decrease number of Java threads
#   Decrease Java thread stack sizes (-Xss)
#   Set larger code cache with -XX:ReservedCodeCacheSize=
#   JVM is running with Unscaled Compressed Oops mode in which the Java heap is
#     placed in the first 4GB address space. The Java Heap base address is the
#     maximum limit for the native heap growth. Please use -XX:HeapBaseMinAddress
#     to set the Java Heap base and to place the Java Heap above 4GB virtual address.
# This output file may be truncated or incomplete.
#
#  Out of Memory Error (allocation.cpp:44), pid=35972, tid=33592
#
# JRE version: OpenJDK Runtime Environment Temurin-21.0.8+9 (21.0.8+9) (build 21.0.8+9-LTS)
# Java VM: OpenJDK 64-Bit Server VM Temurin-21.0.8+9 (21.0.8+9-LTS, mixed mode, sharing, tiered, compressed oops, compressed class ptrs, parallel gc, windows-amd64)
# No core dump will be written. Minidumps are not enabled by default on client versions of Windows
#

---------------  S U M M A R Y ------------

Command Line: --add-modules=ALL-SYSTEM --add-opens=java.base/java.util=ALL-UNNAMED --add-opens=java.base/java.lang=ALL-UNNAMED --add-opens=java.base/sun.nio.fs=ALL-UNNAMED -Declipse.application=org.eclipse.jdt.ls.core.id1 -Dosgi.bundles.defaultStartLevel=4 -Declipse.product=org.eclipse.jdt.ls.core.product -Djava.import.generatesMetadataFilesAtProjectRoot=false -DDetectVMInstallationsJob.disabled=true -Dfile.encoding=utf8 -XX:+UseParallelGC -XX:GCTimeRatio=4 -XX:AdaptiveSizePolicyWeight=90 -Dsun.zip.disableMemoryMapping=true -Xmx2G -Xms100m -Xlog:disable -javaagent:c:\Users\ACER\.vscode\extensions\redhat.java-1.45.0-win32-x64\lombok\lombok-1.18.39-4050.jar -XX:+HeapDumpOnOutOfMemoryError -XX:HeapDumpPath=c:\Users\ACER\AppData\Roaming\Code\User\workspaceStorage\b0f31483883f54dd97c72456ba30699a\redhat.java -Daether.dependencyCollector.impl=bf c:\Users\ACER\.vscode\extensions\redhat.java-1.45.0-win32-x64\server\plugins\org.eclipse.equinox.launcher_1.7.0.v20250519-0528.jar -configuration c:\Users\ACER\AppData\Roaming\Code\User\globalStorage\redhat.java\1.45.0\config_win -data c:\Users\ACER\AppData\Roaming\Code\User\workspaceStorage\b0f31483883f54dd97c72456ba30699a\redhat.java\jdt_ws --pipe=\\.\pipe\lsp-d21b5a99f0a350fcf517c5cce87e5a56-sock

Host: 13th Gen Intel(R) Core(TM) i5-13420H, 12 cores, 7G,  Windows 11 , 64 bit Build 26100 (10.0.26100.5074)
Time: Wed Sep 17 10:23:47 2025 SE Asia Standard Time elapsed time: 204.477019 seconds (0d 0h 3m 24s)

---------------  T H R E A D  ---------------

Current thread (0x000001ab5f22b1c0):  JavaThread "Attach Listener" daemon [_thread_in_vm, id=33592, stack(0x00000050ddb00000,0x00000050ddc00000) (1024K)]

Stack: [0x00000050ddb00000,0x00000050ddc00000]
Native frames: (J=compiled Java code, j=interpreted, Vv=VM code, C=native code)
V  [jvm.dll+0x6d2449]
V  [jvm.dll+0x8ae341]
V  [jvm.dll+0x8b08be]
V  [jvm.dll+0x8b0fa3]
V  [jvm.dll+0x280c96]
V  [jvm.dll+0xc0347]
V  [jvm.dll+0x6d2cf9]
V  [jvm.dll+0x131116]
V  [jvm.dll+0x3f2d16]
V  [jvm.dll+0x857e6b]
V  [jvm.dll+0x6d0b0d]
C  [ucrtbase.dll+0x37b0]
C  [KERNEL32.DLL+0x2e8d7]
C  [ntdll.dll+0x8d9c]


---------------  P R O C E S S  ---------------

Threads class SMR info:
_java_thread_list=0x000001ab71f464a0, length=77, elements={
0x000001ab0576ed70, 0x000001ab1c20d590, 0x000001ab5f225c10, 0x000001ab5f2282b0,
0x000001ab5f22b1c0, 0x000001ab5f22f2b0, 0x000001ab5f2376e0, 0x000001ab5f234eb0,
0x000001ab5f240590, 0x000001ab5f315c40, 0x000001ab5f575250, 0x000001ab640fbb00,
0x000001ab640fd540, 0x000001ab640fe260, 0x000001ab640fc820, 0x000001ab640fceb0,
0x000001ab640fe8f0, 0x000001ab640fc190, 0x000001ab5fc30570, 0x000001ab5fc2fee0,
0x000001ab5fc31290, 0x000001ab5fc31fb0, 0x000001ab5fc32640, 0x000001ab6798fba0,
0x000001ab6798e160, 0x000001ab6798d440, 0x000001ab6798cdb0, 0x000001ab67990230,
0x000001ab679908c0, 0x000001ab6798e7f0, 0x000001ab67990f50, 0x000001ab6798dad0,
0x000001ab67991c70, 0x000001ab67992300, 0x000001ab6798ee80, 0x000001ab679915e0,
0x000001ab67992990, 0x000001ab6798f510, 0x000001ab67993020, 0x000001ab679936b0,
0x000001ab679943d0, 0x000001ab66401f10, 0x000001ab663ff7b0, 0x000001ab663fea90,
0x000001ab664025a0, 0x000001ab663ff120, 0x000001ab663ffe40, 0x000001ab66400b60,
0x000001ab664004d0, 0x000001ab66403fe0, 0x000001ab66404670, 0x000001ab664011f0,
0x000001ab66404d00, 0x000001ab66405a20, 0x000001ab664060b0, 0x000001ab6665b0e0,
0x000001ab6665c490, 0x000001ab6665d840, 0x000001ab6665ded0, 0x000001ab6665e560,
0x000001ab6665d1b0, 0x000001ab6665b770, 0x000001ab6665ebf0, 0x000001ab6665f280,
0x000001ab666619e0, 0x000001ab66660cc0, 0x000001ab6665f910, 0x000001ab66661350,
0x000001ab66662070, 0x000001ab66662700, 0x000001ab66660630, 0x000001ab640fef80,
0x000001ab70d8e690, 0x000001ab70d90df0, 0x000001ab70d91480, 0x000001ab70d8fa40,
0x000001ab70d93550
}

Java Threads: ( => current thread )
  0x000001ab0576ed70 JavaThread "main"                              [_thread_blocked, id=30804, stack(0x00000050dd400000,0x00000050dd500000) (1024K)]
  0x000001ab1c20d590 JavaThread "Reference Handler"          daemon [_thread_blocked, id=37400, stack(0x00000050dd800000,0x00000050dd900000) (1024K)]
  0x000001ab5f225c10 JavaThread "Finalizer"                  daemon [_thread_blocked, id=36804, stack(0x00000050dd900000,0x00000050dda00000) (1024K)]
  0x000001ab5f2282b0 JavaThread "Signal Dispatcher"          daemon [_thread_blocked, id=37296, stack(0x00000050dda00000,0x00000050ddb00000) (1024K)]
=>0x000001ab5f22b1c0 JavaThread "Attach Listener"            daemon [_thread_in_vm, id=33592, stack(0x00000050ddb00000,0x00000050ddc00000) (1024K)]
  0x000001ab5f22f2b0 JavaThread "Service Thread"             daemon [_thread_blocked, id=36612, stack(0x00000050ddc00000,0x00000050ddd00000) (1024K)]
  0x000001ab5f2376e0 JavaThread "Monitor Deflation Thread"   daemon [_thread_blocked, id=34076, stack(0x00000050ddd00000,0x00000050dde00000) (1024K)]
  0x000001ab5f234eb0 JavaThread "C2 CompilerThread0"         daemon [_thread_blocked, id=35132, stack(0x00000050dde00000,0x00000050ddf00000) (1024K)]
  0x000001ab5f240590 JavaThread "C1 CompilerThread0"         daemon [_thread_blocked, id=35916, stack(0x00000050ddf00000,0x00000050de000000) (1024K)]
  0x000001ab5f315c40 JavaThread "Common-Cleaner"             daemon [_thread_blocked, id=28204, stack(0x00000050de000000,0x00000050de100000) (1024K)]
  0x000001ab5f575250 JavaThread "Notification Thread"        daemon [_thread_blocked, id=35868, stack(0x00000050de200000,0x00000050de300000) (1024K)]
  0x000001ab640fbb00 JavaThread "Active Thread: Equinox Container: 14595158-c90b-42d9-a911-f1ff92d5dab9"        [_thread_blocked, id=37776, stack(0x00000050dea00000,0x00000050deb00000) (1024K)]
  0x000001ab640fd540 JavaThread "Refresh Thread: Equinox Container: 14595158-c90b-42d9-a911-f1ff92d5dab9" daemon [_thread_blocked, id=31776, stack(0x00000050deb00000,0x00000050dec00000) (1024K)]
  0x000001ab640fe260 JavaThread "Framework Event Dispatcher: Equinox Container: 14595158-c90b-42d9-a911-f1ff92d5dab9" daemon [_thread_blocked, id=37264, stack(0x00000050ded00000,0x00000050dee00000) (1024K)]
  0x000001ab640fc820 JavaThread "Start Level: Equinox Container: 14595158-c90b-42d9-a911-f1ff92d5dab9" daemon [_thread_blocked, id=34156, stack(0x00000050dee00000,0x00000050def00000) (1024K)]
  0x000001ab640fceb0 JavaThread "Bundle File Closer"         daemon [_thread_blocked, id=21196, stack(0x00000050df100000,0x00000050df200000) (1024K)]
  0x000001ab640fe8f0 JavaThread "SCR Component Actor"        daemon [_thread_blocked, id=37236, stack(0x00000050df200000,0x00000050df300000) (1024K)]
  0x000001ab640fc190 JavaThread "Worker-JM"                         [_thread_blocked, id=37160, stack(0x00000050df400000,0x00000050df500000) (1024K)]
  0x000001ab5fc30570 JavaThread "JNA Cleaner"                daemon [_thread_blocked, id=35800, stack(0x00000050de100000,0x00000050de200000) (1024K)]
  0x000001ab5fc2fee0 JavaThread "Java indexing"              daemon [_thread_blocked, id=20296, stack(0x00000050df800000,0x00000050df900000) (1024K)]
  0x000001ab5fc31290 JavaThread "Worker-4"                          [_thread_blocked, id=9492, stack(0x00000050dfd00000,0x00000050dfe00000) (1024K)]
  0x000001ab5fc31fb0 JavaThread "Thread-2"                   daemon [_thread_in_native, id=23412, stack(0x00000050dfe00000,0x00000050dff00000) (1024K)]
  0x000001ab5fc32640 JavaThread "Thread-3"                   daemon [_thread_in_native, id=7028, stack(0x00000050dff00000,0x00000050e0000000) (1024K)]
  0x000001ab6798fba0 JavaThread "Thread-4"                   daemon [_thread_in_native, id=28024, stack(0x00000050e0000000,0x00000050e0100000) (1024K)]
  0x000001ab6798e160 JavaThread "Thread-5"                   daemon [_thread_in_native, id=2924, stack(0x00000050e0100000,0x00000050e0200000) (1024K)]
  0x000001ab6798d440 JavaThread "Thread-6"                   daemon [_thread_in_native, id=4124, stack(0x00000050e0200000,0x00000050e0300000) (1024K)]
  0x000001ab6798cdb0 JavaThread "Thread-7"                   daemon [_thread_in_native, id=33824, stack(0x00000050e0300000,0x00000050e0400000) (1024K)]
  0x000001ab67990230 JavaThread "Thread-8"                   daemon [_thread_in_native, id=22820, stack(0x00000050e0400000,0x00000050e0500000) (1024K)]
  0x000001ab679908c0 JavaThread "Thread-9"                   daemon [_thread_in_native, id=33992, stack(0x00000050e0500000,0x00000050e0600000) (1024K)]
  0x000001ab6798e7f0 JavaThread "Thread-10"                  daemon [_thread_in_native, id=36552, stack(0x00000050e0600000,0x00000050e0700000) (1024K)]
  0x000001ab67990f50 JavaThread "Thread-11"                  daemon [_thread_in_native, id=37644, stack(0x00000050e0700000,0x00000050e0800000) (1024K)]
  0x000001ab6798dad0 JavaThread "Thread-12"                  daemon [_thread_in_native, id=33096, stack(0x00000050e0800000,0x00000050e0900000) (1024K)]
  0x000001ab67991c70 JavaThread "Thread-13"                  daemon [_thread_in_native, id=35044, stack(0x00000050e0900000,0x00000050e0a00000) (1024K)]
  0x000001ab67992300 JavaThread "Thread-14"                  daemon [_thread_in_native, id=36588, stack(0x00000050e0a00000,0x00000050e0b00000) (1024K)]
  0x000001ab6798ee80 JavaThread "pool-2-thread-1"                   [_thread_blocked, id=14748, stack(0x00000050e0b00000,0x00000050e0c00000) (1024K)]
  0x000001ab679915e0 JavaThread "WorkspaceEventsHandler"            [_thread_blocked, id=35080, stack(0x00000050e0c00000,0x00000050e0d00000) (1024K)]
  0x000001ab67992990 JavaThread "pool-1-thread-1"                   [_thread_blocked, id=22908, stack(0x00000050e0d00000,0x00000050e0e00000) (1024K)]
  0x000001ab6798f510 JavaThread "ForkJoinPool.commonPool-worker-1" daemon [_thread_blocked, id=35768, stack(0x00000050e0e00000,0x00000050e0f00000) (1024K)]
  0x000001ab67993020 JavaThread "ForkJoinPool.commonPool-worker-2" daemon [_thread_blocked, id=31112, stack(0x00000050e0f00000,0x00000050e1000000) (1024K)]
  0x000001ab679936b0 JavaThread "ForkJoinPool.commonPool-worker-4" daemon [_thread_blocked, id=808, stack(0x00000050e1100000,0x00000050e1200000) (1024K)]
  0x000001ab679943d0 JavaThread "ForkJoinPool.commonPool-worker-5" daemon [_thread_blocked, id=33520, stack(0x00000050e1200000,0x00000050e1300000) (1024K)]
  0x000001ab66401f10 JavaThread "ForkJoinPool.commonPool-worker-7" daemon [_thread_blocked, id=32648, stack(0x00000050e1400000,0x00000050e1500000) (1024K)]
  0x000001ab663ff7b0 JavaThread "ForkJoinPool.commonPool-worker-8" daemon [_thread_blocked, id=35640, stack(0x00000050e1500000,0x00000050e1600000) (1024K)]
  0x000001ab663fea90 JavaThread "ForkJoinPool.commonPool-worker-9" daemon [_thread_blocked, id=26792, stack(0x00000050e1600000,0x00000050e1700000) (1024K)]
  0x000001ab664025a0 JavaThread "ForkJoinPool.commonPool-worker-10" daemon [_thread_blocked, id=35952, stack(0x00000050e1700000,0x00000050e1800000) (1024K)]
  0x000001ab663ff120 JavaThread "ForkJoinPool.commonPool-worker-11" daemon [_thread_blocked, id=22500, stack(0x00000050e1800000,0x00000050e1900000) (1024K)]
  0x000001ab663ffe40 JavaThread "LocalFile Deleter"          daemon [_thread_blocked, id=17556, stack(0x00000050e1a00000,0x00000050e1b00000) (1024K)]
  0x000001ab66400b60 JavaThread "LocalFile Deleter"          daemon [_thread_blocked, id=37560, stack(0x00000050e1c00000,0x00000050e1d00000) (1024K)]
  0x000001ab664004d0 JavaThread "LocalFile Deleter"          daemon [_thread_blocked, id=1544, stack(0x00000050e1d00000,0x00000050e1e00000) (1024K)]
  0x000001ab66403fe0 JavaThread "LocalFile Deleter"          daemon [_thread_blocked, id=35892, stack(0x00000050e1e00000,0x00000050e1f00000) (1024K)]
  0x000001ab66404670 JavaThread "LocalFile Deleter"          daemon [_thread_blocked, id=37040, stack(0x00000050e1f00000,0x00000050e2000000) (1024K)]
  0x000001ab664011f0 JavaThread "LocalFile Deleter"          daemon [_thread_blocked, id=32008, stack(0x00000050e2000000,0x00000050e2100000) (1024K)]
  0x000001ab66404d00 JavaThread "LocalFile Deleter"          daemon [_thread_blocked, id=36424, stack(0x00000050e2100000,0x00000050e2200000) (1024K)]
  0x000001ab66405a20 JavaThread "LocalFile Deleter"          daemon [_thread_blocked, id=18760, stack(0x00000050e2300000,0x00000050e2400000) (1024K)]
  0x000001ab664060b0 JavaThread "LocalFile Deleter"          daemon [_thread_blocked, id=26032, stack(0x00000050e2400000,0x00000050e2500000) (1024K)]
  0x000001ab6665b0e0 JavaThread "Compiler Source File Reader" daemon [_thread_blocked, id=31324, stack(0x00000050e2500000,0x00000050e2600000) (1024K)]
  0x000001ab6665c490 JavaThread "Compiler Source File Reader" daemon [_thread_blocked, id=23232, stack(0x00000050e2600000,0x00000050e2700000) (1024K)]
  0x000001ab6665d840 JavaThread "Compiler Source File Reader" daemon [_thread_blocked, id=37568, stack(0x00000050e2700000,0x00000050e2800000) (1024K)]
  0x000001ab6665ded0 JavaThread "Compiler Source File Reader" daemon [_thread_blocked, id=28100, stack(0x00000050e2800000,0x00000050e2900000) (1024K)]
  0x000001ab6665e560 JavaThread "Compiler Source File Reader" daemon [_thread_blocked, id=37344, stack(0x00000050e2900000,0x00000050e2a00000) (1024K)]
  0x000001ab6665d1b0 JavaThread "Compiler Source File Reader" daemon [_thread_blocked, id=19664, stack(0x00000050e2a00000,0x00000050e2b00000) (1024K)]
  0x000001ab6665b770 JavaThread "Compiler Source File Reader" daemon [_thread_blocked, id=34032, stack(0x00000050e2b00000,0x00000050e2c00000) (1024K)]
  0x000001ab6665ebf0 JavaThread "Compiler Source File Reader" daemon [_thread_blocked, id=34644, stack(0x00000050e2c00000,0x00000050e2d00000) (1024K)]
  0x000001ab6665f280 JavaThread "Compiler Source File Reader" daemon [_thread_blocked, id=35000, stack(0x00000050e2d00000,0x00000050e2e00000) (1024K)]
  0x000001ab666619e0 JavaThread "Compiler Class File Writer" daemon [_thread_blocked, id=37328, stack(0x00000050df900000,0x00000050dfa00000) (1024K)]
  0x000001ab66660cc0 JavaThread "Compiler Class File Writer" daemon [_thread_blocked, id=37852, stack(0x00000050e2e00000,0x00000050e2f00000) (1024K)]
  0x000001ab6665f910 JavaThread "Compiler Class File Writer" daemon [_thread_blocked, id=37140, stack(0x00000050e2f00000,0x00000050e3000000) (1024K)]
  0x000001ab66661350 JavaThread "Compiler Class File Writer" daemon [_thread_blocked, id=33812, stack(0x00000050e3000000,0x00000050e3100000) (1024K)]
  0x000001ab66662070 JavaThread "Compiler Class File Writer" daemon [_thread_blocked, id=34592, stack(0x00000050e3100000,0x00000050e3200000) (1024K)]
  0x000001ab66662700 JavaThread "Compiler Class File Writer" daemon [_thread_blocked, id=32684, stack(0x00000050e3200000,0x00000050e3300000) (1024K)]
  0x000001ab66660630 JavaThread "Compiler Class File Writer" daemon [_thread_blocked, id=33248, stack(0x00000050e3300000,0x00000050e3400000) (1024K)]
  0x000001ab640fef80 JavaThread "Compiler Class File Writer" daemon [_thread_blocked, id=37156, stack(0x00000050e3400000,0x00000050e3500000) (1024K)]
  0x000001ab70d8e690 JavaThread "Compiler Class File Writer" daemon [_thread_blocked, id=25616, stack(0x00000050e3500000,0x00000050e3600000) (1024K)]
  0x000001ab70d90df0 JavaThread "Compiler Source File Reader" daemon [_thread_blocked, id=22236, stack(0x00000050e3600000,0x00000050e3700000) (1024K)]
  0x000001ab70d91480 JavaThread "Compiler Class File Writer" daemon [_thread_blocked, id=34432, stack(0x00000050e3700000,0x00000050e3800000) (1024K)]
  0x000001ab70d8fa40 JavaThread "Worker-5"                          [_thread_blocked, id=35004, stack(0x00000050dd200000,0x00000050dd300000) (1024K)]
  0x000001ab70d93550 JavaThread "Worker-6"                          [_thread_blocked, id=35636, stack(0x00000050dd100000,0x00000050dd200000) (1024K)]
Total: 77

Other Threads:
  0x000001ab0582ea70 VMThread "VM Thread"                           [id=36248, stack(0x00000050dd700000,0x00000050dd800000) (1024K)]
  0x000001ab1c0eca00 WatcherThread "VM Periodic Task Thread"        [id=34448, stack(0x00000050dd600000,0x00000050dd700000) (1024K)]
  0x000001ab0578c3f0 WorkerThread "GC Thread#0"                     [id=36372, stack(0x00000050dd500000,0x00000050dd600000) (1024K)]
  0x000001ab640080a0 WorkerThread "GC Thread#1"                     [id=15072, stack(0x00000050de400000,0x00000050de500000) (1024K)]
  0x000001ab64008440 WorkerThread "GC Thread#2"                     [id=9460, stack(0x00000050de500000,0x00000050de600000) (1024K)]
  0x000001ab640087e0 WorkerThread "GC Thread#3"                     [id=7800, stack(0x00000050de600000,0x00000050de700000) (1024K)]
  0x000001ab64075c10 WorkerThread "GC Thread#4"                     [id=32596, stack(0x00000050de700000,0x00000050de800000) (1024K)]
  0x000001ab64075fb0 WorkerThread "GC Thread#5"                     [id=28560, stack(0x00000050de800000,0x00000050de900000) (1024K)]
  0x000001ab64076350 WorkerThread "GC Thread#6"                     [id=37300, stack(0x00000050de900000,0x00000050dea00000) (1024K)]
  0x000001ab64299c60 WorkerThread "GC Thread#7"                     [id=35432, stack(0x00000050dec00000,0x00000050ded00000) (1024K)]
  0x000001ab5fbe8110 WorkerThread "GC Thread#8"                     [id=35744, stack(0x00000050def00000,0x00000050df000000) (1024K)]
  0x000001ab5fbe7d70 WorkerThread "GC Thread#9"                     [id=36732, stack(0x00000050df000000,0x00000050df100000) (1024K)]
Total: 12

Threads with active compile tasks:
Total: 0

VM state: not at safepoint (normal execution)

VM Mutex/Monitor currently owned by a thread: None

Heap address: 0x0000000080000000, size: 2048 MB, Compressed Oops mode: 32-bit

CDS archive(s) mapped at: [0x000001ab1d000000-0x000001ab1dba0000-0x000001ab1dba0000), size 12189696, SharedBaseAddress: 0x000001ab1d000000, ArchiveRelocationMode: 1.
Compressed class space mapped at: 0x000001ab1e000000-0x000001ab5e000000, reserved size: 1073741824
Narrow klass base: 0x000001ab1d000000, Narrow klass shift: 0, Narrow klass range: 0x100000000

GC Precious Log:
 CardTable entry size: 512
 CPUs: 12 total, 12 available
 Memory: 7895M
 Large Page Support: Disabled
 NUMA Support: Disabled
 Compressed Oops: Enabled (32-bit)
 Alignments: Space 512K, Generation 512K, Heap 2M
 Heap Min Capacity: 100M
 Heap Initial Capacity: 100M
 Heap Max Capacity: 2G
 Pre-touch: Disabled
 Parallel Workers: 10

Heap:
 PSYoungGen      total 10240K, used 6684K [0x00000000d5580000, 0x00000000d6180000, 0x0000000100000000)
  eden space 7680K, 77% used [0x00000000d5580000,0x00000000d5b49fb0,0x00000000d5d00000)
  from space 2560K, 29% used [0x00000000d5d00000,0x00000000d5dbd200,0x00000000d5f80000)
  to   space 1536K, 0% used [0x00000000d6000000,0x00000000d6000000,0x00000000d6180000)
 ParOldGen       total 316928K, used 315748K [0x0000000080000000, 0x0000000093580000, 0x00000000d5580000)
  object space 316928K, 99% used [0x0000000080000000,0x0000000093459060,0x0000000093580000)
 Metaspace       used 70197K, committed 71936K, reserved 1114112K
  class space    used 7344K, committed 8128K, reserved 1048576K

Card table byte_map: [0x000001ab05110000,0x000001ab05520000] _byte_map_base: 0x000001ab04d10000

Marking Bits: (ParMarkBitMap*) 0x00007ffcb99ba340
 Begin Bits: [0x000001ab17c10000, 0x000001ab19c10000)
 End Bits:   [0x000001ab19c10000, 0x000001ab1bc10000)

Polling page: 0x000001ab03830000

Metaspace:

Usage:
  Non-class:     61.38 MB used.
      Class:      7.17 MB used.
       Both:     68.55 MB used.

Virtual space:
  Non-class space:       64.00 MB reserved,      62.31 MB ( 97%) committed,  1 nodes.
      Class space:        1.00 GB reserved,       7.94 MB ( <1%) committed,  1 nodes.
             Both:        1.06 GB reserved,      70.25 MB (  6%) committed. 

Chunk freelists:
   Non-Class:  1.25 MB
       Class:  7.97 MB
        Both:  9.23 MB

MaxMetaspaceSize: unlimited
CompressedClassSpaceSize: 1.00 GB
Initial GC threshold: 21.00 MB
Current GC threshold: 97.31 MB
CDS: on
 - commit_granule_bytes: 65536.
 - commit_granule_words: 8192.
 - virtual_space_node_default_size: 8388608.
 - enlarge_chunks_in_place: 1.
 - use_allocation_guard: 0.


Internal statistics:

num_allocs_failed_limit: 11.
num_arena_births: 1390.
num_arena_deaths: 14.
num_vsnodes_births: 2.
num_vsnodes_deaths: 0.
num_space_committed: 1124.
num_space_uncommitted: 0.
num_chunks_returned_to_freelist: 25.
num_chunks_taken_from_freelist: 4875.
num_chunk_merges: 12.
num_chunk_splits: 2910.
num_chunks_enlarged: 1551.
num_inconsistent_stats: 0.

CodeHeap 'non-profiled nmethods': size=120000Kb used=10295Kb max_used=10295Kb free=109704Kb
 bounds [0x000001ab10430000, 0x000001ab10e40000, 0x000001ab17960000]
CodeHeap 'profiled nmethods': size=120000Kb used=31795Kb max_used=31795Kb free=88204Kb
 bounds [0x000001ab08960000, 0x000001ab0a870000, 0x000001ab0fe90000]
CodeHeap 'non-nmethods': size=5760Kb used=1453Kb max_used=1557Kb free=4307Kb
 bounds [0x000001ab0fe90000, 0x000001ab10100000, 0x000001ab10430000]
CodeCache: size=245760Kb, used=43543Kb, max_used=43647Kb, free=202215Kb
 total_blobs=14373, nmethods=13604, adapters=673, full_count=0
Compilation: enabled, stopped_count=0, restarted_count=0

Compilation events (20 events):
Event: 201.300 Thread 0x000001ab5f234eb0 14426       4       java.util.ArrayList$ArrayListSpliterator::estimateSize (11 bytes)
Event: 201.301 Thread 0x000001ab5f234eb0 nmethod 14426 0x000001ab10e3b210 code [0x000001ab10e3b3a0, 0x000001ab10e3b460]
Event: 201.302 Thread 0x000001ab5f234eb0 14427       4       java.util.stream.Collectors$$Lambda/0x000001ab1e0cf268::get (8 bytes)
Event: 201.303 Thread 0x000001ab5f234eb0 nmethod 14427 0x000001ab10e3b510 code [0x000001ab10e3b6a0, 0x000001ab10e3b790]
Event: 201.303 Thread 0x000001ab5f234eb0 14429       4       org.eclipse.jdt.internal.core.PackageFragmentRoot::equals (58 bytes)
Event: 201.306 Thread 0x000001ab5f240590 14430   !   3       org.eclipse.jdt.internal.core.JavaProject::getOptions (362 bytes)
Event: 201.310 Thread 0x000001ab5f240590 nmethod 14430 0x000001ab0a85dc10 code [0x000001ab0a85e100, 0x000001ab0a860898]
Event: 201.310 Thread 0x000001ab5f240590 14431   !   3       org.eclipse.jdt.internal.core.BinaryType::getDeclaringType (236 bytes)
Event: 201.316 Thread 0x000001ab5f234eb0 nmethod 14429 0x000001ab10e3b890 code [0x000001ab10e3bb00, 0x000001ab10e3c3e8]
Event: 201.316 Thread 0x000001ab5f234eb0 14432       4       java.util.stream.Collectors$$Lambda/0x000001ab1e0cf488::accept (14 bytes)
Event: 201.318 Thread 0x000001ab5f240590 nmethod 14431 0x000001ab0a861b10 code [0x000001ab0a8626e0, 0x000001ab0a8695e0]
Event: 201.318 Thread 0x000001ab5f240590 14433       3       org.eclipse.jdt.core.SourceRange::isAvailable (18 bytes)
Event: 201.319 Thread 0x000001ab5f240590 nmethod 14433 0x000001ab0a86c510 code [0x000001ab0a86c6c0, 0x000001ab0a86c8a8]
Event: 201.321 Thread 0x000001ab5f234eb0 nmethod 14432 0x000001ab10e3cc10 code [0x000001ab10e3cde0, 0x000001ab10e3d1b0]
Event: 201.321 Thread 0x000001ab5f234eb0 14428       4       org.eclipse.jdt.core.compiler.CharOperation::arrayConcat (43 bytes)
Event: 201.324 Thread 0x000001ab5f234eb0 nmethod 14428 0x000001ab10e3d410 code [0x000001ab10e3d5a0, 0x000001ab10e3d8f0]
Event: 201.325 Thread 0x000001ab5f240590 14434       3       org.eclipse.jdt.internal.core.PackageFragment::isDefaultPackage (12 bytes)
Event: 201.326 Thread 0x000001ab5f240590 nmethod 14434 0x000001ab0a86c990 code [0x000001ab0a86cb40, 0x000001ab0a86ccb8]
Event: 201.326 Thread 0x000001ab5f240590 14435       1       org.eclipse.jdt.internal.core.BinaryType::isLambda (2 bytes)
Event: 201.326 Thread 0x000001ab5f240590 nmethod 14435 0x000001ab10e3da90 code [0x000001ab10e3dc20, 0x000001ab10e3dce8]

GC Heap History (20 events):
Event: 199.825 GC heap before
{Heap before GC invocations=295 (full 3):
 PSYoungGen      total 9216K, used 8941K [0x00000000d5580000, 0x00000000d6000000, 0x0000000100000000)
  eden space 8704K, 99% used [0x00000000d5580000,0x00000000d5df4c80,0x00000000d5e00000)
  from space 512K, 55% used [0x00000000d5f00000,0x00000000d5f46900,0x00000000d5f80000)
  to   space 512K, 0% used [0x00000000d5f80000,0x00000000d5f80000,0x00000000d6000000)
 ParOldGen       total 315392K, used 313796K [0x0000000080000000, 0x0000000093400000, 0x00000000d5580000)
  object space 315392K, 99% used [0x0000000080000000,0x0000000093271200,0x0000000093400000)
 Metaspace       used 70140K, committed 71872K, reserved 1114112K
  class space    used 7340K, committed 8128K, reserved 1048576K
}
Event: 199.827 GC heap after
{Heap after GC invocations=295 (full 3):
 PSYoungGen      total 9216K, used 218K [0x00000000d5580000, 0x00000000d6000000, 0x0000000100000000)
  eden space 8704K, 0% used [0x00000000d5580000,0x00000000d5580000,0x00000000d5e00000)
  from space 512K, 42% used [0x00000000d5f80000,0x00000000d5fb6900,0x00000000d6000000)
  to   space 512K, 0% used [0x00000000d5f00000,0x00000000d5f00000,0x00000000d5f80000)
 ParOldGen       total 315392K, used 313828K [0x0000000080000000, 0x0000000093400000, 0x00000000d5580000)
  object space 315392K, 99% used [0x0000000080000000,0x0000000093279200,0x0000000093400000)
 Metaspace       used 70140K, committed 71872K, reserved 1114112K
  class space    used 7340K, committed 8128K, reserved 1048576K
}
Event: 199.863 GC heap before
{Heap before GC invocations=296 (full 3):
 PSYoungGen      total 9216K, used 8922K [0x00000000d5580000, 0x00000000d6000000, 0x0000000100000000)
  eden space 8704K, 100% used [0x00000000d5580000,0x00000000d5e00000,0x00000000d5e00000)
  from space 512K, 42% used [0x00000000d5f80000,0x00000000d5fb6900,0x00000000d6000000)
  to   space 512K, 0% used [0x00000000d5f00000,0x00000000d5f00000,0x00000000d5f80000)
 ParOldGen       total 315392K, used 313828K [0x0000000080000000, 0x0000000093400000, 0x00000000d5580000)
  object space 315392K, 99% used [0x0000000080000000,0x0000000093279200,0x0000000093400000)
 Metaspace       used 70140K, committed 71872K, reserved 1114112K
  class space    used 7340K, committed 8128K, reserved 1048576K
}
Event: 199.864 GC heap after
{Heap after GC invocations=296 (full 3):
 PSYoungGen      total 9216K, used 282K [0x00000000d5580000, 0x00000000d6000000, 0x0000000100000000)
  eden space 8704K, 0% used [0x00000000d5580000,0x00000000d5580000,0x00000000d5e00000)
  from space 512K, 55% used [0x00000000d5f00000,0x00000000d5f46900,0x00000000d5f80000)
  to   space 512K, 0% used [0x00000000d5f80000,0x00000000d5f80000,0x00000000d6000000)
 ParOldGen       total 315392K, used 313852K [0x0000000080000000, 0x0000000093400000, 0x00000000d5580000)
  object space 315392K, 99% used [0x0000000080000000,0x000000009327f200,0x0000000093400000)
 Metaspace       used 70140K, committed 71872K, reserved 1114112K
  class space    used 7340K, committed 8128K, reserved 1048576K
}
Event: 199.895 GC heap before
{Heap before GC invocations=297 (full 3):
 PSYoungGen      total 9216K, used 8950K [0x00000000d5580000, 0x00000000d6000000, 0x0000000100000000)
  eden space 8704K, 99% used [0x00000000d5580000,0x00000000d5df7078,0x00000000d5e00000)
  from space 512K, 55% used [0x00000000d5f00000,0x00000000d5f46900,0x00000000d5f80000)
  to   space 512K, 0% used [0x00000000d5f80000,0x00000000d5f80000,0x00000000d6000000)
 ParOldGen       total 315392K, used 313852K [0x0000000080000000, 0x0000000093400000, 0x00000000d5580000)
  object space 315392K, 99% used [0x0000000080000000,0x000000009327f200,0x0000000093400000)
 Metaspace       used 70141K, committed 71872K, reserved 1114112K
  class space    used 7340K, committed 8128K, reserved 1048576K
}
Event: 199.896 GC heap after
{Heap after GC invocations=297 (full 3):
 PSYoungGen      total 9216K, used 288K [0x00000000d5580000, 0x00000000d6000000, 0x0000000100000000)
  eden space 8704K, 0% used [0x00000000d5580000,0x00000000d5580000,0x00000000d5e00000)
  from space 512K, 56% used [0x00000000d5f80000,0x00000000d5fc8000,0x00000000d6000000)
  to   space 512K, 0% used [0x00000000d5f00000,0x00000000d5f00000,0x00000000d5f80000)
 ParOldGen       total 315392K, used 313884K [0x0000000080000000, 0x0000000093400000, 0x00000000d5580000)
  object space 315392K, 99% used [0x0000000080000000,0x0000000093287200,0x0000000093400000)
 Metaspace       used 70141K, committed 71872K, reserved 1114112K
  class space    used 7340K, committed 8128K, reserved 1048576K
}
Event: 199.933 GC heap before
{Heap before GC invocations=298 (full 3):
 PSYoungGen      total 9216K, used 8992K [0x00000000d5580000, 0x00000000d6000000, 0x0000000100000000)
  eden space 8704K, 100% used [0x00000000d5580000,0x00000000d5e00000,0x00000000d5e00000)
  from space 512K, 56% used [0x00000000d5f80000,0x00000000d5fc8000,0x00000000d6000000)
  to   space 512K, 0% used [0x00000000d5f00000,0x00000000d5f00000,0x00000000d5f80000)
 ParOldGen       total 315392K, used 313884K [0x0000000080000000, 0x0000000093400000, 0x00000000d5580000)
  object space 315392K, 99% used [0x0000000080000000,0x0000000093287200,0x0000000093400000)
 Metaspace       used 70141K, committed 71872K, reserved 1114112K
  class space    used 7340K, committed 8128K, reserved 1048576K
}
Event: 199.935 GC heap after
{Heap after GC invocations=298 (full 3):
 PSYoungGen      total 9216K, used 282K [0x00000000d5580000, 0x00000000d6000000, 0x0000000100000000)
  eden space 8704K, 0% used [0x00000000d5580000,0x00000000d5580000,0x00000000d5e00000)
  from space 512K, 55% used [0x00000000d5f00000,0x00000000d5f46900,0x00000000d5f80000)
  to   space 512K, 0% used [0x00000000d5f80000,0x00000000d5f80000,0x00000000d6000000)
 ParOldGen       total 315392K, used 313924K [0x0000000080000000, 0x0000000093400000, 0x00000000d5580000)
  object space 315392K, 99% used [0x0000000080000000,0x0000000093291200,0x0000000093400000)
 Metaspace       used 70141K, committed 71872K, reserved 1114112K
  class space    used 7340K, committed 8128K, reserved 1048576K
}
Event: 199.971 GC heap before
{Heap before GC invocations=299 (full 3):
 PSYoungGen      total 9216K, used 8954K [0x00000000d5580000, 0x00000000d6000000, 0x0000000100000000)
  eden space 8704K, 99% used [0x00000000d5580000,0x00000000d5df7f28,0x00000000d5e00000)
  from space 512K, 55% used [0x00000000d5f00000,0x00000000d5f46900,0x00000000d5f80000)
  to   space 512K, 0% used [0x00000000d5f80000,0x00000000d5f80000,0x00000000d6000000)
 ParOldGen       total 315392K, used 313924K [0x0000000080000000, 0x0000000093400000, 0x00000000d5580000)
  object space 315392K, 99% used [0x0000000080000000,0x0000000093291200,0x0000000093400000)
 Metaspace       used 70147K, committed 71936K, reserved 1114112K
  class space    used 7340K, committed 8128K, reserved 1048576K
}
Event: 199.972 GC heap after
{Heap after GC invocations=299 (full 3):
 PSYoungGen      total 9216K, used 224K [0x00000000d5580000, 0x00000000d6000000, 0x0000000100000000)
  eden space 8704K, 0% used [0x00000000d5580000,0x00000000d5580000,0x00000000d5e00000)
  from space 512K, 43% used [0x00000000d5f80000,0x00000000d5fb8000,0x00000000d6000000)
  to   space 512K, 0% used [0x00000000d5f00000,0x00000000d5f00000,0x00000000d5f80000)
 ParOldGen       total 315392K, used 313972K [0x0000000080000000, 0x0000000093400000, 0x00000000d5580000)
  object space 315392K, 99% used [0x0000000080000000,0x000000009329d200,0x0000000093400000)
 Metaspace       used 70147K, committed 71936K, reserved 1114112K
  class space    used 7340K, committed 8128K, reserved 1048576K
}
Event: 200.007 GC heap before
{Heap before GC invocations=300 (full 3):
 PSYoungGen      total 9216K, used 8928K [0x00000000d5580000, 0x00000000d6000000, 0x0000000100000000)
  eden space 8704K, 100% used [0x00000000d5580000,0x00000000d5e00000,0x00000000d5e00000)
  from space 512K, 43% used [0x00000000d5f80000,0x00000000d5fb8000,0x00000000d6000000)
  to   space 512K, 0% used [0x00000000d5f00000,0x00000000d5f00000,0x00000000d5f80000)
 ParOldGen       total 315392K, used 313972K [0x0000000080000000, 0x0000000093400000, 0x00000000d5580000)
  object space 315392K, 99% used [0x0000000080000000,0x000000009329d200,0x0000000093400000)
 Metaspace       used 70147K, committed 71936K, reserved 1114112K
  class space    used 7340K, committed 8128K, reserved 1048576K
}
Event: 200.008 GC heap after
{Heap after GC invocations=300 (full 3):
 PSYoungGen      total 9216K, used 346K [0x00000000d5580000, 0x00000000d6000000, 0x0000000100000000)
  eden space 8704K, 0% used [0x00000000d5580000,0x00000000d5580000,0x00000000d5e00000)
  from space 512K, 67% used [0x00000000d5f00000,0x00000000d5f56900,0x00000000d5f80000)
  to   space 512K, 0% used [0x00000000d5f80000,0x00000000d5f80000,0x00000000d6000000)
 ParOldGen       total 315392K, used 314012K [0x0000000080000000, 0x0000000093400000, 0x00000000d5580000)
  object space 315392K, 99% used [0x0000000080000000,0x00000000932a7200,0x0000000093400000)
 Metaspace       used 70147K, committed 71936K, reserved 1114112K
  class space    used 7340K, committed 8128K, reserved 1048576K
}
Event: 200.050 GC heap before
{Heap before GC invocations=301 (full 3):
 PSYoungGen      total 9216K, used 9050K [0x00000000d5580000, 0x00000000d6000000, 0x0000000100000000)
  eden space 8704K, 100% used [0x00000000d5580000,0x00000000d5e00000,0x00000000d5e00000)
  from space 512K, 67% used [0x00000000d5f00000,0x00000000d5f56900,0x00000000d5f80000)
  to   space 512K, 0% used [0x00000000d5f80000,0x00000000d5f80000,0x00000000d6000000)
 ParOldGen       total 315392K, used 314012K [0x0000000080000000, 0x0000000093400000, 0x00000000d5580000)
  object space 315392K, 99% used [0x0000000080000000,0x00000000932a7200,0x0000000093400000)
 Metaspace       used 70148K, committed 71936K, reserved 1114112K
  class space    used 7340K, committed 8128K, reserved 1048576K
}
Event: 200.052 GC heap after
{Heap after GC invocations=301 (full 3):
 PSYoungGen      total 9216K, used 250K [0x00000000d5580000, 0x00000000d6000000, 0x0000000100000000)
  eden space 8704K, 0% used [0x00000000d5580000,0x00000000d5580000,0x00000000d5e00000)
  from space 512K, 48% used [0x00000000d5f80000,0x00000000d5fbe900,0x00000000d6000000)
  to   space 512K, 0% used [0x00000000d5f00000,0x00000000d5f00000,0x00000000d5f80000)
 ParOldGen       total 315392K, used 314044K [0x0000000080000000, 0x0000000093400000, 0x00000000d5580000)
  object space 315392K, 99% used [0x0000000080000000,0x00000000932af200,0x0000000093400000)
 Metaspace       used 70148K, committed 71936K, reserved 1114112K
  class space    used 7340K, committed 8128K, reserved 1048576K
}
Event: 200.088 GC heap before
{Heap before GC invocations=302 (full 3):
 PSYoungGen      total 9216K, used 8349K [0x00000000d5580000, 0x00000000d6000000, 0x0000000100000000)
  eden space 8704K, 93% used [0x00000000d5580000,0x00000000d5d68be8,0x00000000d5e00000)
  from space 512K, 48% used [0x00000000d5f80000,0x00000000d5fbe900,0x00000000d6000000)
  to   space 512K, 0% used [0x00000000d5f00000,0x00000000d5f00000,0x00000000d5f80000)
 ParOldGen       total 315392K, used 314044K [0x0000000080000000, 0x0000000093400000, 0x00000000d5580000)
  object space 315392K, 99% used [0x0000000080000000,0x00000000932af200,0x0000000093400000)
 Metaspace       used 70148K, committed 71936K, reserved 1114112K
  class space    used 7340K, committed 8128K, reserved 1048576K
}
Event: 200.089 GC heap after
{Heap after GC invocations=302 (full 3):
 PSYoungGen      total 9216K, used 256K [0x00000000d5580000, 0x00000000d6000000, 0x0000000100000000)
  eden space 8704K, 0% used [0x00000000d5580000,0x00000000d5580000,0x00000000d5e00000)
  from space 512K, 50% used [0x00000000d5f00000,0x00000000d5f40000,0x00000000d5f80000)
  to   space 512K, 0% used [0x00000000d5f80000,0x00000000d5f80000,0x00000000d6000000)
 ParOldGen       total 315392K, used 314068K [0x0000000080000000, 0x0000000093400000, 0x00000000d5580000)
  object space 315392K, 99% used [0x0000000080000000,0x00000000932b5200,0x0000000093400000)
 Metaspace       used 70148K, committed 71936K, reserved 1114112K
  class space    used 7340K, committed 8128K, reserved 1048576K
}
Event: 200.120 GC heap before
{Heap before GC invocations=303 (full 3):
 PSYoungGen      total 9216K, used 8894K [0x00000000d5580000, 0x00000000d6000000, 0x0000000100000000)
  eden space 8704K, 99% used [0x00000000d5580000,0x00000000d5def868,0x00000000d5e00000)
  from space 512K, 50% used [0x00000000d5f00000,0x00000000d5f40000,0x00000000d5f80000)
  to   space 512K, 0% used [0x00000000d5f80000,0x00000000d5f80000,0x00000000d6000000)
 ParOldGen       total 315392K, used 314068K [0x0000000080000000, 0x0000000093400000, 0x00000000d5580000)
  object space 315392K, 99% used [0x0000000080000000,0x00000000932b5200,0x0000000093400000)
 Metaspace       used 70148K, committed 71936K, reserved 1114112K
  class space    used 7340K, committed 8128K, reserved 1048576K
}
Event: 201.125 GC heap after
{Heap after GC invocations=303 (full 3):
 PSYoungGen      total 8192K, used 509K [0x00000000d5580000, 0x00000000d6500000, 0x0000000100000000)
  eden space 7680K, 0% used [0x00000000d5580000,0x00000000d5580000,0x00000000d5d00000)
  from space 512K, 99% used [0x00000000d5f80000,0x00000000d5fff438,0x00000000d6000000)
  to   space 2560K, 0% used [0x00000000d5d00000,0x00000000d5d00000,0x00000000d5f80000)
 ParOldGen       total 316928K, used 315649K [0x0000000080000000, 0x0000000093580000, 0x00000000d5580000)
  object space 316928K, 99% used [0x0000000080000000,0x0000000093440760,0x0000000093580000)
 Metaspace       used 70148K, committed 71936K, reserved 1114112K
  class space    used 7340K, committed 8128K, reserved 1048576K
}
Event: 201.296 GC heap before
{Heap before GC invocations=304 (full 3):
 PSYoungGen      total 8192K, used 8189K [0x00000000d5580000, 0x00000000d6500000, 0x0000000100000000)
  eden space 7680K, 100% used [0x00000000d5580000,0x00000000d5d00000,0x00000000d5d00000)
  from space 512K, 99% used [0x00000000d5f80000,0x00000000d5fff438,0x00000000d6000000)
  to   space 2560K, 0% used [0x00000000d5d00000,0x00000000d5d00000,0x00000000d5f80000)
 ParOldGen       total 316928K, used 315649K [0x0000000080000000, 0x0000000093580000, 0x00000000d5580000)
  object space 316928K, 99% used [0x0000000080000000,0x0000000093440760,0x0000000093580000)
 Metaspace       used 70192K, committed 71936K, reserved 1114112K
  class space    used 7344K, committed 8128K, reserved 1048576K
}
Event: 201.299 GC heap after
{Heap after GC invocations=304 (full 3):
 PSYoungGen      total 10240K, used 756K [0x00000000d5580000, 0x00000000d6180000, 0x0000000100000000)
  eden space 7680K, 0% used [0x00000000d5580000,0x00000000d5580000,0x00000000d5d00000)
  from space 2560K, 29% used [0x00000000d5d00000,0x00000000d5dbd200,0x00000000d5f80000)
  to   space 1536K, 0% used [0x00000000d6000000,0x00000000d6000000,0x00000000d6180000)
 ParOldGen       total 316928K, used 315748K [0x0000000080000000, 0x0000000093580000, 0x00000000d5580000)
  object space 316928K, 99% used [0x0000000080000000,0x0000000093459060,0x0000000093580000)
 Metaspace       used 70192K, committed 71936K, reserved 1114112K
  class space    used 7344K, committed 8128K, reserved 1048576K
}

Dll operation events (10 events):
Event: 0.020 Loaded shared library c:\Users\ACER\.vscode\extensions\redhat.java-1.45.0-win32-x64\jre\21.0.8-win32-x86_64\bin\java.dll
Event: 0.093 Loaded shared library c:\Users\ACER\.vscode\extensions\redhat.java-1.45.0-win32-x64\jre\21.0.8-win32-x86_64\bin\zip.dll
Event: 0.115 Loaded shared library C:\Users\ACER\.vscode\extensions\redhat.java-1.45.0-win32-x64\jre\21.0.8-win32-x86_64\bin\instrument.dll
Event: 0.122 Loaded shared library C:\Users\ACER\.vscode\extensions\redhat.java-1.45.0-win32-x64\jre\21.0.8-win32-x86_64\bin\net.dll
Event: 0.125 Loaded shared library C:\Users\ACER\.vscode\extensions\redhat.java-1.45.0-win32-x64\jre\21.0.8-win32-x86_64\bin\nio.dll
Event: 0.130 Loaded shared library C:\Users\ACER\.vscode\extensions\redhat.java-1.45.0-win32-x64\jre\21.0.8-win32-x86_64\bin\zip.dll
Event: 0.156 Loaded shared library C:\Users\ACER\.vscode\extensions\redhat.java-1.45.0-win32-x64\jre\21.0.8-win32-x86_64\bin\jimage.dll
Event: 0.309 Loaded shared library c:\Users\ACER\.vscode\extensions\redhat.java-1.45.0-win32-x64\jre\21.0.8-win32-x86_64\bin\verify.dll
Event: 1.705 Loaded shared library C:\Users\ACER\AppData\Roaming\Code\User\globalStorage\redhat.java\1.45.0\config_win\org.eclipse.equinox.launcher\org.eclipse.equinox.launcher.win32.win32.x86_64_1.2.1400.v20250801-0854\eclipse_11916.dll
Event: 4.065 Loaded shared library C:\Users\ACER\AppData\Local\Temp\jna-2003023\jna9838936915990068361.dll

Deoptimization events (20 events):
Event: 199.286 Thread 0x000001ab663fea90 DEOPT PACKING pc=0x000001ab10dfa390 sp=0x00000050e16fdfb0
Event: 199.286 Thread 0x000001ab663fea90 DEOPT UNPACKING pc=0x000001ab0fee3aa2 sp=0x00000050e16fdf28 mode 2
Event: 199.286 Thread 0x000001ab663fea90 Uncommon trap: trap_request=0xffffffd6 fr.pc=0x000001ab10dfa390 relative=0x00000000000054f0
Event: 199.286 Thread 0x000001ab663fea90 Uncommon trap: reason=array_check action=maybe_recompile pc=0x000001ab10dfa390 method=org.eclipse.jdt.internal.compiler.classfmt.ModuleInfo.readModuleAttribute(I)V @ 1029 c2
Event: 199.286 Thread 0x000001ab663fea90 DEOPT PACKING pc=0x000001ab10dfa390 sp=0x00000050e16fdfb0
Event: 199.286 Thread 0x000001ab663fea90 DEOPT UNPACKING pc=0x000001ab0fee3aa2 sp=0x00000050e16fdf28 mode 2
Event: 199.286 Thread 0x000001ab663fea90 Uncommon trap: trap_request=0xffffffd6 fr.pc=0x000001ab10dfa390 relative=0x00000000000054f0
Event: 199.286 Thread 0x000001ab663fea90 Uncommon trap: reason=array_check action=maybe_recompile pc=0x000001ab10dfa390 method=org.eclipse.jdt.internal.compiler.classfmt.ModuleInfo.readModuleAttribute(I)V @ 1029 c2
Event: 199.286 Thread 0x000001ab663fea90 DEOPT PACKING pc=0x000001ab10dfa390 sp=0x00000050e16fdfb0
Event: 199.286 Thread 0x000001ab663fea90 DEOPT UNPACKING pc=0x000001ab0fee3aa2 sp=0x00000050e16fdf28 mode 2
Event: 199.286 Thread 0x000001ab663fea90 Uncommon trap: trap_request=0xffffffd6 fr.pc=0x000001ab10dfa390 relative=0x00000000000054f0
Event: 199.286 Thread 0x000001ab663fea90 Uncommon trap: reason=array_check action=maybe_recompile pc=0x000001ab10dfa390 method=org.eclipse.jdt.internal.compiler.classfmt.ModuleInfo.readModuleAttribute(I)V @ 1029 c2
Event: 199.286 Thread 0x000001ab663fea90 DEOPT PACKING pc=0x000001ab10dfa390 sp=0x00000050e16fdfb0
Event: 199.286 Thread 0x000001ab663fea90 DEOPT UNPACKING pc=0x000001ab0fee3aa2 sp=0x00000050e16fdf28 mode 2
Event: 199.741 Thread 0x000001ab663fea90 Uncommon trap: trap_request=0xffffff76 fr.pc=0x000001ab10e0fc40 relative=0x0000000000002880
Event: 199.741 Thread 0x000001ab663fea90 Uncommon trap: reason=predicate action=maybe_recompile pc=0x000001ab10e0fc40 method=org.eclipse.jdt.internal.compiler.parser.TypeConverter.extractIdentifiers(Ljava/lang/String;III)[[C @ 77 c2
Event: 199.741 Thread 0x000001ab663fea90 DEOPT PACKING pc=0x000001ab10e0fc40 sp=0x00000050e16fe610
Event: 199.741 Thread 0x000001ab663fea90 DEOPT UNPACKING pc=0x000001ab0fee3aa2 sp=0x00000050e16fe500 mode 2
Event: 201.137 Thread 0x000001ab663fea90 DEOPT PACKING pc=0x000001ab0a70378e sp=0x00000050e16fda30
Event: 201.137 Thread 0x000001ab663fea90 DEOPT UNPACKING pc=0x000001ab0fee4242 sp=0x00000050e16fcee0 mode 0

Classes loaded (20 events):
Event: 14.400 Loading class jdk/internal/module/IllegalAccessLogger
Event: 14.400 Loading class jdk/internal/module/IllegalAccessLogger done
Event: 14.411 Loading class java/util/Hashtable$KeySet
Event: 14.411 Loading class java/util/Hashtable$KeySet done
Event: 15.078 Loading class java/lang/invoke/MethodHandleImpl$CountingWrapper$1
Event: 15.079 Loading class java/lang/invoke/MethodHandleImpl$CountingWrapper$1 done
Event: 16.740 Loading class java/util/stream/ReduceOps$5
Event: 16.740 Loading class java/util/stream/ReduceOps$5 done
Event: 16.740 Loading class java/util/stream/ReduceOps$CountingSink$OfRef
Event: 16.741 Loading class java/util/stream/ReduceOps$CountingSink
Event: 16.741 Loading class java/util/stream/ReduceOps$CountingSink done
Event: 16.741 Loading class java/util/stream/ReduceOps$CountingSink$OfRef done
Event: 31.599 Loading class sun/nio/cs/ISO_8859_1$Encoder
Event: 31.599 Loading class sun/nio/cs/ISO_8859_1$Encoder done
Event: 31.600 Loading class sun/nio/cs/Surrogate$Parser
Event: 31.600 Loading class sun/nio/cs/Surrogate$Parser done
Event: 31.600 Loading class sun/nio/cs/Surrogate
Event: 31.600 Loading class sun/nio/cs/Surrogate done
Event: 110.443 Loading class java/nio/BufferMismatch
Event: 110.453 Loading class java/nio/BufferMismatch done

Classes unloaded (7 events):
Event: 4.771 Thread 0x000001ab0582ea70 Unloading class 0x000001ab1e1ab000 'java/lang/invoke/LambdaForm$MH+0x000001ab1e1ab000'
Event: 4.771 Thread 0x000001ab0582ea70 Unloading class 0x000001ab1e1aac00 'java/lang/invoke/LambdaForm$MH+0x000001ab1e1aac00'
Event: 4.771 Thread 0x000001ab0582ea70 Unloading class 0x000001ab1e1aa800 'java/lang/invoke/LambdaForm$MH+0x000001ab1e1aa800'
Event: 4.771 Thread 0x000001ab0582ea70 Unloading class 0x000001ab1e1aa400 'java/lang/invoke/LambdaForm$MH+0x000001ab1e1aa400'
Event: 4.771 Thread 0x000001ab0582ea70 Unloading class 0x000001ab1e1aa000 'java/lang/invoke/LambdaForm$BMH+0x000001ab1e1aa000'
Event: 4.771 Thread 0x000001ab0582ea70 Unloading class 0x000001ab1e1a9c00 'java/lang/invoke/LambdaForm$DMH+0x000001ab1e1a9c00'
Event: 4.771 Thread 0x000001ab0582ea70 Unloading class 0x000001ab1e1a8800 'java/lang/invoke/LambdaForm$DMH+0x000001ab1e1a8800'

Classes redefined (0 events):
No events

Internal exceptions (20 events):
Event: 16.608 Thread 0x000001ab67993d40 Exception <a 'java/lang/LinkageError'{0x00000000d5a91838}: loader lombok.launch.ShadowClassLoader @2f79674c attempted duplicate class definition for lombok.eclipse.EcjAugments. (lombok.eclipse.EcjAugments is in unnamed module of loader lombok.launch.ShadowClassLoader @2f79674c, parent loader org.eclipse.osgi.internal.loader.EquinoxClassLoader @4cc9660d)> (0x00000000d5a91838) 
thrown [s\src\hotspot\share\classfile\systemDictionary.cpp, line 1682]
Event: 16.642 Thread 0x000001ab6798f510 Exception <a 'java/lang/LinkageError'{0x00000000d5c6b698}: loader lombok.launch.ShadowClassLoader @2f79674c attempted duplicate class definition for lombok.launch.PatchFixesHider$ValPortal. (lombok.launch.PatchFixesHider$ValPortal is in unnamed module of loader lombok.launch.ShadowClassLoader @2f79674c, parent loader org.eclipse.osgi.internal.loader.EquinoxClassLoader @4cc9660d)> (0x00000000d5c6b698) 
thrown [s\src\hotspot\share\classfile\systemDictionary.cpp, line 1682]
Event: 16.642 Thread 0x000001ab67993d40 Exception <a 'java/lang/LinkageError'{0x00000000d5c2d658}: loader lombok.launch.ShadowClassLoader @2f79674c attempted duplicate class definition for lombok.launch.PatchFixesHider$ValPortal. (lombok.launch.PatchFixesHider$ValPortal is in unnamed module of loader lombok.launch.ShadowClassLoader @2f79674c, parent loader org.eclipse.osgi.internal.loader.EquinoxClassLoader @4cc9660d)> (0x00000000d5c2d658) 
thrown [s\src\hotspot\share\classfile\systemDictionary.cpp, line 1682]
Event: 16.757 Thread 0x000001ab67993d40 Implicit null exception at 0x000001ab10ada6da to 0x000001ab10ada733
Event: 16.835 Thread 0x000001ab67993d40 Implicit null exception at 0x000001ab10b608ab to 0x000001ab10b624f8
Event: 16.896 Thread 0x000001ab5fc31290 Exception <a 'sun/nio/fs/WindowsException'{0x00000000d5bd0308}> (0x00000000d5bd0308) 
thrown [s\src\hotspot\share\prims\jni.cpp, line 520]
Event: 16.896 Thread 0x000001ab5fc31290 Exception <a 'sun/nio/fs/WindowsException'{0x00000000d5bd0938}> (0x00000000d5bd0938) 
thrown [s\src\hotspot\share\prims\jni.cpp, line 520]
Event: 16.897 Thread 0x000001ab5fc31290 Exception <a 'sun/nio/fs/WindowsException'{0x00000000d5bd1838}> (0x00000000d5bd1838) 
thrown [s\src\hotspot\share\prims\jni.cpp, line 520]
Event: 16.897 Thread 0x000001ab5fc31290 Exception <a 'sun/nio/fs/WindowsException'{0x00000000d5bd1e68}> (0x00000000d5bd1e68) 
thrown [s\src\hotspot\share\prims\jni.cpp, line 520]
Event: 16.898 Thread 0x000001ab5fc31290 Exception <a 'sun/nio/fs/WindowsException'{0x00000000d5c30368}> (0x00000000d5c30368) 
thrown [s\src\hotspot\share\prims\jni.cpp, line 520]
Event: 16.898 Thread 0x000001ab5fc31290 Exception <a 'sun/nio/fs/WindowsException'{0x00000000d5c30998}> (0x00000000d5c30998) 
thrown [s\src\hotspot\share\prims\jni.cpp, line 520]
Event: 16.901 Thread 0x000001ab5fc31290 Exception <a 'sun/nio/fs/WindowsException'{0x00000000d5c98ab8}> (0x00000000d5c98ab8) 
thrown [s\src\hotspot\share\prims\jni.cpp, line 520]
Event: 16.901 Thread 0x000001ab5fc31290 Exception <a 'sun/nio/fs/WindowsException'{0x00000000d5c99398}> (0x00000000d5c99398) 
thrown [s\src\hotspot\share\prims\jni.cpp, line 520]
Event: 17.333 Thread 0x000001ab5fc31290 Exception <a 'java/lang/NoSuchMethodError'{0x00000000d5d88d08}: 'java.lang.Object java.lang.invoke.DirectMethodHandle$Holder.invokeStatic(java.lang.Object, java.lang.Object, int, java.lang.Object)'> (0x00000000d5d88d08) 
thrown [s\src\hotspot\share\interpreter\linkResolver.cpp, line 773]
Event: 114.379 Thread 0x000001ab66401880 Exception <a 'sun/nio/fs/WindowsException'{0x00000000d5993060}> (0x00000000d5993060) 
thrown [s\src\hotspot\share\prims\jni.cpp, line 520]
Event: 114.379 Thread 0x000001ab66401880 Exception <a 'sun/nio/fs/WindowsException'{0x00000000d5993940}> (0x00000000d5993940) 
thrown [s\src\hotspot\share\prims\jni.cpp, line 520]
Event: 201.176 Thread 0x000001ab663fea90 Exception <a 'sun/nio/fs/WindowsException'{0x00000000d5985968}> (0x00000000d5985968) 
thrown [s\src\hotspot\share\prims\jni.cpp, line 520]
Event: 201.178 Thread 0x000001ab663fea90 Exception <a 'sun/nio/fs/WindowsException'{0x00000000d5986248}> (0x00000000d5986248) 
thrown [s\src\hotspot\share\prims\jni.cpp, line 520]
Event: 201.326 Thread 0x000001ab663fea90 Exception <a 'sun/nio/fs/WindowsException'{0x00000000d5b30e00}> (0x00000000d5b30e00) 
thrown [s\src\hotspot\share\prims\jni.cpp, line 520]
Event: 201.327 Thread 0x000001ab663fea90 Exception <a 'sun/nio/fs/WindowsException'{0x00000000d5b316e0}> (0x00000000d5b316e0) 
thrown [s\src\hotspot\share\prims\jni.cpp, line 520]

ZGC Phase Switch (0 events):
No events

VM Operations (20 events):
Event: 199.863 Executing VM operation: ParallelGCFailedAllocation (Allocation Failure)
Event: 199.864 Executing VM operation: ParallelGCFailedAllocation (Allocation Failure) done
Event: 199.895 Executing VM operation: ParallelGCFailedAllocation (Allocation Failure)
Event: 199.896 Executing VM operation: ParallelGCFailedAllocation (Allocation Failure) done
Event: 199.933 Executing VM operation: ParallelGCFailedAllocation (Allocation Failure)
Event: 199.935 Executing VM operation: ParallelGCFailedAllocation (Allocation Failure) done
Event: 199.971 Executing VM operation: ParallelGCFailedAllocation (Allocation Failure)
Event: 199.972 Executing VM operation: ParallelGCFailedAllocation (Allocation Failure) done
Event: 200.006 Executing VM operation: ParallelGCFailedAllocation (Allocation Failure)
Event: 200.008 Executing VM operation: ParallelGCFailedAllocation (Allocation Failure) done
Event: 200.050 Executing VM operation: ParallelGCFailedAllocation (Allocation Failure)
Event: 200.052 Executing VM operation: ParallelGCFailedAllocation (Allocation Failure) done
Event: 200.088 Executing VM operation: ParallelGCFailedAllocation (Allocation Failure)
Event: 200.089 Executing VM operation: ParallelGCFailedAllocation (Allocation Failure) done
Event: 200.120 Executing VM operation: ParallelGCFailedAllocation (Allocation Failure)
Event: 201.126 Executing VM operation: ParallelGCFailedAllocation (Allocation Failure) done
Event: 201.296 Executing VM operation: ParallelGCFailedAllocation (Allocation Failure)
Event: 201.299 Executing VM operation: ParallelGCFailedAllocation (Allocation Failure) done
Event: 202.312 Executing VM operation: Cleanup
Event: 202.312 Executing VM operation: Cleanup done

Memory protections (0 events):
No events

Nmethod flushes (20 events):
Event: 10.728 Thread 0x000001ab0582ea70 flushing osr nmethod 0x000001ab09225210
Event: 10.728 Thread 0x000001ab0582ea70 flushing  nmethod 0x000001ab0923b890
Event: 10.728 Thread 0x000001ab0582ea70 flushing  nmethod 0x000001ab0924c010
Event: 10.728 Thread 0x000001ab0582ea70 flushing  nmethod 0x000001ab09254a90
Event: 10.728 Thread 0x000001ab0582ea70 flushing  nmethod 0x000001ab09255410
Event: 10.728 Thread 0x000001ab0582ea70 flushing  nmethod 0x000001ab0925d310
Event: 10.728 Thread 0x000001ab0582ea70 flushing  nmethod 0x000001ab0925d690
Event: 10.728 Thread 0x000001ab0582ea70 flushing  nmethod 0x000001ab09263290
Event: 10.728 Thread 0x000001ab0582ea70 flushing  nmethod 0x000001ab0926dc10
Event: 10.728 Thread 0x000001ab0582ea70 flushing  nmethod 0x000001ab0928c390
Event: 10.728 Thread 0x000001ab0582ea70 flushing  nmethod 0x000001ab09294e10
Event: 10.728 Thread 0x000001ab0582ea70 flushing  nmethod 0x000001ab09295410
Event: 10.728 Thread 0x000001ab0582ea70 flushing  nmethod 0x000001ab09295c90
Event: 10.728 Thread 0x000001ab0582ea70 flushing  nmethod 0x000001ab09297c10
Event: 10.728 Thread 0x000001ab0582ea70 flushing  nmethod 0x000001ab092db890
Event: 10.728 Thread 0x000001ab0582ea70 flushing  nmethod 0x000001ab092dbe10
Event: 10.728 Thread 0x000001ab0582ea70 flushing  nmethod 0x000001ab092f4310
Event: 10.728 Thread 0x000001ab0582ea70 flushing  nmethod 0x000001ab09304d90
Event: 10.728 Thread 0x000001ab0582ea70 flushing  nmethod 0x000001ab0931a690
Event: 10.728 Thread 0x000001ab0582ea70 flushing  nmethod 0x000001ab09330690

Events (20 events):
Event: 77.362 Thread 0x000001ab5fc30c00 Thread exited: 0x000001ab5fc30c00
Event: 79.062 Thread 0x000001ab67993d40 Thread exited: 0x000001ab67993d40
Event: 96.040 Thread 0x000001ab5f234eb0 Thread added: 0x000001ab6817b380
Event: 102.981 Thread 0x000001ab6817b380 Thread exited: 0x000001ab6817b380
Event: 110.187 Thread 0x000001ab5f234eb0 Thread added: 0x000001ab68179840
Event: 110.302 Thread 0x000001ab68179840 Thread exited: 0x000001ab68179840
Event: 110.472 Thread 0x000001ab5f240590 Thread added: 0x000001ab68179f10
Event: 110.523 Thread 0x000001ab5fc31290 Thread added: 0x000001ab70d8fa40
Event: 112.370 Thread 0x000001ab68179f10 Thread exited: 0x000001ab68179f10
Event: 112.573 Thread 0x000001ab5f234eb0 Thread added: 0x000001ab6817a5e0
Event: 113.664 Thread 0x000001ab6817a5e0 Thread exited: 0x000001ab6817a5e0
Event: 113.975 Thread 0x000001ab5f240590 Thread added: 0x000001ab6817c7f0
Event: 114.758 Thread 0x000001ab6817c7f0 Thread exited: 0x000001ab6817c7f0
Event: 114.848 Thread 0x000001ab5f240590 Thread added: 0x000001ab68179f10
Event: 119.918 Thread 0x000001ab68179f10 Thread exited: 0x000001ab68179f10
Event: 130.449 Thread 0x000001ab66403950 Thread exited: 0x000001ab66403950
Event: 174.422 Thread 0x000001ab66401880 Thread exited: 0x000001ab66401880
Event: 174.897 Thread 0x000001ab5fc32cd0 Thread exited: 0x000001ab5fc32cd0
Event: 190.465 Thread 0x000001ab66405390 Thread exited: 0x000001ab66405390
Event: 195.430 Thread 0x000001ab70d8fa40 Thread added: 0x000001ab70d93550


Dynamic libraries:
0x00007ff635540000 - 0x00007ff63554e000 	c:\Users\ACER\.vscode\extensions\redhat.java-1.45.0-win32-x64\jre\21.0.8-win32-x86_64\bin\java.exe
0x00007ffd464c0000 - 0x00007ffd46729000 	C:\WINDOWS\SYSTEM32\ntdll.dll
0x00007ffd44e10000 - 0x00007ffd44ed9000 	C:\WINDOWS\System32\KERNEL32.DLL
0x00007ffd43bc0000 - 0x00007ffd43fb3000 	C:\WINDOWS\System32\KERNELBASE.dll
0x00007ffd437b0000 - 0x00007ffd438fb000 	C:\WINDOWS\System32\ucrtbase.dll
0x00007ffd118a0000 - 0x00007ffd118b8000 	c:\Users\ACER\.vscode\extensions\redhat.java-1.45.0-win32-x64\jre\21.0.8-win32-x86_64\bin\jli.dll
0x00007ffd45160000 - 0x00007ffd45324000 	C:\WINDOWS\System32\USER32.dll
0x00007ffd440f0000 - 0x00007ffd44117000 	C:\WINDOWS\System32\win32u.dll
0x00007ffd45590000 - 0x00007ffd455bb000 	C:\WINDOWS\System32\GDI32.dll
0x00007ffd43fc0000 - 0x00007ffd440ed000 	C:\WINDOWS\System32\gdi32full.dll
0x00007ffd43900000 - 0x00007ffd439a3000 	C:\WINDOWS\System32\msvcp_win.dll
0x00007ffd24580000 - 0x00007ffd24813000 	C:\WINDOWS\WinSxS\amd64_microsoft.windows.common-controls_6595b64144ccf1df_6.0.26100.5074_none_3e0d6f78e32fd63f\COMCTL32.dll
0x00007ffd46000000 - 0x00007ffd460a9000 	C:\WINDOWS\System32\msvcrt.dll
0x00007ffd3b7b0000 - 0x00007ffd3b7ce000 	c:\Users\ACER\.vscode\extensions\redhat.java-1.45.0-win32-x64\jre\21.0.8-win32-x86_64\bin\VCRUNTIME140.dll
0x00007ffd455d0000 - 0x00007ffd455ff000 	C:\WINDOWS\System32\IMM32.DLL
0x00007ffd3b8e0000 - 0x00007ffd3b8ec000 	c:\Users\ACER\.vscode\extensions\redhat.java-1.45.0-win32-x64\jre\21.0.8-win32-x86_64\bin\vcruntime140_1.dll
0x00007ffcd3d80000 - 0x00007ffcd3e0d000 	c:\Users\ACER\.vscode\extensions\redhat.java-1.45.0-win32-x64\jre\21.0.8-win32-x86_64\bin\msvcp140.dll
0x00007ffcb8d00000 - 0x00007ffcb9a97000 	c:\Users\ACER\.vscode\extensions\redhat.java-1.45.0-win32-x64\jre\21.0.8-win32-x86_64\bin\server\jvm.dll
0x00007ffd444b0000 - 0x00007ffd44564000 	C:\WINDOWS\System32\ADVAPI32.dll
0x00007ffd44c80000 - 0x00007ffd44d26000 	C:\WINDOWS\System32\sechost.dll
0x00007ffd44390000 - 0x00007ffd444a8000 	C:\WINDOWS\System32\RPCRT4.dll
0x00007ffd456f0000 - 0x00007ffd45764000 	C:\WINDOWS\System32\WS2_32.dll
0x00007ffd39ef0000 - 0x00007ffd39efb000 	C:\WINDOWS\SYSTEM32\VERSION.dll
0x00007ffd42290000 - 0x00007ffd422ee000 	C:\WINDOWS\SYSTEM32\POWRPROF.dll
0x00007ffd37100000 - 0x00007ffd37135000 	C:\WINDOWS\SYSTEM32\WINMM.dll
0x00007ffd42270000 - 0x00007ffd42284000 	C:\WINDOWS\SYSTEM32\UMPDC.dll
0x00007ffd42550000 - 0x00007ffd4256b000 	C:\WINDOWS\SYSTEM32\kernel.appcore.dll
0x00007ffd2e8d0000 - 0x00007ffd2e8da000 	c:\Users\ACER\.vscode\extensions\redhat.java-1.45.0-win32-x64\jre\21.0.8-win32-x86_64\bin\jimage.dll
0x00007ffd40ed0000 - 0x00007ffd41112000 	C:\WINDOWS\SYSTEM32\DBGHELP.DLL
0x00007ffd460b0000 - 0x00007ffd4642b000 	C:\WINDOWS\System32\combase.dll
0x00007ffd45610000 - 0x00007ffd456e7000 	C:\WINDOWS\System32\OLEAUT32.dll
0x00007ffd0d490000 - 0x00007ffd0d4cd000 	C:\WINDOWS\SYSTEM32\dbgcore.DLL
0x00007ffd43650000 - 0x00007ffd436e9000 	C:\WINDOWS\System32\bcryptPrimitives.dll
0x00007ffd2b740000 - 0x00007ffd2b74f000 	c:\Users\ACER\.vscode\extensions\redhat.java-1.45.0-win32-x64\jre\21.0.8-win32-x86_64\bin\instrument.dll
0x00007ffd0d840000 - 0x00007ffd0d85f000 	c:\Users\ACER\.vscode\extensions\redhat.java-1.45.0-win32-x64\jre\21.0.8-win32-x86_64\bin\java.dll
0x00007ffd45770000 - 0x00007ffd45ebd000 	C:\WINDOWS\System32\SHELL32.dll
0x00007ffd44120000 - 0x00007ffd4428c000 	C:\WINDOWS\System32\wintypes.dll
0x00007ffd412c0000 - 0x00007ffd41b19000 	C:\WINDOWS\SYSTEM32\windows.storage.dll
0x00007ffd44ee0000 - 0x00007ffd44fd0000 	C:\WINDOWS\System32\SHCORE.dll
0x00007ffd44570000 - 0x00007ffd445d2000 	C:\WINDOWS\System32\shlwapi.dll
0x00007ffd43570000 - 0x00007ffd43599000 	C:\WINDOWS\SYSTEM32\profapi.dll
0x00007ffd0d820000 - 0x00007ffd0d838000 	c:\Users\ACER\.vscode\extensions\redhat.java-1.45.0-win32-x64\jre\21.0.8-win32-x86_64\bin\zip.dll
0x00007ffd29980000 - 0x00007ffd29990000 	C:\Users\ACER\.vscode\extensions\redhat.java-1.45.0-win32-x64\jre\21.0.8-win32-x86_64\bin\net.dll
0x00007ffd39c50000 - 0x00007ffd39d6f000 	C:\WINDOWS\SYSTEM32\WINHTTP.dll
0x00007ffd42ad0000 - 0x00007ffd42b3b000 	C:\WINDOWS\system32\mswsock.dll
0x00007ffd0d3a0000 - 0x00007ffd0d3b6000 	C:\Users\ACER\.vscode\extensions\redhat.java-1.45.0-win32-x64\jre\21.0.8-win32-x86_64\bin\nio.dll
0x00007ffd29370000 - 0x00007ffd29380000 	c:\Users\ACER\.vscode\extensions\redhat.java-1.45.0-win32-x64\jre\21.0.8-win32-x86_64\bin\verify.dll
0x00007ffcdc870000 - 0x00007ffcdc8b4000 	C:\Users\ACER\AppData\Roaming\Code\User\globalStorage\redhat.java\1.45.0\config_win\org.eclipse.equinox.launcher\org.eclipse.equinox.launcher.win32.win32.x86_64_1.2.1400.v20250801-0854\eclipse_11916.dll
0x00007ffd44a80000 - 0x00007ffd44c18000 	C:\WINDOWS\System32\ole32.dll
0x00007ffd42d70000 - 0x00007ffd42d8b000 	C:\WINDOWS\SYSTEM32\CRYPTSP.dll
0x00007ffd424b0000 - 0x00007ffd424eb000 	C:\WINDOWS\system32\rsaenh.dll
0x00007ffd42b70000 - 0x00007ffd42b9b000 	C:\WINDOWS\SYSTEM32\USERENV.dll
0x00007ffd43540000 - 0x00007ffd43566000 	C:\WINDOWS\SYSTEM32\bcrypt.dll
0x00007ffd42d90000 - 0x00007ffd42d9c000 	C:\WINDOWS\SYSTEM32\CRYPTBASE.dll
0x00007ffd41ec0000 - 0x00007ffd41ef4000 	C:\WINDOWS\SYSTEM32\IPHLPAPI.DLL
0x00007ffd455c0000 - 0x00007ffd455ca000 	C:\WINDOWS\System32\NSI.dll
0x00007ffd30360000 - 0x00007ffd303a9000 	C:\Users\ACER\AppData\Local\Temp\jna-2003023\jna9838936915990068361.dll
0x00007ffd44e00000 - 0x00007ffd44e08000 	C:\WINDOWS\System32\PSAPI.DLL
0x00007ffd39f30000 - 0x00007ffd39f4e000 	C:\WINDOWS\SYSTEM32\dhcpcsvc6.DLL
0x00007ffd39f00000 - 0x00007ffd39f23000 	C:\WINDOWS\SYSTEM32\dhcpcsvc.DLL

JVMTI agents:
c:\Users\ACER\.vscode\extensions\redhat.java-1.45.0-win32-x64\lombok\lombok-1.18.39-4050.jar path:c:\Users\ACER\.vscode\extensions\redhat.java-1.45.0-win32-x64\jre\21.0.8-win32-x86_64\bin\instrument.dll, loaded, initialized, instrumentlib options:none

dbghelp: loaded successfully - version: 4.0.5 - missing functions: none
symbol engine: initialized successfully - sym options: 0x614 - pdb path: .;c:\Users\ACER\.vscode\extensions\redhat.java-1.45.0-win32-x64\jre\21.0.8-win32-x86_64\bin;C:\WINDOWS\SYSTEM32;C:\WINDOWS\WinSxS\amd64_microsoft.windows.common-controls_6595b64144ccf1df_6.0.26100.5074_none_3e0d6f78e32fd63f;c:\Users\ACER\.vscode\extensions\redhat.java-1.45.0-win32-x64\jre\21.0.8-win32-x86_64\bin\server;C:\Users\ACER\AppData\Roaming\Code\User\globalStorage\redhat.java\1.45.0\config_win\org.eclipse.equinox.launcher\org.eclipse.equinox.launcher.win32.win32.x86_64_1.2.1400.v20250801-0854;C:\Users\ACER\AppData\Local\Temp\jna-2003023

VM Arguments:
jvm_args: --add-modules=ALL-SYSTEM --add-opens=java.base/java.util=ALL-UNNAMED --add-opens=java.base/java.lang=ALL-UNNAMED --add-opens=java.base/sun.nio.fs=ALL-UNNAMED -Declipse.application=org.eclipse.jdt.ls.core.id1 -Dosgi.bundles.defaultStartLevel=4 -Declipse.product=org.eclipse.jdt.ls.core.product -Djava.import.generatesMetadataFilesAtProjectRoot=false -DDetectVMInstallationsJob.disabled=true -Dfile.encoding=utf8 -XX:+UseParallelGC -XX:GCTimeRatio=4 -XX:AdaptiveSizePolicyWeight=90 -Dsun.zip.disableMemoryMapping=true -Xmx2G -Xms100m -Xlog:disable -javaagent:c:\Users\ACER\.vscode\extensions\redhat.java-1.45.0-win32-x64\lombok\lombok-1.18.39-4050.jar -XX:+HeapDumpOnOutOfMemoryError -XX:HeapDumpPath=c:\Users\ACER\AppData\Roaming\Code\User\workspaceStorage\b0f31483883f54dd97c72456ba30699a\redhat.java -Daether.dependencyCollector.impl=bf 
java_command: c:\Users\ACER\.vscode\extensions\redhat.java-1.45.0-win32-x64\server\plugins\org.eclipse.equinox.launcher_1.7.0.v20250519-0528.jar -configuration c:\Users\ACER\AppData\Roaming\Code\User\globalStorage\redhat.java\1.45.0\config_win -data c:\Users\ACER\AppData\Roaming\Code\User\workspaceStorage\b0f31483883f54dd97c72456ba30699a\redhat.java\jdt_ws --pipe=\\.\pipe\lsp-d21b5a99f0a350fcf517c5cce87e5a56-sock
java_class_path (initial): c:\Users\ACER\.vscode\extensions\redhat.java-1.45.0-win32-x64\server\plugins\org.eclipse.equinox.launcher_1.7.0.v20250519-0528.jar
Launcher Type: SUN_STANDARD

[Global flags]
    uintx AdaptiveSizePolicyWeight                 = 90                                        {product} {command line}
     intx CICompilerCount                          = 4                                         {product} {ergonomic}
    uintx GCTimeRatio                              = 4                                         {product} {command line}
     bool HeapDumpOnOutOfMemoryError               = true                                   {manageable} {command line}
    ccstr HeapDumpPath                             = c:\Users\ACER\AppData\Roaming\Code\User\workspaceStorage\b0f31483883f54dd97c72456ba30699a\redhat.java         {manageable} {command line}
   size_t InitialHeapSize                          = 104857600                                 {product} {command line}
   size_t MaxHeapSize                              = 2147483648                                {product} {command line}
   size_t MaxNewSize                               = 715653120                                 {product} {ergonomic}
   size_t MinHeapDeltaBytes                        = 524288                                    {product} {ergonomic}
   size_t MinHeapSize                              = 104857600                                 {product} {command line}
   size_t NewSize                                  = 34603008                                  {product} {ergonomic}
    uintx NonNMethodCodeHeapSize                   = 5839372                                {pd product} {ergonomic}
    uintx NonProfiledCodeHeapSize                  = 122909434                              {pd product} {ergonomic}
   size_t OldSize                                  = 70254592                                  {product} {ergonomic}
    uintx ProfiledCodeHeapSize                     = 122909434                              {pd product} {ergonomic}
    uintx ReservedCodeCacheSize                    = 251658240                              {pd product} {ergonomic}
     bool SegmentedCodeCache                       = true                                      {product} {ergonomic}
   size_t SoftMaxHeapSize                          = 2147483648                             {manageable} {ergonomic}
     bool UseCompressedOops                        = true                           {product lp64_product} {ergonomic}
     bool UseLargePagesIndividualAllocation        = false                                  {pd product} {ergonomic}
     bool UseParallelGC                            = true                                      {product} {command line}

Logging:
Log output configuration:
 #0: stdout all=off uptime,level,tags foldmultilines=false
 #1: stderr all=off uptime,level,tags foldmultilines=false

Environment Variables:
PATH=C:\Program Files\NVIDIA GPU Computing Toolkit\CUDA\v12.9\bin;C:\Program Files\NVIDIA GPU Computing Toolkit\CUDA\v12.9\libnvvp;C:\Program Files (x86)\VMware\VMware Workstation\bin\;C:\Program Files\Common Files\Oracle\Java\javapath;C:\Windows\system32;C:\Windows;C:\Windows\System32\Wbem;C:\Windows\System32\WindowsPowerShell\v1.0\;C:\Windows\System32\OpenSSH\;C:\Program Files (x86)\NVIDIA Corporation\PhysX\Common;C:\Program Files\Git\cmd;C:\Program Files\PuTTY\;C:\Program Files\nodejs\;C:\ProgramData\ComposerSetup\bin;C:\Users\ACER\AppData\Local\Programs\Python\Python313;C:\Users\ACER\AppData\Local\Programs\Python\Python313\Scripts;C:\xampp_new\php;C:\ProgramData\chocolatey\bin;C:\Program Files\NVIDIA Corporation\Nsight Compute 2025.2.1\;C:\Program Files\NVIDIA Corporation\NVIDIA App\NvDLISR;C:\WINDOWS\system32;C:\WINDOWS;C:\WINDOWS\System32\Wbem;C:\WINDOWS\System32\WindowsPowerShell\v1.0\;C:\WINDOWS\System32\OpenSSH\;C:\Users\ACER\AppData\Local\Android\Sdk\platform-tools;C:\Program Files (x86)\WebDriver;;C:\Program Files\Docker\Docker\resources\bin;C:\Program Files\RabbitMQ Server\rabbitmq_server-4.1.4\sbin;C:\Users\ACER\AppData\Local\Programs\Python\Python313\;C:\Users\ACER\AppData\Local\Microsoft\WindowsApps;C:\Users\ACER\AppData\Local\Programs\Microsoft VS Code\bin;C:\flutter\bin;C:\Users\ACER\AppData\Roaming\npm;C:\Users\ACER\AppData\Roaming\Composer\vendor\bin;C:\Users\ACER\AppData\Local\spicetify;C:\Users\ACER\AppData\Local\Microsoft\WindowsApps;C:\Users\ACER\AppData\Local\Android\Sdk\platform-tools;
USERNAME=ACER
OS=Windows_NT
PROCESSOR_IDENTIFIER=Intel64 Family 6 Model 186 Stepping 2, GenuineIntel
TMP=C:\Users\ACER\AppData\Local\Temp
TEMP=C:\Users\ACER\AppData\Local\Temp




Periodic native trim disabled

---------------  S Y S T E M  ---------------

OS:
 Windows 11 , 64 bit Build 26100 (10.0.26100.5074)
OS uptime: 1 days 6:41 hours
Hyper-V role detected

CPU: total 12 (initial active 12) (6 cores per cpu, 2 threads per core) family 6 model 186 stepping 2 microcode 0x5103, cx8, cmov, fxsr, ht, mmx, 3dnowpref, sse, sse2, sse3, ssse3, sse4.1, sse4.2, popcnt, lzcnt, tsc, tscinvbit, avx, avx2, aes, erms, clmul, bmi1, bmi2, adx, sha, fma, vzeroupper, clflush, clflushopt, clwb, hv, serialize, rdtscp, rdpid, fsrm, f16c, cet_ibt, cet_ss
Processor Information for processor 0
  Max Mhz: 2100, Current Mhz: 2100, Mhz Limit: 2100
Processor Information for processor 1
  Max Mhz: 2100, Current Mhz: 2100, Mhz Limit: 2100
Processor Information for processor 2
  Max Mhz: 2100, Current Mhz: 2100, Mhz Limit: 2100
Processor Information for processor 3
  Max Mhz: 2100, Current Mhz: 2100, Mhz Limit: 2100
Processor Information for processor 4
  Max Mhz: 2100, Current Mhz: 2100, Mhz Limit: 2100
Processor Information for processor 5
  Max Mhz: 2100, Current Mhz: 2100, Mhz Limit: 2100
Processor Information for processor 6
  Max Mhz: 2100, Current Mhz: 2100, Mhz Limit: 2100
Processor Information for processor 7
  Max Mhz: 2100, Current Mhz: 2100, Mhz Limit: 2100
Processor Information for processor 8
  Max Mhz: 2100, Current Mhz: 1540, Mhz Limit: 2100
Processor Information for processor 9
  Max Mhz: 2100, Current Mhz: 1540, Mhz Limit: 2100
Processor Information for processor 10
  Max Mhz: 2100, Current Mhz: 2100, Mhz Limit: 2100
Processor Information for processor 11
  Max Mhz: 2100, Current Mhz: 1540, Mhz Limit: 2100

Memory: 4k page, system-wide physical 7895M (349M free)
TotalPageFile size 27340M (AvailPageFile size 13M)
current process WorkingSet (physical memory assigned to process): 151M, peak: 429M
current process commit charge ("private bytes"): 609M, peak: 651M

vm_info: OpenJDK 64-Bit Server VM (21.0.8+9-LTS) for windows-amd64 JRE (21.0.8+9-LTS), built on 2025-07-15T00:00:00Z by "admin" with MS VC++ 17.7 (VS2022)

END.
